INFO: [VRFC 10-163] Analyzing VHDL file "/home/rhachemi/GitHub/ProjetSystemeInfo/Microcontroleur/microcontroleur.srcs/sources_1/new/UAL.vhd" into library xil_defaultlib
INFO: [VRFC 10-307] analyzing entity UAL
INFO: [VRFC 10-163] Analyzing VHDL file "/home/rhachemi/GitHub/ProjetSystemeInfo/Microcontroleur/microcontroleur.srcs/sources_1/new/Test_UAL.vhd" into library xil_defaultlib
INFO: [VRFC 10-307] analyzing entity Test_UAL
INFO: [VRFC 10-163] Analyzing VHDL file "/home/rhachemi/GitHub/ProjetSystemeInfo/Microcontroleur/microcontroleur.srcs/sources_1/new/Test_UAL.vhd" into library xil_defaultlib
INFO: [VRFC 10-307] analyzing entity Test_UAL
INFO: [VRFC 10-163] Analyzing VHDL file "/home/rhachemi/GitHub/ProjetSystemeInfo/Microcontroleur/microcontroleur.srcs/sources_1/new/UAL.vhd" into library xil_defaultlib
INFO: [VRFC 10-307] analyzing entity UAL
INFO: [VRFC 10-163] Analyzing VHDL file "/home/rhachemi/GitHub/ProjetSystemeInfo/Microcontroleur/microcontroleur.srcs/sources_1/new/Test_UAL.vhd" into library xil_defaultlib
INFO: [VRFC 10-307] analyzing entity Test_UAL
INFO: [VRFC 10-163] Analyzing VHDL file "/home/rhachemi/GitHub/ProjetSystemeInfo/Microcontroleur/microcontroleur.srcs/sources_1/new/UAL.vhd" into library xil_defaultlib
INFO: [VRFC 10-307] analyzing entity UAL
INFO: [VRFC 10-163] Analyzing VHDL file "/home/rhachemi/GitHub/ProjetSystemeInfo/Microcontroleur/microcontroleur.srcs/sources_1/new/Test_UAL.vhd" into library xil_defaultlib
INFO: [VRFC 10-307] analyzing entity Test_UAL
INFO: [VRFC 10-163] Analyzing VHDL file "/home/rhachemi/GitHub/ProjetSystemeInfo/Microcontroleur/microcontroleur.srcs/sources_1/new/Test_UAL.vhd" into library xil_defaultlib
INFO: [VRFC 10-307] analyzing entity Test_UAL
INFO: [VRFC 10-163] Analyzing VHDL file "/home/rhachemi/GitHub/ProjetSystemeInfo/Microcontroleur/microcontroleur.srcs/sources_1/new/Test_UAL.vhd" into library xil_defaultlib
INFO: [VRFC 10-307] analyzing entity Test_UAL
INFO: [VRFC 10-163] Analyzing VHDL file "/home/rhachemi/GitHub/ProjetSystemeInfo/Microcontroleur/microcontroleur.srcs/sources_1/new/UAL.vhd" into library xil_defaultlib
INFO: [VRFC 10-307] analyzing entity UAL
ERROR: [VRFC 10-1412] syntax error near else [/home/rhachemi/GitHub/ProjetSystemeInfo/Microcontroleur/microcontroleur.srcs/sources_1/new/UAL.vhd:74]
ERROR: [VRFC 10-1504] unit behavioral ignored due to previous errors [/home/rhachemi/GitHub/ProjetSystemeInfo/Microcontroleur/microcontroleur.srcs/sources_1/new/UAL.vhd:46]
INFO: [VRFC 10-240] VHDL file /home/rhachemi/GitHub/ProjetSystemeInfo/Microcontroleur/microcontroleur.srcs/sources_1/new/UAL.vhd ignored due to errors
INFO: [VRFC 10-163] Analyzing VHDL file "/home/rhachemi/GitHub/ProjetSystemeInfo/Microcontroleur/microcontroleur.srcs/sources_1/new/UAL.vhd" into library xil_defaultlib
INFO: [VRFC 10-307] analyzing entity UAL
INFO: [VRFC 10-163] Analyzing VHDL file "/home/rhachemi/GitHub/ProjetSystemeInfo/Microcontroleur/microcontroleur.srcs/sources_1/new/UAL.vhd" into library xil_defaultlib
INFO: [VRFC 10-307] analyzing entity UAL
INFO: [VRFC 10-163] Analyzing VHDL file "/home/rhachemi/GitHub/ProjetSystemeInfo/Microcontroleur/microcontroleur.srcs/sources_1/new/Test_UAL.vhd" into library xil_defaultlib
INFO: [VRFC 10-307] analyzing entity Test_UAL
INFO: [VRFC 10-163] Analyzing VHDL file "/home/rhachemi/GitHub/ProjetSystemeInfo/Microcontroleur/microcontroleur.srcs/sources_1/new/Test_UAL.vhd" into library xil_defaultlib
INFO: [VRFC 10-307] analyzing entity Test_UAL
INFO: [VRFC 10-163] Analyzing VHDL file "/home/rhachemi/GitHub/ProjetSystemeInfo/Microcontroleur/microcontroleur.srcs/sources_1/new/Test_UAL.vhd" into library xil_defaultlib
INFO: [VRFC 10-307] analyzing entity Test_UAL
INFO: [VRFC 10-163] Analyzing VHDL file "/home/rhachemi/GitHub/ProjetSystemeInfo/Microcontroleur/microcontroleur.srcs/sources_1/new/Test_UAL.vhd" into library xil_defaultlib
INFO: [VRFC 10-307] analyzing entity Test_UAL
INFO: [VRFC 10-163] Analyzing VHDL file "/home/rhachemi/GitHub/ProjetSystemeInfo/Microcontroleur/microcontroleur.srcs/sources_1/new/Test_UAL.vhd" into library xil_defaultlib
INFO: [VRFC 10-307] analyzing entity Test_UAL
INFO: [VRFC 10-163] Analyzing VHDL file "/home/rhachemi/GitHub/ProjetSystemeInfo/Microcontroleur/microcontroleur.srcs/sources_1/new/Test_UAL.vhd" into library xil_defaultlib
INFO: [VRFC 10-307] analyzing entity Test_UAL
INFO: [VRFC 10-163] Analyzing VHDL file "/home/rhachemi/GitHub/ProjetSystemeInfo/Microcontroleur/microcontroleur.srcs/sources_1/new/Test_UAL.vhd" into library xil_defaultlib
INFO: [VRFC 10-307] analyzing entity Test_UAL
