Vivado Simulator 2018.2
Time resolution is 1 ps
Stopped at time : 0 fs : File "/home/rhachemi/GitHub/ProjetSystemeInfo/Microcontroleur/microcontroleur.srcs/sources_1/new/CheminDeDonnees.vhd" Line 179
Stopped at time : 0 fs : File "/home/rhachemi/GitHub/ProjetSystemeInfo/Microcontroleur/microcontroleur.srcs/sources_1/new/CheminDeDonnees.vhd" Line 179
Stopped at time : 0 fs : File "/home/rhachemi/GitHub/ProjetSystemeInfo/Microcontroleur/microcontroleur.srcs/sources_1/new/CheminDeDonnees.vhd" Line 179
Stopped at time : 5 ns : File "/home/rhachemi/GitHub/ProjetSystemeInfo/Microcontroleur/microcontroleur.srcs/sources_1/new/CheminDeDonnees.vhd" Line 179
Stopped at time : 10 ns : File "/home/rhachemi/GitHub/ProjetSystemeInfo/Microcontroleur/microcontroleur.srcs/sources_1/new/CheminDeDonnees.vhd" Line 179
Stopped at time : 15 ns : File "/home/rhachemi/GitHub/ProjetSystemeInfo/Microcontroleur/microcontroleur.srcs/sources_1/new/CheminDeDonnees.vhd" Line 179
Stopped at time : 20 ns : File "/home/rhachemi/GitHub/ProjetSystemeInfo/Microcontroleur/microcontroleur.srcs/sources_1/new/CheminDeDonnees.vhd" Line 179
Stopped at time : 25 ns : File "/home/rhachemi/GitHub/ProjetSystemeInfo/Microcontroleur/microcontroleur.srcs/sources_1/new/CheminDeDonnees.vhd" Line 179
Stopped at time : 30 ns : File "/home/rhachemi/GitHub/ProjetSystemeInfo/Microcontroleur/microcontroleur.srcs/sources_1/new/CheminDeDonnees.vhd" Line 179
Stopped at time : 35 ns : File "/home/rhachemi/GitHub/ProjetSystemeInfo/Microcontroleur/microcontroleur.srcs/sources_1/new/CheminDeDonnees.vhd" Line 179
Stopped at time : 40 ns : File "/home/rhachemi/GitHub/ProjetSystemeInfo/Microcontroleur/microcontroleur.srcs/sources_1/new/CheminDeDonnees.vhd" Line 179
Stopped at time : 45 ns : File "/home/rhachemi/GitHub/ProjetSystemeInfo/Microcontroleur/microcontroleur.srcs/sources_1/new/CheminDeDonnees.vhd" Line 179
Stopped at time : 50 ns : File "/home/rhachemi/GitHub/ProjetSystemeInfo/Microcontroleur/microcontroleur.srcs/sources_1/new/CheminDeDonnees.vhd" Line 179
Stopped at time : 55 ns : File "/home/rhachemi/GitHub/ProjetSystemeInfo/Microcontroleur/microcontroleur.srcs/sources_1/new/CheminDeDonnees.vhd" Line 179
Stopped at time : 60 ns : File "/home/rhachemi/GitHub/ProjetSystemeInfo/Microcontroleur/microcontroleur.srcs/sources_1/new/CheminDeDonnees.vhd" Line 179
Stopped at time : 65 ns : File "/home/rhachemi/GitHub/ProjetSystemeInfo/Microcontroleur/microcontroleur.srcs/sources_1/new/CheminDeDonnees.vhd" Line 179
Stopped at time : 70 ns : File "/home/rhachemi/GitHub/ProjetSystemeInfo/Microcontroleur/microcontroleur.srcs/sources_1/new/CheminDeDonnees.vhd" Line 179
Stopped at time : 75 ns : File "/home/rhachemi/GitHub/ProjetSystemeInfo/Microcontroleur/microcontroleur.srcs/sources_1/new/CheminDeDonnees.vhd" Line 179
Stopped at time : 80 ns : File "/home/rhachemi/GitHub/ProjetSystemeInfo/Microcontroleur/microcontroleur.srcs/sources_1/new/CheminDeDonnees.vhd" Line 179
Stopped at time : 85 ns : File "/home/rhachemi/GitHub/ProjetSystemeInfo/Microcontroleur/microcontroleur.srcs/sources_1/new/CheminDeDonnees.vhd" Line 179
Stopped at time : 90 ns : File "/home/rhachemi/GitHub/ProjetSystemeInfo/Microcontroleur/microcontroleur.srcs/sources_1/new/CheminDeDonnees.vhd" Line 179
Stopped at time : 95 ns : File "/home/rhachemi/GitHub/ProjetSystemeInfo/Microcontroleur/microcontroleur.srcs/sources_1/new/CheminDeDonnees.vhd" Line 179
Stopped at time : 100 ns : File "/home/rhachemi/GitHub/ProjetSystemeInfo/Microcontroleur/microcontroleur.srcs/sources_1/new/CheminDeDonnees.vhd" Line 179
Stopped at time : 105 ns : File "/home/rhachemi/GitHub/ProjetSystemeInfo/Microcontroleur/microcontroleur.srcs/sources_1/new/CheminDeDonnees.vhd" Line 179
Stopped at time : 110 ns : File "/home/rhachemi/GitHub/ProjetSystemeInfo/Microcontroleur/microcontroleur.srcs/sources_1/new/CheminDeDonnees.vhd" Line 179
Stopped at time : 115 ns : File "/home/rhachemi/GitHub/ProjetSystemeInfo/Microcontroleur/microcontroleur.srcs/sources_1/new/CheminDeDonnees.vhd" Line 179
Stopped at time : 120 ns : File "/home/rhachemi/GitHub/ProjetSystemeInfo/Microcontroleur/microcontroleur.srcs/sources_1/new/CheminDeDonnees.vhd" Line 179
Stopped at time : 125 ns : File "/home/rhachemi/GitHub/ProjetSystemeInfo/Microcontroleur/microcontroleur.srcs/sources_1/new/CheminDeDonnees.vhd" Line 179
Stopped at time : 130 ns : File "/home/rhachemi/GitHub/ProjetSystemeInfo/Microcontroleur/microcontroleur.srcs/sources_1/new/CheminDeDonnees.vhd" Line 179
Stopped at time : 135 ns : File "/home/rhachemi/GitHub/ProjetSystemeInfo/Microcontroleur/microcontroleur.srcs/sources_1/new/CheminDeDonnees.vhd" Line 179
Stopped at time : 140 ns : File "/home/rhachemi/GitHub/ProjetSystemeInfo/Microcontroleur/microcontroleur.srcs/sources_1/new/CheminDeDonnees.vhd" Line 179
Stopped at time : 145 ns : File "/home/rhachemi/GitHub/ProjetSystemeInfo/Microcontroleur/microcontroleur.srcs/sources_1/new/CheminDeDonnees.vhd" Line 179
Stopped at time : 150 ns : File "/home/rhachemi/GitHub/ProjetSystemeInfo/Microcontroleur/microcontroleur.srcs/sources_1/new/CheminDeDonnees.vhd" Line 179
Stopped at time : 155 ns : File "/home/rhachemi/GitHub/ProjetSystemeInfo/Microcontroleur/microcontroleur.srcs/sources_1/new/CheminDeDonnees.vhd" Line 179
Stopped at time : 160 ns : File "/home/rhachemi/GitHub/ProjetSystemeInfo/Microcontroleur/microcontroleur.srcs/sources_1/new/CheminDeDonnees.vhd" Line 179
Stopped at time : 165 ns : File "/home/rhachemi/GitHub/ProjetSystemeInfo/Microcontroleur/microcontroleur.srcs/sources_1/new/CheminDeDonnees.vhd" Line 179
Stopped at time : 170 ns : File "/home/rhachemi/GitHub/ProjetSystemeInfo/Microcontroleur/microcontroleur.srcs/sources_1/new/CheminDeDonnees.vhd" Line 179
Stopped at time : 175 ns : File "/home/rhachemi/GitHub/ProjetSystemeInfo/Microcontroleur/microcontroleur.srcs/sources_1/new/CheminDeDonnees.vhd" Line 179
Stopped at time : 180 ns : File "/home/rhachemi/GitHub/ProjetSystemeInfo/Microcontroleur/microcontroleur.srcs/sources_1/new/CheminDeDonnees.vhd" Line 179
Stopped at time : 0 fs : File "/home/rhachemi/GitHub/ProjetSystemeInfo/Microcontroleur/microcontroleur.srcs/sources_1/new/CheminDeDonnees.vhd" Line 179
Stopped at time : 0 fs : File "/home/rhachemi/GitHub/ProjetSystemeInfo/Microcontroleur/microcontroleur.srcs/sources_1/new/CheminDeDonnees.vhd" Line 179
Stopped at time : 5 ns : File "/home/rhachemi/GitHub/ProjetSystemeInfo/Microcontroleur/microcontroleur.srcs/sources_1/new/CheminDeDonnees.vhd" Line 179
Stopped at time : 10 ns : File "/home/rhachemi/GitHub/ProjetSystemeInfo/Microcontroleur/microcontroleur.srcs/sources_1/new/CheminDeDonnees.vhd" Line 179
Stopped at time : 15 ns : File "/home/rhachemi/GitHub/ProjetSystemeInfo/Microcontroleur/microcontroleur.srcs/sources_1/new/CheminDeDonnees.vhd" Line 179
Stopped at time : 20 ns : File "/home/rhachemi/GitHub/ProjetSystemeInfo/Microcontroleur/microcontroleur.srcs/sources_1/new/CheminDeDonnees.vhd" Line 179
Stopped at time : 25 ns : File "/home/rhachemi/GitHub/ProjetSystemeInfo/Microcontroleur/microcontroleur.srcs/sources_1/new/CheminDeDonnees.vhd" Line 179
Stopped at time : 30 ns : File "/home/rhachemi/GitHub/ProjetSystemeInfo/Microcontroleur/microcontroleur.srcs/sources_1/new/CheminDeDonnees.vhd" Line 179
Stopped at time : 35 ns : File "/home/rhachemi/GitHub/ProjetSystemeInfo/Microcontroleur/microcontroleur.srcs/sources_1/new/CheminDeDonnees.vhd" Line 179
Stopped at time : 40 ns : File "/home/rhachemi/GitHub/ProjetSystemeInfo/Microcontroleur/microcontroleur.srcs/sources_1/new/CheminDeDonnees.vhd" Line 179
Stopped at time : 45 ns : File "/home/rhachemi/GitHub/ProjetSystemeInfo/Microcontroleur/microcontroleur.srcs/sources_1/new/CheminDeDonnees.vhd" Line 179
Stopped at time : 50 ns : File "/home/rhachemi/GitHub/ProjetSystemeInfo/Microcontroleur/microcontroleur.srcs/sources_1/new/CheminDeDonnees.vhd" Line 179
Stopped at time : 55 ns : File "/home/rhachemi/GitHub/ProjetSystemeInfo/Microcontroleur/microcontroleur.srcs/sources_1/new/CheminDeDonnees.vhd" Line 179
Stopped at time : 60 ns : File "/home/rhachemi/GitHub/ProjetSystemeInfo/Microcontroleur/microcontroleur.srcs/sources_1/new/CheminDeDonnees.vhd" Line 179
Stopped at time : 65 ns : File "/home/rhachemi/GitHub/ProjetSystemeInfo/Microcontroleur/microcontroleur.srcs/sources_1/new/CheminDeDonnees.vhd" Line 179
Stopped at time : 70 ns : File "/home/rhachemi/GitHub/ProjetSystemeInfo/Microcontroleur/microcontroleur.srcs/sources_1/new/CheminDeDonnees.vhd" Line 179
Stopped at time : 75 ns : File "/home/rhachemi/GitHub/ProjetSystemeInfo/Microcontroleur/microcontroleur.srcs/sources_1/new/CheminDeDonnees.vhd" Line 179
Stopped at time : 80 ns : File "/home/rhachemi/GitHub/ProjetSystemeInfo/Microcontroleur/microcontroleur.srcs/sources_1/new/CheminDeDonnees.vhd" Line 179
Stopped at time : 85 ns : File "/home/rhachemi/GitHub/ProjetSystemeInfo/Microcontroleur/microcontroleur.srcs/sources_1/new/CheminDeDonnees.vhd" Line 179
Stopped at time : 90 ns : File "/home/rhachemi/GitHub/ProjetSystemeInfo/Microcontroleur/microcontroleur.srcs/sources_1/new/CheminDeDonnees.vhd" Line 179
Stopped at time : 95 ns : File "/home/rhachemi/GitHub/ProjetSystemeInfo/Microcontroleur/microcontroleur.srcs/sources_1/new/CheminDeDonnees.vhd" Line 179
Stopped at time : 100 ns : File "/home/rhachemi/GitHub/ProjetSystemeInfo/Microcontroleur/microcontroleur.srcs/sources_1/new/CheminDeDonnees.vhd" Line 179
Stopped at time : 105 ns : File "/home/rhachemi/GitHub/ProjetSystemeInfo/Microcontroleur/microcontroleur.srcs/sources_1/new/CheminDeDonnees.vhd" Line 179
Stopped at time : 110 ns : File "/home/rhachemi/GitHub/ProjetSystemeInfo/Microcontroleur/microcontroleur.srcs/sources_1/new/CheminDeDonnees.vhd" Line 179
Stopped at time : 115 ns : File "/home/rhachemi/GitHub/ProjetSystemeInfo/Microcontroleur/microcontroleur.srcs/sources_1/new/CheminDeDonnees.vhd" Line 179
Stopped at time : 120 ns : File "/home/rhachemi/GitHub/ProjetSystemeInfo/Microcontroleur/microcontroleur.srcs/sources_1/new/CheminDeDonnees.vhd" Line 179
Stopped at time : 125 ns : File "/home/rhachemi/GitHub/ProjetSystemeInfo/Microcontroleur/microcontroleur.srcs/sources_1/new/CheminDeDonnees.vhd" Line 179
Stopped at time : 130 ns : File "/home/rhachemi/GitHub/ProjetSystemeInfo/Microcontroleur/microcontroleur.srcs/sources_1/new/CheminDeDonnees.vhd" Line 179
Stopped at time : 135 ns : File "/home/rhachemi/GitHub/ProjetSystemeInfo/Microcontroleur/microcontroleur.srcs/sources_1/new/CheminDeDonnees.vhd" Line 179
Stopped at time : 140 ns : File "/home/rhachemi/GitHub/ProjetSystemeInfo/Microcontroleur/microcontroleur.srcs/sources_1/new/CheminDeDonnees.vhd" Line 179
Stopped at time : 145 ns : File "/home/rhachemi/GitHub/ProjetSystemeInfo/Microcontroleur/microcontroleur.srcs/sources_1/new/CheminDeDonnees.vhd" Line 179
Stopped at time : 150 ns : File "/home/rhachemi/GitHub/ProjetSystemeInfo/Microcontroleur/microcontroleur.srcs/sources_1/new/CheminDeDonnees.vhd" Line 179
Stopped at time : 155 ns : File "/home/rhachemi/GitHub/ProjetSystemeInfo/Microcontroleur/microcontroleur.srcs/sources_1/new/CheminDeDonnees.vhd" Line 179
Stopped at time : 160 ns : File "/home/rhachemi/GitHub/ProjetSystemeInfo/Microcontroleur/microcontroleur.srcs/sources_1/new/CheminDeDonnees.vhd" Line 179
Stopped at time : 165 ns : File "/home/rhachemi/GitHub/ProjetSystemeInfo/Microcontroleur/microcontroleur.srcs/sources_1/new/CheminDeDonnees.vhd" Line 179
Stopped at time : 170 ns : File "/home/rhachemi/GitHub/ProjetSystemeInfo/Microcontroleur/microcontroleur.srcs/sources_1/new/CheminDeDonnees.vhd" Line 179
Stopped at time : 175 ns : File "/home/rhachemi/GitHub/ProjetSystemeInfo/Microcontroleur/microcontroleur.srcs/sources_1/new/CheminDeDonnees.vhd" Line 179
Stopped at time : 180 ns : File "/home/rhachemi/GitHub/ProjetSystemeInfo/Microcontroleur/microcontroleur.srcs/sources_1/new/CheminDeDonnees.vhd" Line 179
Stopped at time : 185 ns : File "/home/rhachemi/GitHub/ProjetSystemeInfo/Microcontroleur/microcontroleur.srcs/sources_1/new/CheminDeDonnees.vhd" Line 179
Stopped at time : 190 ns : File "/home/rhachemi/GitHub/ProjetSystemeInfo/Microcontroleur/microcontroleur.srcs/sources_1/new/CheminDeDonnees.vhd" Line 179
Stopped at time : 195 ns : File "/home/rhachemi/GitHub/ProjetSystemeInfo/Microcontroleur/microcontroleur.srcs/sources_1/new/CheminDeDonnees.vhd" Line 179
Stopped at time : 200 ns : File "/home/rhachemi/GitHub/ProjetSystemeInfo/Microcontroleur/microcontroleur.srcs/sources_1/new/CheminDeDonnees.vhd" Line 179
Stopped at time : 205 ns : File "/home/rhachemi/GitHub/ProjetSystemeInfo/Microcontroleur/microcontroleur.srcs/sources_1/new/CheminDeDonnees.vhd" Line 179
Stopped at time : 210 ns : File "/home/rhachemi/GitHub/ProjetSystemeInfo/Microcontroleur/microcontroleur.srcs/sources_1/new/CheminDeDonnees.vhd" Line 179
Stopped at time : 215 ns : File "/home/rhachemi/GitHub/ProjetSystemeInfo/Microcontroleur/microcontroleur.srcs/sources_1/new/CheminDeDonnees.vhd" Line 179
Stopped at time : 220 ns : File "/home/rhachemi/GitHub/ProjetSystemeInfo/Microcontroleur/microcontroleur.srcs/sources_1/new/CheminDeDonnees.vhd" Line 179
Stopped at time : 225 ns : File "/home/rhachemi/GitHub/ProjetSystemeInfo/Microcontroleur/microcontroleur.srcs/sources_1/new/CheminDeDonnees.vhd" Line 179
Stopped at time : 230 ns : File "/home/rhachemi/GitHub/ProjetSystemeInfo/Microcontroleur/microcontroleur.srcs/sources_1/new/CheminDeDonnees.vhd" Line 179
Stopped at time : 235 ns : File "/home/rhachemi/GitHub/ProjetSystemeInfo/Microcontroleur/microcontroleur.srcs/sources_1/new/CheminDeDonnees.vhd" Line 179
Stopped at time : 240 ns : File "/home/rhachemi/GitHub/ProjetSystemeInfo/Microcontroleur/microcontroleur.srcs/sources_1/new/CheminDeDonnees.vhd" Line 179
Stopped at time : 245 ns : File "/home/rhachemi/GitHub/ProjetSystemeInfo/Microcontroleur/microcontroleur.srcs/sources_1/new/CheminDeDonnees.vhd" Line 179
Stopped at time : 250 ns : File "/home/rhachemi/GitHub/ProjetSystemeInfo/Microcontroleur/microcontroleur.srcs/sources_1/new/CheminDeDonnees.vhd" Line 179
Stopped at time : 250 ns : File "/home/rhachemi/GitHub/ProjetSystemeInfo/Microcontroleur/microcontroleur.srcs/sources_1/new/CheminDeDonnees.vhd" Line 187
Stopped at time : 250 ns : File "/home/rhachemi/GitHub/ProjetSystemeInfo/Microcontroleur/microcontroleur.srcs/sources_1/new/CheminDeDonnees.vhd" Line 188
Stopped at time : 250 ns : File "/home/rhachemi/GitHub/ProjetSystemeInfo/Microcontroleur/microcontroleur.srcs/sources_1/new/CheminDeDonnees.vhd" Line 196
Stopped at time : 250 ns : File "/home/rhachemi/GitHub/ProjetSystemeInfo/Microcontroleur/microcontroleur.srcs/sources_1/new/CheminDeDonnees.vhd" Line 197
Stopped at time : 250 ns : File "/home/rhachemi/GitHub/ProjetSystemeInfo/Microcontroleur/microcontroleur.srcs/sources_1/new/CheminDeDonnees.vhd" Line 198
Stopped at time : 250 ns : File "/home/rhachemi/GitHub/ProjetSystemeInfo/Microcontroleur/microcontroleur.srcs/sources_1/new/CheminDeDonnees.vhd" Line 201
Stopped at time : 250 ns : File "/home/rhachemi/GitHub/ProjetSystemeInfo/Microcontroleur/microcontroleur.srcs/sources_1/new/CheminDeDonnees.vhd" Line 202
Stopped at time : 250 ns : File "/home/rhachemi/GitHub/ProjetSystemeInfo/Microcontroleur/microcontroleur.srcs/sources_1/new/CheminDeDonnees.vhd" Line 203
Stopped at time : 250 ns : File "/home/rhachemi/GitHub/ProjetSystemeInfo/Microcontroleur/microcontroleur.srcs/sources_1/new/CheminDeDonnees.vhd" Line 209
Stopped at time : 250 ns : File "/home/rhachemi/GitHub/ProjetSystemeInfo/Microcontroleur/microcontroleur.srcs/sources_1/new/CheminDeDonnees.vhd" Line 210
Stopped at time : 250 ns : File "/home/rhachemi/GitHub/ProjetSystemeInfo/Microcontroleur/microcontroleur.srcs/sources_1/new/CheminDeDonnees.vhd" Line 212
Stopped at time : 250 ns : File "/home/rhachemi/GitHub/ProjetSystemeInfo/Microcontroleur/microcontroleur.srcs/sources_1/new/CheminDeDonnees.vhd" Line 213
Stopped at time : 250 ns : File "/home/rhachemi/GitHub/ProjetSystemeInfo/Microcontroleur/microcontroleur.srcs/sources_1/new/CheminDeDonnees.vhd" Line 219
Stopped at time : 250 ns : File "/home/rhachemi/GitHub/ProjetSystemeInfo/Microcontroleur/microcontroleur.srcs/sources_1/new/CheminDeDonnees.vhd" Line 220
Stopped at time : 250 ns : File "/home/rhachemi/GitHub/ProjetSystemeInfo/Microcontroleur/microcontroleur.srcs/sources_1/new/CheminDeDonnees.vhd" Line 221
Stopped at time : 250 ns : File "/home/rhachemi/GitHub/ProjetSystemeInfo/Microcontroleur/microcontroleur.srcs/sources_1/new/CheminDeDonnees.vhd" Line 222
Stopped at time : 250 ns : File "/home/rhachemi/GitHub/ProjetSystemeInfo/Microcontroleur/microcontroleur.srcs/sources_1/new/CheminDeDonnees.vhd" Line 225
Stopped at time : 250 ns : File "/home/rhachemi/GitHub/ProjetSystemeInfo/Microcontroleur/microcontroleur.srcs/sources_1/new/BMI.vhd" Line 50
Stopped at time : 255 ns : File "/home/rhachemi/GitHub/ProjetSystemeInfo/Microcontroleur/microcontroleur.srcs/sim_1/new/Test_CD.vhd" Line 80
Stopped at time : 0 fs : File "/home/rhachemi/GitHub/ProjetSystemeInfo/Microcontroleur/microcontroleur.srcs/sources_1/new/BMI.vhd" Line 50
Stopped at time : 0 fs : File "/home/rhachemi/GitHub/ProjetSystemeInfo/Microcontroleur/microcontroleur.srcs/sources_1/new/BMI.vhd" Line 48
Stopped at time : 0 fs : File "/home/rhachemi/GitHub/ProjetSystemeInfo/Microcontroleur/microcontroleur.srcs/sources_1/new/CheminDeDonnees.vhd" Line 179
Stopped at time : 0 fs : File "/home/rhachemi/GitHub/ProjetSystemeInfo/Microcontroleur/microcontroleur.srcs/sources_1/new/CheminDeDonnees.vhd" Line 179
Stopped at time : 0 fs : File "/home/rhachemi/GitHub/ProjetSystemeInfo/Microcontroleur/microcontroleur.srcs/sources_1/new/CheminDeDonnees.vhd" Line 187
Stopped at time : 0 fs : File "/home/rhachemi/GitHub/ProjetSystemeInfo/Microcontroleur/microcontroleur.srcs/sources_1/new/CheminDeDonnees.vhd" Line 190
Stopped at time : 0 fs : File "/home/rhachemi/GitHub/ProjetSystemeInfo/Microcontroleur/microcontroleur.srcs/sources_1/new/CheminDeDonnees.vhd" Line 196
Stopped at time : 0 fs : File "/home/rhachemi/GitHub/ProjetSystemeInfo/Microcontroleur/microcontroleur.srcs/sources_1/new/CheminDeDonnees.vhd" Line 197
Stopped at time : 0 fs : File "/home/rhachemi/GitHub/ProjetSystemeInfo/Microcontroleur/microcontroleur.srcs/sources_1/new/CheminDeDonnees.vhd" Line 198
Stopped at time : 0 fs : File "/home/rhachemi/GitHub/ProjetSystemeInfo/Microcontroleur/microcontroleur.srcs/sources_1/new/CheminDeDonnees.vhd" Line 201
Stopped at time : 0 fs : File "/home/rhachemi/GitHub/ProjetSystemeInfo/Microcontroleur/microcontroleur.srcs/sources_1/new/CheminDeDonnees.vhd" Line 202
Stopped at time : 0 fs : File "/home/rhachemi/GitHub/ProjetSystemeInfo/Microcontroleur/microcontroleur.srcs/sources_1/new/CheminDeDonnees.vhd" Line 203
Stopped at time : 0 fs : File "/home/rhachemi/GitHub/ProjetSystemeInfo/Microcontroleur/microcontroleur.srcs/sources_1/new/CheminDeDonnees.vhd" Line 209
Stopped at time : 0 fs : File "/home/rhachemi/GitHub/ProjetSystemeInfo/Microcontroleur/microcontroleur.srcs/sources_1/new/CheminDeDonnees.vhd" Line 210
Stopped at time : 0 fs : File "/home/rhachemi/GitHub/ProjetSystemeInfo/Microcontroleur/microcontroleur.srcs/sources_1/new/CheminDeDonnees.vhd" Line 212
Stopped at time : 0 fs : File "/home/rhachemi/GitHub/ProjetSystemeInfo/Microcontroleur/microcontroleur.srcs/sources_1/new/CheminDeDonnees.vhd" Line 215
Stopped at time : 0 fs : File "/home/rhachemi/GitHub/ProjetSystemeInfo/Microcontroleur/microcontroleur.srcs/sources_1/new/CheminDeDonnees.vhd" Line 219
Stopped at time : 0 fs : File "/home/rhachemi/GitHub/ProjetSystemeInfo/Microcontroleur/microcontroleur.srcs/sources_1/new/CheminDeDonnees.vhd" Line 220
Stopped at time : 0 fs : File "/home/rhachemi/GitHub/ProjetSystemeInfo/Microcontroleur/microcontroleur.srcs/sources_1/new/CheminDeDonnees.vhd" Line 221
Stopped at time : 0 fs : File "/home/rhachemi/GitHub/ProjetSystemeInfo/Microcontroleur/microcontroleur.srcs/sources_1/new/CheminDeDonnees.vhd" Line 222
Stopped at time : 0 fs : File "/home/rhachemi/GitHub/ProjetSystemeInfo/Microcontroleur/microcontroleur.srcs/sources_1/new/CheminDeDonnees.vhd" Line 225
Stopped at time : 0 fs : File "/home/rhachemi/GitHub/ProjetSystemeInfo/Microcontroleur/microcontroleur.srcs/sources_1/new/BR.vhd" Line 56
Stopped at time : 0 fs : File "/home/rhachemi/GitHub/ProjetSystemeInfo/Microcontroleur/microcontroleur.srcs/sources_1/new/BR.vhd" Line 57
Stopped at time : 0 fs : File "/home/rhachemi/GitHub/ProjetSystemeInfo/Microcontroleur/microcontroleur.srcs/sources_1/new/BMI.vhd" Line 50
Stopped at time : 0 fs : File "/home/rhachemi/GitHub/ProjetSystemeInfo/Microcontroleur/microcontroleur.srcs/sources_1/new/UAL.vhd" Line 56
Stopped at time : 0 fs : File "/home/rhachemi/GitHub/ProjetSystemeInfo/Microcontroleur/microcontroleur.srcs/sources_1/new/UAL.vhd" Line 60
Stopped at time : 0 fs : File "/home/rhachemi/GitHub/ProjetSystemeInfo/Microcontroleur/microcontroleur.srcs/sources_1/new/UAL.vhd" Line 64
Stopped at time : 5 ns : File "/home/rhachemi/GitHub/ProjetSystemeInfo/Microcontroleur/microcontroleur.srcs/sim_1/new/Test_CD.vhd" Line 80
Stopped at time : 5 ns : File "/home/rhachemi/GitHub/ProjetSystemeInfo/Microcontroleur/microcontroleur.srcs/sim_1/new/Test_CD.vhd" Line 81
Stopped at time : 5 ns : File "/home/rhachemi/GitHub/ProjetSystemeInfo/Microcontroleur/microcontroleur.srcs/sources_1/new/BR.vhd" Line 66
Stopped at time : 5 ns : File "/home/rhachemi/GitHub/ProjetSystemeInfo/Microcontroleur/microcontroleur.srcs/sources_1/new/MB.vhd" Line 59
Stopped at time : 5 ns : File "/home/rhachemi/GitHub/ProjetSystemeInfo/Microcontroleur/microcontroleur.srcs/sources_1/new/CheminDeDonnees.vhd" Line 179
Stopped at time : 10 ns : File "/home/rhachemi/GitHub/ProjetSystemeInfo/Microcontroleur/microcontroleur.srcs/sim_1/new/Test_CD.vhd" Line 80
Stopped at time : 10 ns : File "/home/rhachemi/GitHub/ProjetSystemeInfo/Microcontroleur/microcontroleur.srcs/sim_1/new/Test_CD.vhd" Line 81
Stopped at time : 10 ns : File "/home/rhachemi/GitHub/ProjetSystemeInfo/Microcontroleur/microcontroleur.srcs/sources_1/new/BR.vhd" Line 66
Stopped at time : 10 ns : File "/home/rhachemi/GitHub/ProjetSystemeInfo/Microcontroleur/microcontroleur.srcs/sources_1/new/BR.vhd" Line 67
Stopped at time : 10 ns : File "/home/rhachemi/GitHub/ProjetSystemeInfo/Microcontroleur/microcontroleur.srcs/sources_1/new/BR.vhd" Line 70
Stopped at time : 10 ns : File "/home/rhachemi/GitHub/ProjetSystemeInfo/Microcontroleur/microcontroleur.srcs/sources_1/new/MB.vhd" Line 59
Stopped at time : 10 ns : File "/home/rhachemi/GitHub/ProjetSystemeInfo/Microcontroleur/microcontroleur.srcs/sources_1/new/MB.vhd" Line 60
Stopped at time : 10 ns : File "/home/rhachemi/GitHub/ProjetSystemeInfo/Microcontroleur/microcontroleur.srcs/sources_1/new/MB.vhd" Line 63
Stopped at time : 10 ns : File "/home/rhachemi/GitHub/ProjetSystemeInfo/Microcontroleur/microcontroleur.srcs/sources_1/new/CheminDeDonnees.vhd" Line 179
Stopped at time : 10 ns : File "/home/rhachemi/GitHub/ProjetSystemeInfo/Microcontroleur/microcontroleur.srcs/sources_1/new/CheminDeDonnees.vhd" Line 187
Stopped at time : 10 ns : File "/home/rhachemi/GitHub/ProjetSystemeInfo/Microcontroleur/microcontroleur.srcs/sources_1/new/CheminDeDonnees.vhd" Line 190
Stopped at time : 0 fs : File "/home/rhachemi/GitHub/ProjetSystemeInfo/Microcontroleur/microcontroleur.srcs/sources_1/new/BMI.vhd" Line 50
Stopped at time : 0 fs : File "/home/rhachemi/GitHub/ProjetSystemeInfo/Microcontroleur/microcontroleur.srcs/sources_1/new/BMI.vhd" Line 48
Stopped at time : 0 fs : File "/home/rhachemi/GitHub/ProjetSystemeInfo/Microcontroleur/microcontroleur.srcs/sources_1/new/MB.vhd" Line 59
Stopped at time : 0 fs : File "/home/rhachemi/GitHub/ProjetSystemeInfo/Microcontroleur/microcontroleur.srcs/sources_1/new/MB.vhd" Line 54
Stopped at time : 0 fs : File "/home/rhachemi/GitHub/ProjetSystemeInfo/Microcontroleur/microcontroleur.srcs/sources_1/new/UAL.vhd" Line 74
Stopped at time : 0 fs : File "/home/rhachemi/GitHub/ProjetSystemeInfo/Microcontroleur/microcontroleur.srcs/sources_1/new/UAL.vhd" Line 69
Stopped at time : 0 fs : File "/home/rhachemi/GitHub/ProjetSystemeInfo/Microcontroleur/microcontroleur.srcs/sources_1/new/UAL.vhd" Line 65
Stopped at time : 0 fs : File "/home/rhachemi/GitHub/ProjetSystemeInfo/Microcontroleur/microcontroleur.srcs/sources_1/new/UAL.vhd" Line 64
Stopped at time : 0 fs : File "/home/rhachemi/GitHub/ProjetSystemeInfo/Microcontroleur/microcontroleur.srcs/sources_1/new/UAL.vhd" Line 61
Stopped at time : 0 fs : File "/home/rhachemi/GitHub/ProjetSystemeInfo/Microcontroleur/microcontroleur.srcs/sources_1/new/UAL.vhd" Line 60
Stopped at time : 0 fs : File "/home/rhachemi/GitHub/ProjetSystemeInfo/Microcontroleur/microcontroleur.srcs/sources_1/new/UAL.vhd" Line 57
Stopped at time : 0 fs : File "/home/rhachemi/GitHub/ProjetSystemeInfo/Microcontroleur/microcontroleur.srcs/sources_1/new/UAL.vhd" Line 56
Stopped at time : 0 fs : File "/home/rhachemi/GitHub/ProjetSystemeInfo/Microcontroleur/microcontroleur.srcs/sources_1/new/BR.vhd" Line 66
Stopped at time : 0 fs : File "/home/rhachemi/GitHub/ProjetSystemeInfo/Microcontroleur/microcontroleur.srcs/sources_1/new/BR.vhd" Line 57
Stopped at time : 0 fs : File "/home/rhachemi/GitHub/ProjetSystemeInfo/Microcontroleur/microcontroleur.srcs/sources_1/new/BR.vhd" Line 56
Stopped at time : 0 fs : File "/home/rhachemi/GitHub/ProjetSystemeInfo/Microcontroleur/microcontroleur.srcs/sources_1/new/CheminDeDonnees.vhd" Line 179
Stopped at time : 0 fs : File "/home/rhachemi/GitHub/ProjetSystemeInfo/Microcontroleur/microcontroleur.srcs/sim_1/new/Test_CD.vhd" Line 84
Stopped at time : 0 fs : File "/home/rhachemi/GitHub/ProjetSystemeInfo/Microcontroleur/microcontroleur.srcs/sim_1/new/Test_CD.vhd" Line 80
Stopped at time : 0 fs : File "/home/rhachemi/GitHub/ProjetSystemeInfo/Microcontroleur/microcontroleur.srcs/sim_1/new/Test_CD.vhd" Line 81
Stopped at time : 0 fs : File "/home/rhachemi/GitHub/ProjetSystemeInfo/Microcontroleur/microcontroleur.srcs/sources_1/new/BMI.vhd" Line 50
Stopped at time : 0 fs : File "/home/rhachemi/GitHub/ProjetSystemeInfo/Microcontroleur/microcontroleur.srcs/sources_1/new/UAL.vhd" Line 74
Stopped at time : 0 fs : File "/home/rhachemi/GitHub/ProjetSystemeInfo/Microcontroleur/microcontroleur.srcs/sources_1/new/UAL.vhd" Line 65
Stopped at time : 0 fs : File "/home/rhachemi/GitHub/ProjetSystemeInfo/Microcontroleur/microcontroleur.srcs/sources_1/new/UAL.vhd" Line 61
Stopped at time : 0 fs : File "/home/rhachemi/GitHub/ProjetSystemeInfo/Microcontroleur/microcontroleur.srcs/sources_1/new/UAL.vhd" Line 57
Stopped at time : 0 fs : File "/home/rhachemi/GitHub/ProjetSystemeInfo/Microcontroleur/microcontroleur.srcs/sources_1/new/BR.vhd" Line 66
Stopped at time : 0 fs : File "/home/rhachemi/GitHub/ProjetSystemeInfo/Microcontroleur/microcontroleur.srcs/sources_1/new/BR.vhd" Line 67
Stopped at time : 0 fs : File "/home/rhachemi/GitHub/ProjetSystemeInfo/Microcontroleur/microcontroleur.srcs/sources_1/new/BR.vhd" Line 70
Stopped at time : 0 fs : File "/home/rhachemi/GitHub/ProjetSystemeInfo/Microcontroleur/microcontroleur.srcs/sources_1/new/MB.vhd" Line 59
Stopped at time : 0 fs : File "/home/rhachemi/GitHub/ProjetSystemeInfo/Microcontroleur/microcontroleur.srcs/sources_1/new/MB.vhd" Line 60
Stopped at time : 0 fs : File "/home/rhachemi/GitHub/ProjetSystemeInfo/Microcontroleur/microcontroleur.srcs/sources_1/new/MB.vhd" Line 63
Stopped at time : 0 fs : File "/home/rhachemi/GitHub/ProjetSystemeInfo/Microcontroleur/microcontroleur.srcs/sources_1/new/CheminDeDonnees.vhd" Line 179
Stopped at time : 0 fs : File "/home/rhachemi/GitHub/ProjetSystemeInfo/Microcontroleur/microcontroleur.srcs/sources_1/new/CheminDeDonnees.vhd" Line 187
Stopped at time : 0 fs : File "/home/rhachemi/GitHub/ProjetSystemeInfo/Microcontroleur/microcontroleur.srcs/sources_1/new/CheminDeDonnees.vhd" Line 190
Stopped at time : 0 fs : File "/home/rhachemi/GitHub/ProjetSystemeInfo/Microcontroleur/microcontroleur.srcs/sources_1/new/CheminDeDonnees.vhd" Line 196
Stopped at time : 0 fs : File "/home/rhachemi/GitHub/ProjetSystemeInfo/Microcontroleur/microcontroleur.srcs/sources_1/new/CheminDeDonnees.vhd" Line 197
Stopped at time : 0 fs : File "/home/rhachemi/GitHub/ProjetSystemeInfo/Microcontroleur/microcontroleur.srcs/sources_1/new/CheminDeDonnees.vhd" Line 198
Stopped at time : 0 fs : File "/home/rhachemi/GitHub/ProjetSystemeInfo/Microcontroleur/microcontroleur.srcs/sources_1/new/CheminDeDonnees.vhd" Line 201
Stopped at time : 0 fs : File "/home/rhachemi/GitHub/ProjetSystemeInfo/Microcontroleur/microcontroleur.srcs/sources_1/new/CheminDeDonnees.vhd" Line 202
Stopped at time : 0 fs : File "/home/rhachemi/GitHub/ProjetSystemeInfo/Microcontroleur/microcontroleur.srcs/sources_1/new/CheminDeDonnees.vhd" Line 203
Stopped at time : 0 fs : File "/home/rhachemi/GitHub/ProjetSystemeInfo/Microcontroleur/microcontroleur.srcs/sources_1/new/CheminDeDonnees.vhd" Line 209
Stopped at time : 0 fs : File "/home/rhachemi/GitHub/ProjetSystemeInfo/Microcontroleur/microcontroleur.srcs/sources_1/new/CheminDeDonnees.vhd" Line 210
Stopped at time : 0 fs : File "/home/rhachemi/GitHub/ProjetSystemeInfo/Microcontroleur/microcontroleur.srcs/sources_1/new/CheminDeDonnees.vhd" Line 212
Stopped at time : 0 fs : File "/home/rhachemi/GitHub/ProjetSystemeInfo/Microcontroleur/microcontroleur.srcs/sources_1/new/CheminDeDonnees.vhd" Line 215
Stopped at time : 0 fs : File "/home/rhachemi/GitHub/ProjetSystemeInfo/Microcontroleur/microcontroleur.srcs/sources_1/new/CheminDeDonnees.vhd" Line 219
Stopped at time : 0 fs : File "/home/rhachemi/GitHub/ProjetSystemeInfo/Microcontroleur/microcontroleur.srcs/sources_1/new/CheminDeDonnees.vhd" Line 220
Stopped at time : 0 fs : File "/home/rhachemi/GitHub/ProjetSystemeInfo/Microcontroleur/microcontroleur.srcs/sources_1/new/CheminDeDonnees.vhd" Line 221
Stopped at time : 0 fs : File "/home/rhachemi/GitHub/ProjetSystemeInfo/Microcontroleur/microcontroleur.srcs/sources_1/new/CheminDeDonnees.vhd" Line 222
Stopped at time : 0 fs : File "/home/rhachemi/GitHub/ProjetSystemeInfo/Microcontroleur/microcontroleur.srcs/sources_1/new/CheminDeDonnees.vhd" Line 225
Stopped at time : 0 fs : File "/home/rhachemi/GitHub/ProjetSystemeInfo/Microcontroleur/microcontroleur.srcs/sources_1/new/BR.vhd" Line 56
Stopped at time : 0 fs : File "/home/rhachemi/GitHub/ProjetSystemeInfo/Microcontroleur/microcontroleur.srcs/sources_1/new/BR.vhd" Line 57
Stopped at time : 0 fs : File "/home/rhachemi/GitHub/ProjetSystemeInfo/Microcontroleur/microcontroleur.srcs/sources_1/new/BMI.vhd" Line 50
Stopped at time : 0 fs : File "/home/rhachemi/GitHub/ProjetSystemeInfo/Microcontroleur/microcontroleur.srcs/sources_1/new/UAL.vhd" Line 56
Stopped at time : 0 fs : File "/home/rhachemi/GitHub/ProjetSystemeInfo/Microcontroleur/microcontroleur.srcs/sources_1/new/UAL.vhd" Line 60
Stopped at time : 0 fs : File "/home/rhachemi/GitHub/ProjetSystemeInfo/Microcontroleur/microcontroleur.srcs/sources_1/new/UAL.vhd" Line 64
Stopped at time : 5 ns : File "/home/rhachemi/GitHub/ProjetSystemeInfo/Microcontroleur/microcontroleur.srcs/sim_1/new/Test_CD.vhd" Line 80
Stopped at time : 5 ns : File "/home/rhachemi/GitHub/ProjetSystemeInfo/Microcontroleur/microcontroleur.srcs/sim_1/new/Test_CD.vhd" Line 81
Stopped at time : 5 ns : File "/home/rhachemi/GitHub/ProjetSystemeInfo/Microcontroleur/microcontroleur.srcs/sources_1/new/BR.vhd" Line 66
Stopped at time : 5 ns : File "/home/rhachemi/GitHub/ProjetSystemeInfo/Microcontroleur/microcontroleur.srcs/sources_1/new/CheminDeDonnees.vhd" Line 179
Stopped at time : 10 ns : File "/home/rhachemi/GitHub/ProjetSystemeInfo/Microcontroleur/microcontroleur.srcs/sources_1/new/CheminDeDonnees.vhd" Line 179
Stopped at time : 15 ns : File "/home/rhachemi/GitHub/ProjetSystemeInfo/Microcontroleur/microcontroleur.srcs/sources_1/new/CheminDeDonnees.vhd" Line 179
Stopped at time : 20 ns : File "/home/rhachemi/GitHub/ProjetSystemeInfo/Microcontroleur/microcontroleur.srcs/sources_1/new/CheminDeDonnees.vhd" Line 179
Stopped at time : 25 ns : File "/home/rhachemi/GitHub/ProjetSystemeInfo/Microcontroleur/microcontroleur.srcs/sources_1/new/CheminDeDonnees.vhd" Line 179
Stopped at time : 30 ns : File "/home/rhachemi/GitHub/ProjetSystemeInfo/Microcontroleur/microcontroleur.srcs/sources_1/new/CheminDeDonnees.vhd" Line 179
Stopped at time : 35 ns : File "/home/rhachemi/GitHub/ProjetSystemeInfo/Microcontroleur/microcontroleur.srcs/sources_1/new/CheminDeDonnees.vhd" Line 179
Stopped at time : 40 ns : File "/home/rhachemi/GitHub/ProjetSystemeInfo/Microcontroleur/microcontroleur.srcs/sources_1/new/CheminDeDonnees.vhd" Line 179
Stopped at time : 45 ns : File "/home/rhachemi/GitHub/ProjetSystemeInfo/Microcontroleur/microcontroleur.srcs/sources_1/new/CheminDeDonnees.vhd" Line 179
Stopped at time : 50 ns : File "/home/rhachemi/GitHub/ProjetSystemeInfo/Microcontroleur/microcontroleur.srcs/sources_1/new/CheminDeDonnees.vhd" Line 179
Stopped at time : 55 ns : File "/home/rhachemi/GitHub/ProjetSystemeInfo/Microcontroleur/microcontroleur.srcs/sources_1/new/CheminDeDonnees.vhd" Line 179
Stopped at time : 60 ns : File "/home/rhachemi/GitHub/ProjetSystemeInfo/Microcontroleur/microcontroleur.srcs/sources_1/new/CheminDeDonnees.vhd" Line 179
Stopped at time : 65 ns : File "/home/rhachemi/GitHub/ProjetSystemeInfo/Microcontroleur/microcontroleur.srcs/sources_1/new/CheminDeDonnees.vhd" Line 179
Stopped at time : 70 ns : File "/home/rhachemi/GitHub/ProjetSystemeInfo/Microcontroleur/microcontroleur.srcs/sources_1/new/CheminDeDonnees.vhd" Line 179
Stopped at time : 75 ns : File "/home/rhachemi/GitHub/ProjetSystemeInfo/Microcontroleur/microcontroleur.srcs/sources_1/new/CheminDeDonnees.vhd" Line 179
Stopped at time : 80 ns : File "/home/rhachemi/GitHub/ProjetSystemeInfo/Microcontroleur/microcontroleur.srcs/sources_1/new/CheminDeDonnees.vhd" Line 179
Stopped at time : 85 ns : File "/home/rhachemi/GitHub/ProjetSystemeInfo/Microcontroleur/microcontroleur.srcs/sources_1/new/CheminDeDonnees.vhd" Line 179
Stopped at time : 90 ns : File "/home/rhachemi/GitHub/ProjetSystemeInfo/Microcontroleur/microcontroleur.srcs/sources_1/new/CheminDeDonnees.vhd" Line 179
Stopped at time : 95 ns : File "/home/rhachemi/GitHub/ProjetSystemeInfo/Microcontroleur/microcontroleur.srcs/sources_1/new/CheminDeDonnees.vhd" Line 179
Stopped at time : 100 ns : File "/home/rhachemi/GitHub/ProjetSystemeInfo/Microcontroleur/microcontroleur.srcs/sources_1/new/CheminDeDonnees.vhd" Line 179
Stopped at time : 105 ns : File "/home/rhachemi/GitHub/ProjetSystemeInfo/Microcontroleur/microcontroleur.srcs/sources_1/new/CheminDeDonnees.vhd" Line 179
Stopped at time : 110 ns : File "/home/rhachemi/GitHub/ProjetSystemeInfo/Microcontroleur/microcontroleur.srcs/sources_1/new/CheminDeDonnees.vhd" Line 179
Stopped at time : 115 ns : File "/home/rhachemi/GitHub/ProjetSystemeInfo/Microcontroleur/microcontroleur.srcs/sources_1/new/CheminDeDonnees.vhd" Line 179
Stopped at time : 120 ns : File "/home/rhachemi/GitHub/ProjetSystemeInfo/Microcontroleur/microcontroleur.srcs/sources_1/new/CheminDeDonnees.vhd" Line 179
Stopped at time : 125 ns : File "/home/rhachemi/GitHub/ProjetSystemeInfo/Microcontroleur/microcontroleur.srcs/sources_1/new/CheminDeDonnees.vhd" Line 179
Stopped at time : 130 ns : File "/home/rhachemi/GitHub/ProjetSystemeInfo/Microcontroleur/microcontroleur.srcs/sources_1/new/CheminDeDonnees.vhd" Line 179
Stopped at time : 135 ns : File "/home/rhachemi/GitHub/ProjetSystemeInfo/Microcontroleur/microcontroleur.srcs/sources_1/new/CheminDeDonnees.vhd" Line 179
Stopped at time : 140 ns : File "/home/rhachemi/GitHub/ProjetSystemeInfo/Microcontroleur/microcontroleur.srcs/sources_1/new/CheminDeDonnees.vhd" Line 179
Stopped at time : 145 ns : File "/home/rhachemi/GitHub/ProjetSystemeInfo/Microcontroleur/microcontroleur.srcs/sources_1/new/CheminDeDonnees.vhd" Line 179
Stopped at time : 0 fs : File "/home/rhachemi/GitHub/ProjetSystemeInfo/Microcontroleur/microcontroleur.srcs/sources_1/new/CheminDeDonnees.vhd" Line 179
Stopped at time : 0 fs : File "/home/rhachemi/GitHub/ProjetSystemeInfo/Microcontroleur/microcontroleur.srcs/sources_1/new/CheminDeDonnees.vhd" Line 179
Stopped at time : 5 ns : File "/home/rhachemi/GitHub/ProjetSystemeInfo/Microcontroleur/microcontroleur.srcs/sources_1/new/CheminDeDonnees.vhd" Line 179
Stopped at time : 10 ns : File "/home/rhachemi/GitHub/ProjetSystemeInfo/Microcontroleur/microcontroleur.srcs/sources_1/new/CheminDeDonnees.vhd" Line 179
Stopped at time : 15 ns : File "/home/rhachemi/GitHub/ProjetSystemeInfo/Microcontroleur/microcontroleur.srcs/sources_1/new/CheminDeDonnees.vhd" Line 179
Stopped at time : 20 ns : File "/home/rhachemi/GitHub/ProjetSystemeInfo/Microcontroleur/microcontroleur.srcs/sources_1/new/CheminDeDonnees.vhd" Line 179
Stopped at time : 25 ns : File "/home/rhachemi/GitHub/ProjetSystemeInfo/Microcontroleur/microcontroleur.srcs/sources_1/new/CheminDeDonnees.vhd" Line 179
Stopped at time : 30 ns : File "/home/rhachemi/GitHub/ProjetSystemeInfo/Microcontroleur/microcontroleur.srcs/sources_1/new/CheminDeDonnees.vhd" Line 179
Stopped at time : 35 ns : File "/home/rhachemi/GitHub/ProjetSystemeInfo/Microcontroleur/microcontroleur.srcs/sources_1/new/CheminDeDonnees.vhd" Line 179
Stopped at time : 40 ns : File "/home/rhachemi/GitHub/ProjetSystemeInfo/Microcontroleur/microcontroleur.srcs/sources_1/new/CheminDeDonnees.vhd" Line 179
Stopped at time : 45 ns : File "/home/rhachemi/GitHub/ProjetSystemeInfo/Microcontroleur/microcontroleur.srcs/sources_1/new/CheminDeDonnees.vhd" Line 179
Stopped at time : 0 fs : File "/home/rhachemi/GitHub/ProjetSystemeInfo/Microcontroleur/microcontroleur.srcs/sources_1/new/CheminDeDonnees.vhd" Line 179
Stopped at time : 0 fs : File "/home/rhachemi/GitHub/ProjetSystemeInfo/Microcontroleur/microcontroleur.srcs/sources_1/new/CheminDeDonnees.vhd" Line 179
Stopped at time : 5 ns : File "/home/rhachemi/GitHub/ProjetSystemeInfo/Microcontroleur/microcontroleur.srcs/sources_1/new/CheminDeDonnees.vhd" Line 179
Stopped at time : 10 ns : File "/home/rhachemi/GitHub/ProjetSystemeInfo/Microcontroleur/microcontroleur.srcs/sources_1/new/CheminDeDonnees.vhd" Line 179
Stopped at time : 15 ns : File "/home/rhachemi/GitHub/ProjetSystemeInfo/Microcontroleur/microcontroleur.srcs/sources_1/new/CheminDeDonnees.vhd" Line 179
Stopped at time : 20 ns : File "/home/rhachemi/GitHub/ProjetSystemeInfo/Microcontroleur/microcontroleur.srcs/sources_1/new/CheminDeDonnees.vhd" Line 179
Stopped at time : 25 ns : File "/home/rhachemi/GitHub/ProjetSystemeInfo/Microcontroleur/microcontroleur.srcs/sources_1/new/CheminDeDonnees.vhd" Line 179
Stopped at time : 30 ns : File "/home/rhachemi/GitHub/ProjetSystemeInfo/Microcontroleur/microcontroleur.srcs/sources_1/new/CheminDeDonnees.vhd" Line 179
Stopped at time : 35 ns : File "/home/rhachemi/GitHub/ProjetSystemeInfo/Microcontroleur/microcontroleur.srcs/sources_1/new/CheminDeDonnees.vhd" Line 179
Stopped at time : 40 ns : File "/home/rhachemi/GitHub/ProjetSystemeInfo/Microcontroleur/microcontroleur.srcs/sources_1/new/CheminDeDonnees.vhd" Line 179
Stopped at time : 45 ns : File "/home/rhachemi/GitHub/ProjetSystemeInfo/Microcontroleur/microcontroleur.srcs/sources_1/new/CheminDeDonnees.vhd" Line 179
Stopped at time : 50 ns : File "/home/rhachemi/GitHub/ProjetSystemeInfo/Microcontroleur/microcontroleur.srcs/sources_1/new/CheminDeDonnees.vhd" Line 179
Stopped at time : 55 ns : File "/home/rhachemi/GitHub/ProjetSystemeInfo/Microcontroleur/microcontroleur.srcs/sources_1/new/CheminDeDonnees.vhd" Line 179
Stopped at time : 60 ns : File "/home/rhachemi/GitHub/ProjetSystemeInfo/Microcontroleur/microcontroleur.srcs/sources_1/new/CheminDeDonnees.vhd" Line 179
Stopped at time : 0 fs : File "/home/rhachemi/GitHub/ProjetSystemeInfo/Microcontroleur/microcontroleur.srcs/sources_1/new/CheminDeDonnees.vhd" Line 179
Stopped at time : 0 fs : File "/home/rhachemi/GitHub/ProjetSystemeInfo/Microcontroleur/microcontroleur.srcs/sources_1/new/CheminDeDonnees.vhd" Line 179
Stopped at time : 5 ns : File "/home/rhachemi/GitHub/ProjetSystemeInfo/Microcontroleur/microcontroleur.srcs/sources_1/new/CheminDeDonnees.vhd" Line 179
Stopped at time : 10 ns : File "/home/rhachemi/GitHub/ProjetSystemeInfo/Microcontroleur/microcontroleur.srcs/sources_1/new/CheminDeDonnees.vhd" Line 179
Stopped at time : 15 ns : File "/home/rhachemi/GitHub/ProjetSystemeInfo/Microcontroleur/microcontroleur.srcs/sources_1/new/CheminDeDonnees.vhd" Line 179
Stopped at time : 20 ns : File "/home/rhachemi/GitHub/ProjetSystemeInfo/Microcontroleur/microcontroleur.srcs/sources_1/new/CheminDeDonnees.vhd" Line 179
Stopped at time : 25 ns : File "/home/rhachemi/GitHub/ProjetSystemeInfo/Microcontroleur/microcontroleur.srcs/sources_1/new/CheminDeDonnees.vhd" Line 179
Stopped at time : 30 ns : File "/home/rhachemi/GitHub/ProjetSystemeInfo/Microcontroleur/microcontroleur.srcs/sources_1/new/CheminDeDonnees.vhd" Line 179
Stopped at time : 35 ns : File "/home/rhachemi/GitHub/ProjetSystemeInfo/Microcontroleur/microcontroleur.srcs/sources_1/new/CheminDeDonnees.vhd" Line 179
Stopped at time : 40 ns : File "/home/rhachemi/GitHub/ProjetSystemeInfo/Microcontroleur/microcontroleur.srcs/sources_1/new/CheminDeDonnees.vhd" Line 179
Stopped at time : 45 ns : File "/home/rhachemi/GitHub/ProjetSystemeInfo/Microcontroleur/microcontroleur.srcs/sources_1/new/CheminDeDonnees.vhd" Line 179
Stopped at time : 50 ns : File "/home/rhachemi/GitHub/ProjetSystemeInfo/Microcontroleur/microcontroleur.srcs/sources_1/new/CheminDeDonnees.vhd" Line 179
Stopped at time : 55 ns : File "/home/rhachemi/GitHub/ProjetSystemeInfo/Microcontroleur/microcontroleur.srcs/sources_1/new/CheminDeDonnees.vhd" Line 179
Stopped at time : 60 ns : File "/home/rhachemi/GitHub/ProjetSystemeInfo/Microcontroleur/microcontroleur.srcs/sources_1/new/CheminDeDonnees.vhd" Line 179
Stopped at time : 65 ns : File "/home/rhachemi/GitHub/ProjetSystemeInfo/Microcontroleur/microcontroleur.srcs/sources_1/new/CheminDeDonnees.vhd" Line 179
Stopped at time : 70 ns : File "/home/rhachemi/GitHub/ProjetSystemeInfo/Microcontroleur/microcontroleur.srcs/sources_1/new/CheminDeDonnees.vhd" Line 179
Stopped at time : 75 ns : File "/home/rhachemi/GitHub/ProjetSystemeInfo/Microcontroleur/microcontroleur.srcs/sources_1/new/CheminDeDonnees.vhd" Line 179
Stopped at time : 80 ns : File "/home/rhachemi/GitHub/ProjetSystemeInfo/Microcontroleur/microcontroleur.srcs/sources_1/new/CheminDeDonnees.vhd" Line 179
Stopped at time : 85 ns : File "/home/rhachemi/GitHub/ProjetSystemeInfo/Microcontroleur/microcontroleur.srcs/sources_1/new/CheminDeDonnees.vhd" Line 179
Stopped at time : 90 ns : File "/home/rhachemi/GitHub/ProjetSystemeInfo/Microcontroleur/microcontroleur.srcs/sources_1/new/CheminDeDonnees.vhd" Line 179
Stopped at time : 95 ns : File "/home/rhachemi/GitHub/ProjetSystemeInfo/Microcontroleur/microcontroleur.srcs/sources_1/new/CheminDeDonnees.vhd" Line 179
Stopped at time : 100 ns : File "/home/rhachemi/GitHub/ProjetSystemeInfo/Microcontroleur/microcontroleur.srcs/sources_1/new/CheminDeDonnees.vhd" Line 179
Stopped at time : 105 ns : File "/home/rhachemi/GitHub/ProjetSystemeInfo/Microcontroleur/microcontroleur.srcs/sources_1/new/CheminDeDonnees.vhd" Line 179
Stopped at time : 0 fs : File "/home/rhachemi/GitHub/ProjetSystemeInfo/Microcontroleur/microcontroleur.srcs/sources_1/new/CheminDeDonnees.vhd" Line 179
Stopped at time : 0 fs : File "/home/rhachemi/GitHub/ProjetSystemeInfo/Microcontroleur/microcontroleur.srcs/sources_1/new/CheminDeDonnees.vhd" Line 179
Stopped at time : 5 ns : File "/home/rhachemi/GitHub/ProjetSystemeInfo/Microcontroleur/microcontroleur.srcs/sources_1/new/CheminDeDonnees.vhd" Line 179
