#-----------------------------------------------------------
# Vivado v2018.2 (64-bit)
# SW Build 2258646 on Thu Jun 14 20:02:38 MDT 2018
# IP Build 2256618 on Thu Jun 14 22:10:49 MDT 2018
# Start of session at: Mon May 23 09:35:35 2022
# Process ID: 2235
# Current directory: /home/rhachemi/GitHub/ProjetSystemeInfo/Microcontroleur
# Command line: vivado
# Log file: /home/rhachemi/GitHub/ProjetSystemeInfo/Microcontroleur/vivado.log
# Journal file: /home/rhachemi/GitHub/ProjetSystemeInfo/Microcontroleur/vivado.jou
#-----------------------------------------------------------
start_gui
open_project /home/rhachemi/GitHub/ProjetSystemeInfo/Microcontroleur/microcontroleur.xpr
Scanning sources...
Finished scanning sources
INFO: [IP_Flow 19-234] Refreshing IP repositories
INFO: [IP_Flow 19-1704] No user IP repositories specified
INFO: [IP_Flow 19-2313] Loaded Vivado IP repository '/usr/local/insa/Xilinx.VIVADO/Vivado/2018.2/data/ip'.
open_project: Time (s): cpu = 00:00:09 ; elapsed = 00:00:06 . Memory (MB): peak = 6194.562 ; gain = 113.293 ; free physical = 12067 ; free virtual = 22981
update_compile_order -fileset sources_1
launch_simulation
INFO: [Vivado 12-5682] Launching behavioral simulation in '/home/rhachemi/GitHub/ProjetSystemeInfo/Microcontroleur/microcontroleur.sim/sim_1/behav/xsim'
INFO: [SIM-utils-51] Simulation object is 'sim_1'
INFO: [SIM-utils-54] Inspecting design source files for 'Test_BR' in fileset 'sim_1'...
INFO: [USF-XSim-97] Finding global include files...
INFO: [USF-XSim-98] Fetching design files from 'sim_1'...
INFO: [USF-XSim-2] XSim::Compile design
INFO: [USF-XSim-61] Executing 'COMPILE and ANALYZE' step in '/home/rhachemi/GitHub/ProjetSystemeInfo/Microcontroleur/microcontroleur.sim/sim_1/behav/xsim'
xvhdl --incr --relax -prj Test_BR_vhdl.prj
INFO: [VRFC 10-163] Analyzing VHDL file "/home/rhachemi/GitHub/ProjetSystemeInfo/Microcontroleur/microcontroleur.srcs/sim_1/new/Test_BR.vhd" into library xil_defaultlib
INFO: [VRFC 10-307] analyzing entity Test_BR
INFO: [USF-XSim-69] 'compile' step finished in '1' seconds
INFO: [USF-XSim-3] XSim::Elaborate design
INFO: [USF-XSim-61] Executing 'ELABORATE' step in '/home/rhachemi/GitHub/ProjetSystemeInfo/Microcontroleur/microcontroleur.sim/sim_1/behav/xsim'
Vivado Simulator 2018.2
Copyright 1986-1999, 2001-2018 Xilinx, Inc. All Rights Reserved.
Running: /usr/local/insa/Xilinx.VIVADO/Vivado/2018.2/bin/unwrapped/lnx64.o/xelab -wto 82d0cde0ff5c46bda809e1035289a6fa --incr --debug typical --relax --mt 8 -L xil_defaultlib -L secureip --snapshot Test_BR_behav xil_defaultlib.Test_BR -log elaborate.log 
Using 8 slave threads.
Starting static elaboration
Completed static elaboration
Starting simulation data flow analysis
Completed simulation data flow analysis
Time Resolution for simulation is 1ps
Compiling package std.standard
Compiling package std.textio
Compiling package ieee.std_logic_1164
Compiling package ieee.numeric_std
Compiling architecture behavioral of entity xil_defaultlib.BR [br_default]
Compiling architecture behavioral of entity xil_defaultlib.test_br
Built simulation snapshot Test_BR_behav

****** Webtalk v2018.2 (64-bit)
  **** SW Build 2258646 on Thu Jun 14 20:02:38 MDT 2018
  **** IP Build 2256618 on Thu Jun 14 22:10:49 MDT 2018
    ** Copyright 1986-2018 Xilinx, Inc. All Rights Reserved.

source /home/rhachemi/GitHub/ProjetSystemeInfo/Microcontroleur/microcontroleur.sim/sim_1/behav/xsim/xsim.dir/Test_BR_behav/webtalk/xsim_webtalk.tcl -notrace
INFO: [Common 17-206] Exiting Webtalk at Mon May 23 09:37:11 2022...
INFO: [USF-XSim-69] 'elaborate' step finished in '4' seconds
INFO: [USF-XSim-4] XSim::Simulate design
INFO: [USF-XSim-61] Executing 'SIMULATE' step in '/home/rhachemi/GitHub/ProjetSystemeInfo/Microcontroleur/microcontroleur.sim/sim_1/behav/xsim'
INFO: [USF-XSim-98] *** Running xsim
   with args "Test_BR_behav -key {Behavioral:sim_1:Functional:Test_BR} -tclbatch {Test_BR.tcl} -log {simulate.log}"
INFO: [USF-XSim-8] Loading simulator feature
Vivado Simulator 2018.2
Time resolution is 1 ps
source Test_BR.tcl
# set curr_wave [current_wave_config]
# if { [string length $curr_wave] == 0 } {
#   if { [llength [get_objects]] > 0} {
#     add_wave /
#     set_property needs_save false [current_wave_config]
#   } else {
#      send_msg_id Add_Wave-1 WARNING "No top level signals found. Simulator will start without a wave window. If you want to open a wave window go to 'File->New Waveform Configuration' or type 'create_wave_config' in the TCL console."
#   }
# }
# run 1000ns
INFO: [USF-XSim-96] XSim completed. Design snapshot 'Test_BR_behav' loaded.
INFO: [USF-XSim-97] XSim simulation ran for 1000ns
launch_simulation: Time (s): cpu = 00:00:09 ; elapsed = 00:00:08 . Memory (MB): peak = 6327.801 ; gain = 67.809 ; free physical = 11934 ; free virtual = 22957
close_sim
INFO: [Simtcl 6-16] Simulation closed
launch_simulation
INFO: [Vivado 12-5682] Launching behavioral simulation in '/home/rhachemi/GitHub/ProjetSystemeInfo/Microcontroleur/microcontroleur.sim/sim_1/behav/xsim'
INFO: [SIM-utils-51] Simulation object is 'sim_1'
INFO: [SIM-utils-54] Inspecting design source files for 'Test_BR' in fileset 'sim_1'...
INFO: [USF-XSim-97] Finding global include files...
INFO: [USF-XSim-98] Fetching design files from 'sim_1'...
INFO: [USF-XSim-2] XSim::Compile design
INFO: [USF-XSim-61] Executing 'COMPILE and ANALYZE' step in '/home/rhachemi/GitHub/ProjetSystemeInfo/Microcontroleur/microcontroleur.sim/sim_1/behav/xsim'
xvhdl --incr --relax -prj Test_BR_vhdl.prj
INFO: [VRFC 10-163] Analyzing VHDL file "/home/rhachemi/GitHub/ProjetSystemeInfo/Microcontroleur/microcontroleur.srcs/sim_1/new/Test_BR.vhd" into library xil_defaultlib
INFO: [VRFC 10-307] analyzing entity Test_BR
INFO: [USF-XSim-69] 'compile' step finished in '1' seconds
INFO: [USF-XSim-3] XSim::Elaborate design
INFO: [USF-XSim-61] Executing 'ELABORATE' step in '/home/rhachemi/GitHub/ProjetSystemeInfo/Microcontroleur/microcontroleur.sim/sim_1/behav/xsim'
Vivado Simulator 2018.2
Copyright 1986-1999, 2001-2018 Xilinx, Inc. All Rights Reserved.
Running: /usr/local/insa/Xilinx.VIVADO/Vivado/2018.2/bin/unwrapped/lnx64.o/xelab -wto 82d0cde0ff5c46bda809e1035289a6fa --incr --debug typical --relax --mt 8 -L xil_defaultlib -L secureip --snapshot Test_BR_behav xil_defaultlib.Test_BR -log elaborate.log 
Using 8 slave threads.
Starting static elaboration
Completed static elaboration
Starting simulation data flow analysis
Completed simulation data flow analysis
Time Resolution for simulation is 1ps
Compiling package std.standard
Compiling package std.textio
Compiling package ieee.std_logic_1164
Compiling package ieee.numeric_std
Compiling architecture behavioral of entity xil_defaultlib.BR [br_default]
Compiling architecture behavioral of entity xil_defaultlib.test_br
Built simulation snapshot Test_BR_behav
INFO: [USF-XSim-69] 'elaborate' step finished in '1' seconds
INFO: [USF-XSim-4] XSim::Simulate design
INFO: [USF-XSim-61] Executing 'SIMULATE' step in '/home/rhachemi/GitHub/ProjetSystemeInfo/Microcontroleur/microcontroleur.sim/sim_1/behav/xsim'
INFO: [USF-XSim-98] *** Running xsim
   with args "Test_BR_behav -key {Behavioral:sim_1:Functional:Test_BR} -tclbatch {Test_BR.tcl} -log {simulate.log}"
INFO: [USF-XSim-8] Loading simulator feature
Vivado Simulator 2018.2
Time resolution is 1 ps
source Test_BR.tcl
# set curr_wave [current_wave_config]
# if { [string length $curr_wave] == 0 } {
#   if { [llength [get_objects]] > 0} {
#     add_wave /
#     set_property needs_save false [current_wave_config]
#   } else {
#      send_msg_id Add_Wave-1 WARNING "No top level signals found. Simulator will start without a wave window. If you want to open a wave window go to 'File->New Waveform Configuration' or type 'create_wave_config' in the TCL console."
#   }
# }
# run 1000ns
INFO: [USF-XSim-96] XSim completed. Design snapshot 'Test_BR_behav' loaded.
INFO: [USF-XSim-97] XSim simulation ran for 1000ns
close_sim
INFO: [Simtcl 6-16] Simulation closed
launch_simulation
INFO: [Vivado 12-5682] Launching behavioral simulation in '/home/rhachemi/GitHub/ProjetSystemeInfo/Microcontroleur/microcontroleur.sim/sim_1/behav/xsim'
INFO: [SIM-utils-51] Simulation object is 'sim_1'
INFO: [SIM-utils-54] Inspecting design source files for 'Test_BR' in fileset 'sim_1'...
INFO: [USF-XSim-97] Finding global include files...
INFO: [USF-XSim-98] Fetching design files from 'sim_1'...
INFO: [USF-XSim-2] XSim::Compile design
INFO: [USF-XSim-61] Executing 'COMPILE and ANALYZE' step in '/home/rhachemi/GitHub/ProjetSystemeInfo/Microcontroleur/microcontroleur.sim/sim_1/behav/xsim'
xvhdl --incr --relax -prj Test_BR_vhdl.prj
INFO: [VRFC 10-163] Analyzing VHDL file "/home/rhachemi/GitHub/ProjetSystemeInfo/Microcontroleur/microcontroleur.srcs/sim_1/new/Test_BR.vhd" into library xil_defaultlib
INFO: [VRFC 10-307] analyzing entity Test_BR
INFO: [USF-XSim-69] 'compile' step finished in '2' seconds
INFO: [USF-XSim-3] XSim::Elaborate design
INFO: [USF-XSim-61] Executing 'ELABORATE' step in '/home/rhachemi/GitHub/ProjetSystemeInfo/Microcontroleur/microcontroleur.sim/sim_1/behav/xsim'
Vivado Simulator 2018.2
Copyright 1986-1999, 2001-2018 Xilinx, Inc. All Rights Reserved.
Running: /usr/local/insa/Xilinx.VIVADO/Vivado/2018.2/bin/unwrapped/lnx64.o/xelab -wto 82d0cde0ff5c46bda809e1035289a6fa --incr --debug typical --relax --mt 8 -L xil_defaultlib -L secureip --snapshot Test_BR_behav xil_defaultlib.Test_BR -log elaborate.log 
Using 8 slave threads.
Starting static elaboration
Completed static elaboration
Starting simulation data flow analysis
Completed simulation data flow analysis
Time Resolution for simulation is 1ps
Compiling package std.standard
Compiling package std.textio
Compiling package ieee.std_logic_1164
Compiling package ieee.numeric_std
Compiling architecture behavioral of entity xil_defaultlib.BR [br_default]
Compiling architecture behavioral of entity xil_defaultlib.test_br
Built simulation snapshot Test_BR_behav
INFO: [USF-XSim-69] 'elaborate' step finished in '1' seconds
INFO: [USF-XSim-4] XSim::Simulate design
INFO: [USF-XSim-61] Executing 'SIMULATE' step in '/home/rhachemi/GitHub/ProjetSystemeInfo/Microcontroleur/microcontroleur.sim/sim_1/behav/xsim'
INFO: [USF-XSim-98] *** Running xsim
   with args "Test_BR_behav -key {Behavioral:sim_1:Functional:Test_BR} -tclbatch {Test_BR.tcl} -log {simulate.log}"
INFO: [USF-XSim-8] Loading simulator feature
Vivado Simulator 2018.2
Time resolution is 1 ps
source Test_BR.tcl
# set curr_wave [current_wave_config]
# if { [string length $curr_wave] == 0 } {
#   if { [llength [get_objects]] > 0} {
#     add_wave /
#     set_property needs_save false [current_wave_config]
#   } else {
#      send_msg_id Add_Wave-1 WARNING "No top level signals found. Simulator will start without a wave window. If you want to open a wave window go to 'File->New Waveform Configuration' or type 'create_wave_config' in the TCL console."
#   }
# }
# run 1000ns
INFO: [USF-XSim-96] XSim completed. Design snapshot 'Test_BR_behav' loaded.
INFO: [USF-XSim-97] XSim simulation ran for 1000ns
close_sim
INFO: [Simtcl 6-16] Simulation closed
launch_simulation
INFO: [Vivado 12-5682] Launching behavioral simulation in '/home/rhachemi/GitHub/ProjetSystemeInfo/Microcontroleur/microcontroleur.sim/sim_1/behav/xsim'
INFO: [SIM-utils-51] Simulation object is 'sim_1'
INFO: [SIM-utils-54] Inspecting design source files for 'Test_BR' in fileset 'sim_1'...
INFO: [USF-XSim-97] Finding global include files...
INFO: [USF-XSim-98] Fetching design files from 'sim_1'...
INFO: [USF-XSim-2] XSim::Compile design
INFO: [USF-XSim-61] Executing 'COMPILE and ANALYZE' step in '/home/rhachemi/GitHub/ProjetSystemeInfo/Microcontroleur/microcontroleur.sim/sim_1/behav/xsim'
xvhdl --incr --relax -prj Test_BR_vhdl.prj
INFO: [USF-XSim-69] 'compile' step finished in '1' seconds
INFO: [USF-XSim-3] XSim::Elaborate design
INFO: [USF-XSim-61] Executing 'ELABORATE' step in '/home/rhachemi/GitHub/ProjetSystemeInfo/Microcontroleur/microcontroleur.sim/sim_1/behav/xsim'
Vivado Simulator 2018.2
Copyright 1986-1999, 2001-2018 Xilinx, Inc. All Rights Reserved.
Running: /usr/local/insa/Xilinx.VIVADO/Vivado/2018.2/bin/unwrapped/lnx64.o/xelab -wto 82d0cde0ff5c46bda809e1035289a6fa --incr --debug typical --relax --mt 8 -L xil_defaultlib -L secureip --snapshot Test_BR_behav xil_defaultlib.Test_BR -log elaborate.log 
Using 8 slave threads.
Starting static elaboration
Completed static elaboration
INFO: [XSIM 43-4323] No Change in HDL. Linking previously generated obj files to create kernel
INFO: [USF-XSim-69] 'elaborate' step finished in '0' seconds
INFO: [USF-XSim-4] XSim::Simulate design
INFO: [USF-XSim-61] Executing 'SIMULATE' step in '/home/rhachemi/GitHub/ProjetSystemeInfo/Microcontroleur/microcontroleur.sim/sim_1/behav/xsim'
INFO: [USF-XSim-98] *** Running xsim
   with args "Test_BR_behav -key {Behavioral:sim_1:Functional:Test_BR} -tclbatch {Test_BR.tcl} -log {simulate.log}"
INFO: [USF-XSim-8] Loading simulator feature
Vivado Simulator 2018.2
Time resolution is 1 ps
source Test_BR.tcl
# set curr_wave [current_wave_config]
# if { [string length $curr_wave] == 0 } {
#   if { [llength [get_objects]] > 0} {
#     add_wave /
#     set_property needs_save false [current_wave_config]
#   } else {
#      send_msg_id Add_Wave-1 WARNING "No top level signals found. Simulator will start without a wave window. If you want to open a wave window go to 'File->New Waveform Configuration' or type 'create_wave_config' in the TCL console."
#   }
# }
# run 1000ns
INFO: [USF-XSim-96] XSim completed. Design snapshot 'Test_BR_behav' loaded.
INFO: [USF-XSim-97] XSim simulation ran for 1000ns
relaunch_sim
INFO: [Vivado 12-5682] Launching behavioral simulation in '/home/rhachemi/GitHub/ProjetSystemeInfo/Microcontroleur/microcontroleur.sim/sim_1/behav/xsim'
INFO: [SIM-utils-51] Simulation object is 'sim_1'
INFO: [SIM-utils-54] Inspecting design source files for 'Test_BR' in fileset 'sim_1'...
INFO: [USF-XSim-97] Finding global include files...
INFO: [USF-XSim-98] Fetching design files from 'sim_1'...
INFO: [USF-XSim-2] XSim::Compile design
INFO: [USF-XSim-61] Executing 'COMPILE and ANALYZE' step in '/home/rhachemi/GitHub/ProjetSystemeInfo/Microcontroleur/microcontroleur.sim/sim_1/behav/xsim'
xvhdl --incr --relax -prj Test_BR_vhdl.prj
INFO: [USF-XSim-69] 'compile' step finished in '1' seconds
INFO: [Vivado 12-5682] Launching behavioral simulation in '/home/rhachemi/GitHub/ProjetSystemeInfo/Microcontroleur/microcontroleur.sim/sim_1/behav/xsim'
INFO: [USF-XSim-3] XSim::Elaborate design
INFO: [USF-XSim-61] Executing 'ELABORATE' step in '/home/rhachemi/GitHub/ProjetSystemeInfo/Microcontroleur/microcontroleur.sim/sim_1/behav/xsim'
Vivado Simulator 2018.2
Copyright 1986-1999, 2001-2018 Xilinx, Inc. All Rights Reserved.
Running: /usr/local/insa/Xilinx.VIVADO/Vivado/2018.2/bin/unwrapped/lnx64.o/xelab -wto 82d0cde0ff5c46bda809e1035289a6fa --incr --debug typical --relax --mt 8 -L xil_defaultlib -L secureip --snapshot Test_BR_behav xil_defaultlib.Test_BR -log elaborate.log 
Using 8 slave threads.
Starting static elaboration
Completed static elaboration
INFO: [XSIM 43-4323] No Change in HDL. Linking previously generated obj files to create kernel
INFO: [USF-XSim-69] 'elaborate' step finished in '1' seconds
Vivado Simulator 2018.2
Time resolution is 1 ps
relaunch_sim
INFO: [Vivado 12-5682] Launching behavioral simulation in '/home/rhachemi/GitHub/ProjetSystemeInfo/Microcontroleur/microcontroleur.sim/sim_1/behav/xsim'
INFO: [SIM-utils-51] Simulation object is 'sim_1'
INFO: [SIM-utils-54] Inspecting design source files for 'Test_BR' in fileset 'sim_1'...
INFO: [USF-XSim-97] Finding global include files...
INFO: [USF-XSim-98] Fetching design files from 'sim_1'...
INFO: [USF-XSim-2] XSim::Compile design
INFO: [USF-XSim-61] Executing 'COMPILE and ANALYZE' step in '/home/rhachemi/GitHub/ProjetSystemeInfo/Microcontroleur/microcontroleur.sim/sim_1/behav/xsim'
xvhdl --incr --relax -prj Test_BR_vhdl.prj
INFO: [VRFC 10-163] Analyzing VHDL file "/home/rhachemi/GitHub/ProjetSystemeInfo/Microcontroleur/microcontroleur.srcs/sources_1/new/BR.vhd" into library xil_defaultlib
INFO: [VRFC 10-307] analyzing entity BR
INFO: [VRFC 10-163] Analyzing VHDL file "/home/rhachemi/GitHub/ProjetSystemeInfo/Microcontroleur/microcontroleur.srcs/sim_1/new/Test_BR.vhd" into library xil_defaultlib
INFO: [VRFC 10-307] analyzing entity Test_BR
INFO: [USF-XSim-69] 'compile' step finished in '1' seconds
INFO: [Vivado 12-5682] Launching behavioral simulation in '/home/rhachemi/GitHub/ProjetSystemeInfo/Microcontroleur/microcontroleur.sim/sim_1/behav/xsim'
INFO: [USF-XSim-3] XSim::Elaborate design
INFO: [USF-XSim-61] Executing 'ELABORATE' step in '/home/rhachemi/GitHub/ProjetSystemeInfo/Microcontroleur/microcontroleur.sim/sim_1/behav/xsim'
Vivado Simulator 2018.2
Copyright 1986-1999, 2001-2018 Xilinx, Inc. All Rights Reserved.
Running: /usr/local/insa/Xilinx.VIVADO/Vivado/2018.2/bin/unwrapped/lnx64.o/xelab -wto 82d0cde0ff5c46bda809e1035289a6fa --incr --debug typical --relax --mt 8 -L xil_defaultlib -L secureip --snapshot Test_BR_behav xil_defaultlib.Test_BR -log elaborate.log 
Using 8 slave threads.
Starting static elaboration
Completed static elaboration
Starting simulation data flow analysis
Completed simulation data flow analysis
Time Resolution for simulation is 1ps
Compiling package std.standard
Compiling package std.textio
Compiling package ieee.std_logic_1164
Compiling package ieee.numeric_std
Compiling architecture behavioral of entity xil_defaultlib.BR [br_default]
Compiling architecture behavioral of entity xil_defaultlib.test_br
Built simulation snapshot Test_BR_behav
INFO: [USF-XSim-69] 'elaborate' step finished in '1' seconds
Vivado Simulator 2018.2
Time resolution is 1 ps
close_sim
INFO: [Simtcl 6-16] Simulation closed
launch_simulation
INFO: [Vivado 12-5682] Launching behavioral simulation in '/home/rhachemi/GitHub/ProjetSystemeInfo/Microcontroleur/microcontroleur.sim/sim_1/behav/xsim'
INFO: [SIM-utils-51] Simulation object is 'sim_1'
INFO: [SIM-utils-54] Inspecting design source files for 'Test_BR' in fileset 'sim_1'...
INFO: [USF-XSim-97] Finding global include files...
INFO: [USF-XSim-98] Fetching design files from 'sim_1'...
INFO: [USF-XSim-2] XSim::Compile design
INFO: [USF-XSim-61] Executing 'COMPILE and ANALYZE' step in '/home/rhachemi/GitHub/ProjetSystemeInfo/Microcontroleur/microcontroleur.sim/sim_1/behav/xsim'
xvhdl --incr --relax -prj Test_BR_vhdl.prj
INFO: [VRFC 10-163] Analyzing VHDL file "/home/rhachemi/GitHub/ProjetSystemeInfo/Microcontroleur/microcontroleur.srcs/sim_1/new/Test_BR.vhd" into library xil_defaultlib
INFO: [VRFC 10-307] analyzing entity Test_BR
INFO: [USF-XSim-69] 'compile' step finished in '1' seconds
INFO: [USF-XSim-3] XSim::Elaborate design
INFO: [USF-XSim-61] Executing 'ELABORATE' step in '/home/rhachemi/GitHub/ProjetSystemeInfo/Microcontroleur/microcontroleur.sim/sim_1/behav/xsim'
Vivado Simulator 2018.2
Copyright 1986-1999, 2001-2018 Xilinx, Inc. All Rights Reserved.
Running: /usr/local/insa/Xilinx.VIVADO/Vivado/2018.2/bin/unwrapped/lnx64.o/xelab -wto 82d0cde0ff5c46bda809e1035289a6fa --incr --debug typical --relax --mt 8 -L xil_defaultlib -L secureip --snapshot Test_BR_behav xil_defaultlib.Test_BR -log elaborate.log 
Using 8 slave threads.
Starting static elaboration
Completed static elaboration
Starting simulation data flow analysis
Completed simulation data flow analysis
Time Resolution for simulation is 1ps
Compiling package std.standard
Compiling package std.textio
Compiling package ieee.std_logic_1164
Compiling package ieee.numeric_std
Compiling architecture behavioral of entity xil_defaultlib.BR [br_default]
Compiling architecture behavioral of entity xil_defaultlib.test_br
Built simulation snapshot Test_BR_behav
INFO: [USF-XSim-69] 'elaborate' step finished in '1' seconds
INFO: [USF-XSim-4] XSim::Simulate design
INFO: [USF-XSim-61] Executing 'SIMULATE' step in '/home/rhachemi/GitHub/ProjetSystemeInfo/Microcontroleur/microcontroleur.sim/sim_1/behav/xsim'
INFO: [USF-XSim-98] *** Running xsim
   with args "Test_BR_behav -key {Behavioral:sim_1:Functional:Test_BR} -tclbatch {Test_BR.tcl} -log {simulate.log}"
INFO: [USF-XSim-8] Loading simulator feature
Vivado Simulator 2018.2
Time resolution is 1 ps
source Test_BR.tcl
# set curr_wave [current_wave_config]
# if { [string length $curr_wave] == 0 } {
#   if { [llength [get_objects]] > 0} {
#     add_wave /
#     set_property needs_save false [current_wave_config]
#   } else {
#      send_msg_id Add_Wave-1 WARNING "No top level signals found. Simulator will start without a wave window. If you want to open a wave window go to 'File->New Waveform Configuration' or type 'create_wave_config' in the TCL console."
#   }
# }
# run 1000ns
INFO: [USF-XSim-96] XSim completed. Design snapshot 'Test_BR_behav' loaded.
INFO: [USF-XSim-97] XSim simulation ran for 1000ns
relaunch_sim
INFO: [Vivado 12-5682] Launching behavioral simulation in '/home/rhachemi/GitHub/ProjetSystemeInfo/Microcontroleur/microcontroleur.sim/sim_1/behav/xsim'
INFO: [SIM-utils-51] Simulation object is 'sim_1'
INFO: [SIM-utils-54] Inspecting design source files for 'Test_BR' in fileset 'sim_1'...
INFO: [USF-XSim-97] Finding global include files...
INFO: [USF-XSim-98] Fetching design files from 'sim_1'...
INFO: [USF-XSim-2] XSim::Compile design
INFO: [USF-XSim-61] Executing 'COMPILE and ANALYZE' step in '/home/rhachemi/GitHub/ProjetSystemeInfo/Microcontroleur/microcontroleur.sim/sim_1/behav/xsim'
xvhdl --incr --relax -prj Test_BR_vhdl.prj
INFO: [USF-XSim-69] 'compile' step finished in '1' seconds
INFO: [Vivado 12-5682] Launching behavioral simulation in '/home/rhachemi/GitHub/ProjetSystemeInfo/Microcontroleur/microcontroleur.sim/sim_1/behav/xsim'
INFO: [USF-XSim-3] XSim::Elaborate design
INFO: [USF-XSim-61] Executing 'ELABORATE' step in '/home/rhachemi/GitHub/ProjetSystemeInfo/Microcontroleur/microcontroleur.sim/sim_1/behav/xsim'
Vivado Simulator 2018.2
Copyright 1986-1999, 2001-2018 Xilinx, Inc. All Rights Reserved.
Running: /usr/local/insa/Xilinx.VIVADO/Vivado/2018.2/bin/unwrapped/lnx64.o/xelab -wto 82d0cde0ff5c46bda809e1035289a6fa --incr --debug typical --relax --mt 8 -L xil_defaultlib -L secureip --snapshot Test_BR_behav xil_defaultlib.Test_BR -log elaborate.log 
Using 8 slave threads.
Starting static elaboration
Completed static elaboration
INFO: [XSIM 43-4323] No Change in HDL. Linking previously generated obj files to create kernel
INFO: [USF-XSim-69] 'elaborate' step finished in '1' seconds
Vivado Simulator 2018.2
Time resolution is 1 ps
close_sim
INFO: [Simtcl 6-16] Simulation closed
launch_simulation
INFO: [Vivado 12-5682] Launching behavioral simulation in '/home/rhachemi/GitHub/ProjetSystemeInfo/Microcontroleur/microcontroleur.sim/sim_1/behav/xsim'
INFO: [SIM-utils-51] Simulation object is 'sim_1'
INFO: [SIM-utils-54] Inspecting design source files for 'Test_BR' in fileset 'sim_1'...
INFO: [USF-XSim-97] Finding global include files...
INFO: [USF-XSim-98] Fetching design files from 'sim_1'...
INFO: [USF-XSim-2] XSim::Compile design
INFO: [USF-XSim-61] Executing 'COMPILE and ANALYZE' step in '/home/rhachemi/GitHub/ProjetSystemeInfo/Microcontroleur/microcontroleur.sim/sim_1/behav/xsim'
xvhdl --incr --relax -prj Test_BR_vhdl.prj
INFO: [VRFC 10-163] Analyzing VHDL file "/home/rhachemi/GitHub/ProjetSystemeInfo/Microcontroleur/microcontroleur.srcs/sources_1/new/BR.vhd" into library xil_defaultlib
INFO: [VRFC 10-307] analyzing entity BR
INFO: [VRFC 10-163] Analyzing VHDL file "/home/rhachemi/GitHub/ProjetSystemeInfo/Microcontroleur/microcontroleur.srcs/sim_1/new/Test_BR.vhd" into library xil_defaultlib
INFO: [VRFC 10-307] analyzing entity Test_BR
INFO: [USF-XSim-69] 'compile' step finished in '1' seconds
INFO: [USF-XSim-3] XSim::Elaborate design
INFO: [USF-XSim-61] Executing 'ELABORATE' step in '/home/rhachemi/GitHub/ProjetSystemeInfo/Microcontroleur/microcontroleur.sim/sim_1/behav/xsim'
Vivado Simulator 2018.2
Copyright 1986-1999, 2001-2018 Xilinx, Inc. All Rights Reserved.
Running: /usr/local/insa/Xilinx.VIVADO/Vivado/2018.2/bin/unwrapped/lnx64.o/xelab -wto 82d0cde0ff5c46bda809e1035289a6fa --incr --debug typical --relax --mt 8 -L xil_defaultlib -L secureip --snapshot Test_BR_behav xil_defaultlib.Test_BR -log elaborate.log 
Using 8 slave threads.
Starting static elaboration
Completed static elaboration
Starting simulation data flow analysis
Completed simulation data flow analysis
Time Resolution for simulation is 1ps
Compiling package std.standard
Compiling package std.textio
Compiling package ieee.std_logic_1164
Compiling package ieee.numeric_std
Compiling architecture behavioral of entity xil_defaultlib.BR [br_default]
Compiling architecture behavioral of entity xil_defaultlib.test_br
Built simulation snapshot Test_BR_behav
INFO: [USF-XSim-69] 'elaborate' step finished in '1' seconds
INFO: [USF-XSim-4] XSim::Simulate design
INFO: [USF-XSim-61] Executing 'SIMULATE' step in '/home/rhachemi/GitHub/ProjetSystemeInfo/Microcontroleur/microcontroleur.sim/sim_1/behav/xsim'
INFO: [USF-XSim-98] *** Running xsim
   with args "Test_BR_behav -key {Behavioral:sim_1:Functional:Test_BR} -tclbatch {Test_BR.tcl} -log {simulate.log}"
INFO: [USF-XSim-8] Loading simulator feature
Vivado Simulator 2018.2
Time resolution is 1 ps
source Test_BR.tcl
# set curr_wave [current_wave_config]
# if { [string length $curr_wave] == 0 } {
#   if { [llength [get_objects]] > 0} {
#     add_wave /
#     set_property needs_save false [current_wave_config]
#   } else {
#      send_msg_id Add_Wave-1 WARNING "No top level signals found. Simulator will start without a wave window. If you want to open a wave window go to 'File->New Waveform Configuration' or type 'create_wave_config' in the TCL console."
#   }
# }
# run 1000ns
INFO: [USF-XSim-96] XSim completed. Design snapshot 'Test_BR_behav' loaded.
INFO: [USF-XSim-97] XSim simulation ran for 1000ns
close_sim
INFO: [Simtcl 6-16] Simulation closed
launch_simulation
INFO: [Vivado 12-5682] Launching behavioral simulation in '/home/rhachemi/GitHub/ProjetSystemeInfo/Microcontroleur/microcontroleur.sim/sim_1/behav/xsim'
INFO: [SIM-utils-51] Simulation object is 'sim_1'
INFO: [SIM-utils-54] Inspecting design source files for 'Test_BR' in fileset 'sim_1'...
INFO: [USF-XSim-97] Finding global include files...
INFO: [USF-XSim-98] Fetching design files from 'sim_1'...
INFO: [USF-XSim-2] XSim::Compile design
INFO: [USF-XSim-61] Executing 'COMPILE and ANALYZE' step in '/home/rhachemi/GitHub/ProjetSystemeInfo/Microcontroleur/microcontroleur.sim/sim_1/behav/xsim'
xvhdl --incr --relax -prj Test_BR_vhdl.prj
INFO: [VRFC 10-163] Analyzing VHDL file "/home/rhachemi/GitHub/ProjetSystemeInfo/Microcontroleur/microcontroleur.srcs/sim_1/new/Test_BR.vhd" into library xil_defaultlib
INFO: [VRFC 10-307] analyzing entity Test_BR
INFO: [USF-XSim-69] 'compile' step finished in '1' seconds
INFO: [USF-XSim-3] XSim::Elaborate design
INFO: [USF-XSim-61] Executing 'ELABORATE' step in '/home/rhachemi/GitHub/ProjetSystemeInfo/Microcontroleur/microcontroleur.sim/sim_1/behav/xsim'
Vivado Simulator 2018.2
Copyright 1986-1999, 2001-2018 Xilinx, Inc. All Rights Reserved.
Running: /usr/local/insa/Xilinx.VIVADO/Vivado/2018.2/bin/unwrapped/lnx64.o/xelab -wto 82d0cde0ff5c46bda809e1035289a6fa --incr --debug typical --relax --mt 8 -L xil_defaultlib -L secureip --snapshot Test_BR_behav xil_defaultlib.Test_BR -log elaborate.log 
Using 8 slave threads.
Starting static elaboration
Completed static elaboration
Starting simulation data flow analysis
Completed simulation data flow analysis
Time Resolution for simulation is 1ps
Compiling package std.standard
Compiling package std.textio
Compiling package ieee.std_logic_1164
Compiling package ieee.numeric_std
Compiling architecture behavioral of entity xil_defaultlib.BR [br_default]
Compiling architecture behavioral of entity xil_defaultlib.test_br
Built simulation snapshot Test_BR_behav
INFO: [USF-XSim-69] 'elaborate' step finished in '1' seconds
INFO: [USF-XSim-4] XSim::Simulate design
INFO: [USF-XSim-61] Executing 'SIMULATE' step in '/home/rhachemi/GitHub/ProjetSystemeInfo/Microcontroleur/microcontroleur.sim/sim_1/behav/xsim'
INFO: [USF-XSim-98] *** Running xsim
   with args "Test_BR_behav -key {Behavioral:sim_1:Functional:Test_BR} -tclbatch {Test_BR.tcl} -log {simulate.log}"
INFO: [USF-XSim-8] Loading simulator feature
Vivado Simulator 2018.2
Time resolution is 1 ps
source Test_BR.tcl
# set curr_wave [current_wave_config]
# if { [string length $curr_wave] == 0 } {
#   if { [llength [get_objects]] > 0} {
#     add_wave /
#     set_property needs_save false [current_wave_config]
#   } else {
#      send_msg_id Add_Wave-1 WARNING "No top level signals found. Simulator will start without a wave window. If you want to open a wave window go to 'File->New Waveform Configuration' or type 'create_wave_config' in the TCL console."
#   }
# }
# run 1000ns
INFO: [USF-XSim-96] XSim completed. Design snapshot 'Test_BR_behav' loaded.
INFO: [USF-XSim-97] XSim simulation ran for 1000ns
close_sim
INFO: [Simtcl 6-16] Simulation closed
launch_simulation
INFO: [Vivado 12-5682] Launching behavioral simulation in '/home/rhachemi/GitHub/ProjetSystemeInfo/Microcontroleur/microcontroleur.sim/sim_1/behav/xsim'
INFO: [SIM-utils-51] Simulation object is 'sim_1'
INFO: [SIM-utils-54] Inspecting design source files for 'Test_BR' in fileset 'sim_1'...
INFO: [USF-XSim-97] Finding global include files...
INFO: [USF-XSim-98] Fetching design files from 'sim_1'...
INFO: [USF-XSim-2] XSim::Compile design
INFO: [USF-XSim-61] Executing 'COMPILE and ANALYZE' step in '/home/rhachemi/GitHub/ProjetSystemeInfo/Microcontroleur/microcontroleur.sim/sim_1/behav/xsim'
xvhdl --incr --relax -prj Test_BR_vhdl.prj
INFO: [VRFC 10-163] Analyzing VHDL file "/home/rhachemi/GitHub/ProjetSystemeInfo/Microcontroleur/microcontroleur.srcs/sim_1/new/Test_BR.vhd" into library xil_defaultlib
INFO: [VRFC 10-307] analyzing entity Test_BR
INFO: [USF-XSim-69] 'compile' step finished in '0' seconds
INFO: [USF-XSim-3] XSim::Elaborate design
INFO: [USF-XSim-61] Executing 'ELABORATE' step in '/home/rhachemi/GitHub/ProjetSystemeInfo/Microcontroleur/microcontroleur.sim/sim_1/behav/xsim'
Vivado Simulator 2018.2
Copyright 1986-1999, 2001-2018 Xilinx, Inc. All Rights Reserved.
Running: /usr/local/insa/Xilinx.VIVADO/Vivado/2018.2/bin/unwrapped/lnx64.o/xelab -wto 82d0cde0ff5c46bda809e1035289a6fa --incr --debug typical --relax --mt 8 -L xil_defaultlib -L secureip --snapshot Test_BR_behav xil_defaultlib.Test_BR -log elaborate.log 
Using 8 slave threads.
Starting static elaboration
Completed static elaboration
Starting simulation data flow analysis
Completed simulation data flow analysis
Time Resolution for simulation is 1ps
Compiling package std.standard
Compiling package std.textio
Compiling package ieee.std_logic_1164
Compiling package ieee.numeric_std
Compiling architecture behavioral of entity xil_defaultlib.BR [br_default]
Compiling architecture behavioral of entity xil_defaultlib.test_br
Built simulation snapshot Test_BR_behav
INFO: [USF-XSim-69] 'elaborate' step finished in '2' seconds
INFO: [USF-XSim-4] XSim::Simulate design
INFO: [USF-XSim-61] Executing 'SIMULATE' step in '/home/rhachemi/GitHub/ProjetSystemeInfo/Microcontroleur/microcontroleur.sim/sim_1/behav/xsim'
INFO: [USF-XSim-98] *** Running xsim
   with args "Test_BR_behav -key {Behavioral:sim_1:Functional:Test_BR} -tclbatch {Test_BR.tcl} -log {simulate.log}"
INFO: [USF-XSim-8] Loading simulator feature
Vivado Simulator 2018.2
Time resolution is 1 ps
source Test_BR.tcl
# set curr_wave [current_wave_config]
# if { [string length $curr_wave] == 0 } {
#   if { [llength [get_objects]] > 0} {
#     add_wave /
#     set_property needs_save false [current_wave_config]
#   } else {
#      send_msg_id Add_Wave-1 WARNING "No top level signals found. Simulator will start without a wave window. If you want to open a wave window go to 'File->New Waveform Configuration' or type 'create_wave_config' in the TCL console."
#   }
# }
# run 1000ns
INFO: [USF-XSim-96] XSim completed. Design snapshot 'Test_BR_behav' loaded.
INFO: [USF-XSim-97] XSim simulation ran for 1000ns
set_property SOURCE_SET sources_1 [get_filesets sim_1]
close [ open /home/rhachemi/GitHub/ProjetSystemeInfo/Microcontroleur/microcontroleur.srcs/sim_1/new/Test_BMD.vhd w ]
add_files -fileset sim_1 /home/rhachemi/GitHub/ProjetSystemeInfo/Microcontroleur/microcontroleur.srcs/sim_1/new/Test_BMD.vhd
update_compile_order -fileset sim_1
reset_run synth_1
WARNING: [Vivado 12-1017] Problems encountered:
1. Failed to delete one or more files in run directory /home/rhachemi/GitHub/ProjetSystemeInfo/Microcontroleur/microcontroleur.runs/synth_1

launch_runs synth_1 -jobs 12
[Mon May 23 10:08:19 2022] Launched synth_1...
Run output will be captured here: /home/rhachemi/GitHub/ProjetSystemeInfo/Microcontroleur/microcontroleur.runs/synth_1/runme.log
launch_runs impl_1 -jobs 12
[Mon May 23 10:08:58 2022] Launched impl_1...
Run output will be captured here: /home/rhachemi/GitHub/ProjetSystemeInfo/Microcontroleur/microcontroleur.runs/impl_1/runme.log
close_sim
INFO: [Simtcl 6-16] Simulation closed
launch_simulation
INFO: [Vivado 12-5682] Launching behavioral simulation in '/home/rhachemi/GitHub/ProjetSystemeInfo/Microcontroleur/microcontroleur.sim/sim_1/behav/xsim'
INFO: [SIM-utils-51] Simulation object is 'sim_1'
INFO: [SIM-utils-54] Inspecting design source files for 'Test_BR' in fileset 'sim_1'...
INFO: [USF-XSim-97] Finding global include files...
INFO: [USF-XSim-98] Fetching design files from 'sim_1'...
INFO: [USF-XSim-2] XSim::Compile design
INFO: [USF-XSim-61] Executing 'COMPILE and ANALYZE' step in '/home/rhachemi/GitHub/ProjetSystemeInfo/Microcontroleur/microcontroleur.sim/sim_1/behav/xsim'
xvhdl --incr --relax -prj Test_BR_vhdl.prj
INFO: [USF-XSim-69] 'compile' step finished in '1' seconds
INFO: [USF-XSim-3] XSim::Elaborate design
INFO: [USF-XSim-61] Executing 'ELABORATE' step in '/home/rhachemi/GitHub/ProjetSystemeInfo/Microcontroleur/microcontroleur.sim/sim_1/behav/xsim'
Vivado Simulator 2018.2
Copyright 1986-1999, 2001-2018 Xilinx, Inc. All Rights Reserved.
Running: /usr/local/insa/Xilinx.VIVADO/Vivado/2018.2/bin/unwrapped/lnx64.o/xelab -wto 82d0cde0ff5c46bda809e1035289a6fa --incr --debug typical --relax --mt 8 -L xil_defaultlib -L secureip --snapshot Test_BR_behav xil_defaultlib.Test_BR -log elaborate.log 
Using 8 slave threads.
Starting static elaboration
Completed static elaboration
INFO: [XSIM 43-4323] No Change in HDL. Linking previously generated obj files to create kernel
INFO: [USF-XSim-69] 'elaborate' step finished in '1' seconds
INFO: [USF-XSim-4] XSim::Simulate design
INFO: [USF-XSim-61] Executing 'SIMULATE' step in '/home/rhachemi/GitHub/ProjetSystemeInfo/Microcontroleur/microcontroleur.sim/sim_1/behav/xsim'
INFO: [USF-XSim-98] *** Running xsim
   with args "Test_BR_behav -key {Behavioral:sim_1:Functional:Test_BR} -tclbatch {Test_BR.tcl} -log {simulate.log}"
INFO: [USF-XSim-8] Loading simulator feature
Vivado Simulator 2018.2
Time resolution is 1 ps
source Test_BR.tcl
# set curr_wave [current_wave_config]
# if { [string length $curr_wave] == 0 } {
#   if { [llength [get_objects]] > 0} {
#     add_wave /
#     set_property needs_save false [current_wave_config]
#   } else {
#      send_msg_id Add_Wave-1 WARNING "No top level signals found. Simulator will start without a wave window. If you want to open a wave window go to 'File->New Waveform Configuration' or type 'create_wave_config' in the TCL console."
#   }
# }
# run 1000ns
INFO: [USF-XSim-96] XSim completed. Design snapshot 'Test_BR_behav' loaded.
INFO: [USF-XSim-97] XSim simulation ran for 1000ns
set_property top Test_BMD [get_filesets sim_1]
set_property top_lib xil_defaultlib [get_filesets sim_1]
update_compile_order -fileset sim_1
launch_simulation
INFO: [Vivado 12-5682] Launching behavioral simulation in '/home/rhachemi/GitHub/ProjetSystemeInfo/Microcontroleur/microcontroleur.sim/sim_1/behav/xsim'
INFO: [SIM-utils-51] Simulation object is 'sim_1'
INFO: [SIM-utils-54] Inspecting design source files for 'Test_BMD' in fileset 'sim_1'...
INFO: [USF-XSim-97] Finding global include files...
INFO: [USF-XSim-98] Fetching design files from 'sim_1'...
INFO: [USF-XSim-2] XSim::Compile design
INFO: [USF-XSim-61] Executing 'COMPILE and ANALYZE' step in '/home/rhachemi/GitHub/ProjetSystemeInfo/Microcontroleur/microcontroleur.sim/sim_1/behav/xsim'
xvhdl --incr --relax -prj Test_BMD_vhdl.prj
INFO: [VRFC 10-163] Analyzing VHDL file "/home/rhachemi/GitHub/ProjetSystemeInfo/Microcontroleur/microcontroleur.srcs/sources_1/new/MB.vhd" into library xil_defaultlib
INFO: [VRFC 10-307] analyzing entity BMD
INFO: [VRFC 10-163] Analyzing VHDL file "/home/rhachemi/GitHub/ProjetSystemeInfo/Microcontroleur/microcontroleur.srcs/sim_1/new/Test_BMD.vhd" into library xil_defaultlib
INFO: [VRFC 10-307] analyzing entity Test_BMD
INFO: [USF-XSim-69] 'compile' step finished in '0' seconds
INFO: [USF-XSim-3] XSim::Elaborate design
INFO: [USF-XSim-61] Executing 'ELABORATE' step in '/home/rhachemi/GitHub/ProjetSystemeInfo/Microcontroleur/microcontroleur.sim/sim_1/behav/xsim'
Vivado Simulator 2018.2
Copyright 1986-1999, 2001-2018 Xilinx, Inc. All Rights Reserved.
Running: /usr/local/insa/Xilinx.VIVADO/Vivado/2018.2/bin/unwrapped/lnx64.o/xelab -wto 82d0cde0ff5c46bda809e1035289a6fa --incr --debug typical --relax --mt 8 -L xil_defaultlib -L secureip --snapshot Test_BMD_behav xil_defaultlib.Test_BMD -log elaborate.log 
Using 8 slave threads.
Starting static elaboration
ERROR: [VRFC 10-664] expression has 1 elements ; expected 8 [/home/rhachemi/GitHub/ProjetSystemeInfo/Microcontroleur/microcontroleur.srcs/sources_1/new/MB.vhd:47]
ERROR: [XSIM 43-3321] Static elaboration of top level VHDL design unit test_bmd in library work failed.
INFO: [USF-XSim-69] 'elaborate' step finished in '1' seconds
INFO: [USF-XSim-99] Step results log file:'/home/rhachemi/GitHub/ProjetSystemeInfo/Microcontroleur/microcontroleur.sim/sim_1/behav/xsim/elaborate.log'
ERROR: [USF-XSim-62] 'elaborate' step failed with error(s). Please check the Tcl console output or '/home/rhachemi/GitHub/ProjetSystemeInfo/Microcontroleur/microcontroleur.sim/sim_1/behav/xsim/elaborate.log' file for more information.
ERROR: [Vivado 12-4473] Detected error while running simulation. Please correct the issue and retry this operation.
ERROR: [Common 17-39] 'launch_simulation' failed due to earlier errors.
reset_run synth_1
WARNING: [Vivado 12-1017] Problems encountered:
1. Failed to delete one or more files in run directory /home/rhachemi/GitHub/ProjetSystemeInfo/Microcontroleur/microcontroleur.runs/synth_1

launch_runs synth_1 -jobs 12
[Mon May 23 10:11:29 2022] Launched synth_1...
Run output will be captured here: /home/rhachemi/GitHub/ProjetSystemeInfo/Microcontroleur/microcontroleur.runs/synth_1/runme.log
launch_runs impl_1 -jobs 12
[Mon May 23 10:12:00 2022] Launched impl_1...
Run output will be captured here: /home/rhachemi/GitHub/ProjetSystemeInfo/Microcontroleur/microcontroleur.runs/impl_1/runme.log
reset_run synth_1
WARNING: [Vivado 12-1017] Problems encountered:
1. Failed to delete one or more files in run directory /home/rhachemi/GitHub/ProjetSystemeInfo/Microcontroleur/microcontroleur.runs/synth_1

launch_runs synth_1 -jobs 12
[Mon May 23 10:12:57 2022] Launched synth_1...
Run output will be captured here: /home/rhachemi/GitHub/ProjetSystemeInfo/Microcontroleur/microcontroleur.runs/synth_1/runme.log
launch_simulation
INFO: [Vivado 12-5682] Launching behavioral simulation in '/home/rhachemi/GitHub/ProjetSystemeInfo/Microcontroleur/microcontroleur.sim/sim_1/behav/xsim'
INFO: [SIM-utils-51] Simulation object is 'sim_1'
INFO: [SIM-utils-54] Inspecting design source files for 'Test_BMD' in fileset 'sim_1'...
INFO: [USF-XSim-97] Finding global include files...
INFO: [USF-XSim-98] Fetching design files from 'sim_1'...
INFO: [USF-XSim-2] XSim::Compile design
INFO: [USF-XSim-61] Executing 'COMPILE and ANALYZE' step in '/home/rhachemi/GitHub/ProjetSystemeInfo/Microcontroleur/microcontroleur.sim/sim_1/behav/xsim'
xvhdl --incr --relax -prj Test_BMD_vhdl.prj
INFO: [VRFC 10-163] Analyzing VHDL file "/home/rhachemi/GitHub/ProjetSystemeInfo/Microcontroleur/microcontroleur.srcs/sources_1/new/MB.vhd" into library xil_defaultlib
INFO: [VRFC 10-307] analyzing entity BMD
INFO: [USF-XSim-69] 'compile' step finished in '1' seconds
INFO: [USF-XSim-3] XSim::Elaborate design
INFO: [USF-XSim-61] Executing 'ELABORATE' step in '/home/rhachemi/GitHub/ProjetSystemeInfo/Microcontroleur/microcontroleur.sim/sim_1/behav/xsim'
Vivado Simulator 2018.2
Copyright 1986-1999, 2001-2018 Xilinx, Inc. All Rights Reserved.
Running: /usr/local/insa/Xilinx.VIVADO/Vivado/2018.2/bin/unwrapped/lnx64.o/xelab -wto 82d0cde0ff5c46bda809e1035289a6fa --incr --debug typical --relax --mt 8 -L xil_defaultlib -L secureip --snapshot Test_BMD_behav xil_defaultlib.Test_BMD -log elaborate.log 
Using 8 slave threads.
Starting static elaboration
Completed static elaboration
Starting simulation data flow analysis
Completed simulation data flow analysis
Time Resolution for simulation is 1ps
Compiling package std.standard
Compiling package std.textio
Compiling package ieee.std_logic_1164
Compiling package ieee.numeric_std
Compiling architecture behavioral of entity xil_defaultlib.BMD [bmd_default]
Compiling architecture behavioral of entity xil_defaultlib.test_bmd
Built simulation snapshot Test_BMD_behav

****** Webtalk v2018.2 (64-bit)
  **** SW Build 2258646 on Thu Jun 14 20:02:38 MDT 2018
  **** IP Build 2256618 on Thu Jun 14 22:10:49 MDT 2018
    ** Copyright 1986-2018 Xilinx, Inc. All Rights Reserved.

source /home/rhachemi/GitHub/ProjetSystemeInfo/Microcontroleur/microcontroleur.sim/sim_1/behav/xsim/xsim.dir/Test_BMD_behav/webtalk/xsim_webtalk.tcl -notrace
INFO: [Common 17-206] Exiting Webtalk at Mon May 23 10:13:55 2022...
INFO: [USF-XSim-69] 'elaborate' step finished in '3' seconds
INFO: [USF-XSim-4] XSim::Simulate design
INFO: [USF-XSim-61] Executing 'SIMULATE' step in '/home/rhachemi/GitHub/ProjetSystemeInfo/Microcontroleur/microcontroleur.sim/sim_1/behav/xsim'
INFO: [USF-XSim-98] *** Running xsim
   with args "Test_BMD_behav -key {Behavioral:sim_1:Functional:Test_BMD} -tclbatch {Test_BMD.tcl} -log {simulate.log}"
INFO: [USF-XSim-8] Loading simulator feature
Vivado Simulator 2018.2
Time resolution is 1 ps
source Test_BMD.tcl
# set curr_wave [current_wave_config]
# if { [string length $curr_wave] == 0 } {
#   if { [llength [get_objects]] > 0} {
#     add_wave /
#     set_property needs_save false [current_wave_config]
#   } else {
#      send_msg_id Add_Wave-1 WARNING "No top level signals found. Simulator will start without a wave window. If you want to open a wave window go to 'File->New Waveform Configuration' or type 'create_wave_config' in the TCL console."
#   }
# }
# run 1000ns
INFO: [USF-XSim-96] XSim completed. Design snapshot 'Test_BMD_behav' loaded.
INFO: [USF-XSim-97] XSim simulation ran for 1000ns
launch_simulation: Time (s): cpu = 00:00:04 ; elapsed = 00:00:06 . Memory (MB): peak = 6505.695 ; gain = 39.824 ; free physical = 11737 ; free virtual = 22861
close_sim
INFO: [Simtcl 6-16] Simulation closed
launch_simulation
INFO: [Vivado 12-5682] Launching behavioral simulation in '/home/rhachemi/GitHub/ProjetSystemeInfo/Microcontroleur/microcontroleur.sim/sim_1/behav/xsim'
INFO: [SIM-utils-51] Simulation object is 'sim_1'
INFO: [SIM-utils-54] Inspecting design source files for 'Test_BMD' in fileset 'sim_1'...
INFO: [USF-XSim-97] Finding global include files...
INFO: [USF-XSim-98] Fetching design files from 'sim_1'...
INFO: [USF-XSim-2] XSim::Compile design
INFO: [USF-XSim-61] Executing 'COMPILE and ANALYZE' step in '/home/rhachemi/GitHub/ProjetSystemeInfo/Microcontroleur/microcontroleur.sim/sim_1/behav/xsim'
xvhdl --incr --relax -prj Test_BMD_vhdl.prj
INFO: [VRFC 10-163] Analyzing VHDL file "/home/rhachemi/GitHub/ProjetSystemeInfo/Microcontroleur/microcontroleur.srcs/sources_1/new/MB.vhd" into library xil_defaultlib
INFO: [VRFC 10-307] analyzing entity BMD
INFO: [VRFC 10-163] Analyzing VHDL file "/home/rhachemi/GitHub/ProjetSystemeInfo/Microcontroleur/microcontroleur.srcs/sim_1/new/Test_BMD.vhd" into library xil_defaultlib
INFO: [VRFC 10-307] analyzing entity Test_BMD
INFO: [USF-XSim-69] 'compile' step finished in '1' seconds
INFO: [USF-XSim-3] XSim::Elaborate design
INFO: [USF-XSim-61] Executing 'ELABORATE' step in '/home/rhachemi/GitHub/ProjetSystemeInfo/Microcontroleur/microcontroleur.sim/sim_1/behav/xsim'
Vivado Simulator 2018.2
Copyright 1986-1999, 2001-2018 Xilinx, Inc. All Rights Reserved.
Running: /usr/local/insa/Xilinx.VIVADO/Vivado/2018.2/bin/unwrapped/lnx64.o/xelab -wto 82d0cde0ff5c46bda809e1035289a6fa --incr --debug typical --relax --mt 8 -L xil_defaultlib -L secureip --snapshot Test_BMD_behav xil_defaultlib.Test_BMD -log elaborate.log 
Using 8 slave threads.
Starting static elaboration
Completed static elaboration
Starting simulation data flow analysis
Completed simulation data flow analysis
Time Resolution for simulation is 1ps
Compiling package std.standard
Compiling package std.textio
Compiling package ieee.std_logic_1164
Compiling package ieee.numeric_std
Compiling architecture behavioral of entity xil_defaultlib.BMD [bmd_default]
Compiling architecture behavioral of entity xil_defaultlib.test_bmd
Built simulation snapshot Test_BMD_behav
INFO: [USF-XSim-69] 'elaborate' step finished in '1' seconds
INFO: [USF-XSim-4] XSim::Simulate design
INFO: [USF-XSim-61] Executing 'SIMULATE' step in '/home/rhachemi/GitHub/ProjetSystemeInfo/Microcontroleur/microcontroleur.sim/sim_1/behav/xsim'
INFO: [USF-XSim-98] *** Running xsim
   with args "Test_BMD_behav -key {Behavioral:sim_1:Functional:Test_BMD} -tclbatch {Test_BMD.tcl} -log {simulate.log}"
INFO: [USF-XSim-8] Loading simulator feature
Vivado Simulator 2018.2
Time resolution is 1 ps
source Test_BMD.tcl
# set curr_wave [current_wave_config]
# if { [string length $curr_wave] == 0 } {
#   if { [llength [get_objects]] > 0} {
#     add_wave /
#     set_property needs_save false [current_wave_config]
#   } else {
#      send_msg_id Add_Wave-1 WARNING "No top level signals found. Simulator will start without a wave window. If you want to open a wave window go to 'File->New Waveform Configuration' or type 'create_wave_config' in the TCL console."
#   }
# }
# run 1000ns
INFO: [USF-XSim-96] XSim completed. Design snapshot 'Test_BMD_behav' loaded.
INFO: [USF-XSim-97] XSim simulation ran for 1000ns
close_sim
INFO: [Simtcl 6-16] Simulation closed
launch_simulation
INFO: [Vivado 12-5682] Launching behavioral simulation in '/home/rhachemi/GitHub/ProjetSystemeInfo/Microcontroleur/microcontroleur.sim/sim_1/behav/xsim'
INFO: [SIM-utils-51] Simulation object is 'sim_1'
INFO: [SIM-utils-54] Inspecting design source files for 'Test_BMD' in fileset 'sim_1'...
INFO: [USF-XSim-97] Finding global include files...
INFO: [USF-XSim-98] Fetching design files from 'sim_1'...
INFO: [USF-XSim-2] XSim::Compile design
INFO: [USF-XSim-61] Executing 'COMPILE and ANALYZE' step in '/home/rhachemi/GitHub/ProjetSystemeInfo/Microcontroleur/microcontroleur.sim/sim_1/behav/xsim'
xvhdl --incr --relax -prj Test_BMD_vhdl.prj
INFO: [VRFC 10-163] Analyzing VHDL file "/home/rhachemi/GitHub/ProjetSystemeInfo/Microcontroleur/microcontroleur.srcs/sim_1/new/Test_BMD.vhd" into library xil_defaultlib
INFO: [VRFC 10-307] analyzing entity Test_BMD
INFO: [USF-XSim-69] 'compile' step finished in '1' seconds
INFO: [USF-XSim-3] XSim::Elaborate design
INFO: [USF-XSim-61] Executing 'ELABORATE' step in '/home/rhachemi/GitHub/ProjetSystemeInfo/Microcontroleur/microcontroleur.sim/sim_1/behav/xsim'
Vivado Simulator 2018.2
Copyright 1986-1999, 2001-2018 Xilinx, Inc. All Rights Reserved.
Running: /usr/local/insa/Xilinx.VIVADO/Vivado/2018.2/bin/unwrapped/lnx64.o/xelab -wto 82d0cde0ff5c46bda809e1035289a6fa --incr --debug typical --relax --mt 8 -L xil_defaultlib -L secureip --snapshot Test_BMD_behav xil_defaultlib.Test_BMD -log elaborate.log 
Using 8 slave threads.
Starting static elaboration
Completed static elaboration
Starting simulation data flow analysis
Completed simulation data flow analysis
Time Resolution for simulation is 1ps
Compiling package std.standard
Compiling package std.textio
Compiling package ieee.std_logic_1164
Compiling package ieee.numeric_std
Compiling architecture behavioral of entity xil_defaultlib.BMD [bmd_default]
Compiling architecture behavioral of entity xil_defaultlib.test_bmd
Built simulation snapshot Test_BMD_behav
INFO: [USF-XSim-69] 'elaborate' step finished in '1' seconds
INFO: [USF-XSim-4] XSim::Simulate design
INFO: [USF-XSim-61] Executing 'SIMULATE' step in '/home/rhachemi/GitHub/ProjetSystemeInfo/Microcontroleur/microcontroleur.sim/sim_1/behav/xsim'
INFO: [USF-XSim-98] *** Running xsim
   with args "Test_BMD_behav -key {Behavioral:sim_1:Functional:Test_BMD} -tclbatch {Test_BMD.tcl} -log {simulate.log}"
INFO: [USF-XSim-8] Loading simulator feature
Vivado Simulator 2018.2
Time resolution is 1 ps
source Test_BMD.tcl
# set curr_wave [current_wave_config]
# if { [string length $curr_wave] == 0 } {
#   if { [llength [get_objects]] > 0} {
#     add_wave /
#     set_property needs_save false [current_wave_config]
#   } else {
#      send_msg_id Add_Wave-1 WARNING "No top level signals found. Simulator will start without a wave window. If you want to open a wave window go to 'File->New Waveform Configuration' or type 'create_wave_config' in the TCL console."
#   }
# }
# run 1000ns
INFO: [USF-XSim-96] XSim completed. Design snapshot 'Test_BMD_behav' loaded.
INFO: [USF-XSim-97] XSim simulation ran for 1000ns
close_sim
INFO: [Simtcl 6-16] Simulation closed
launch_simulation
INFO: [Vivado 12-5682] Launching behavioral simulation in '/home/rhachemi/GitHub/ProjetSystemeInfo/Microcontroleur/microcontroleur.sim/sim_1/behav/xsim'
INFO: [SIM-utils-51] Simulation object is 'sim_1'
INFO: [SIM-utils-54] Inspecting design source files for 'Test_BMD' in fileset 'sim_1'...
INFO: [USF-XSim-97] Finding global include files...
INFO: [USF-XSim-98] Fetching design files from 'sim_1'...
INFO: [USF-XSim-2] XSim::Compile design
INFO: [USF-XSim-61] Executing 'COMPILE and ANALYZE' step in '/home/rhachemi/GitHub/ProjetSystemeInfo/Microcontroleur/microcontroleur.sim/sim_1/behav/xsim'
xvhdl --incr --relax -prj Test_BMD_vhdl.prj
INFO: [VRFC 10-163] Analyzing VHDL file "/home/rhachemi/GitHub/ProjetSystemeInfo/Microcontroleur/microcontroleur.srcs/sim_1/new/Test_BMD.vhd" into library xil_defaultlib
INFO: [VRFC 10-307] analyzing entity Test_BMD
INFO: [USF-XSim-69] 'compile' step finished in '1' seconds
INFO: [USF-XSim-3] XSim::Elaborate design
INFO: [USF-XSim-61] Executing 'ELABORATE' step in '/home/rhachemi/GitHub/ProjetSystemeInfo/Microcontroleur/microcontroleur.sim/sim_1/behav/xsim'
Vivado Simulator 2018.2
Copyright 1986-1999, 2001-2018 Xilinx, Inc. All Rights Reserved.
Running: /usr/local/insa/Xilinx.VIVADO/Vivado/2018.2/bin/unwrapped/lnx64.o/xelab -wto 82d0cde0ff5c46bda809e1035289a6fa --incr --debug typical --relax --mt 8 -L xil_defaultlib -L secureip --snapshot Test_BMD_behav xil_defaultlib.Test_BMD -log elaborate.log 
Using 8 slave threads.
Starting static elaboration
Completed static elaboration
Starting simulation data flow analysis
Completed simulation data flow analysis
Time Resolution for simulation is 1ps
Compiling package std.standard
Compiling package std.textio
Compiling package ieee.std_logic_1164
Compiling package ieee.numeric_std
Compiling architecture behavioral of entity xil_defaultlib.BMD [bmd_default]
Compiling architecture behavioral of entity xil_defaultlib.test_bmd
Built simulation snapshot Test_BMD_behav
INFO: [USF-XSim-69] 'elaborate' step finished in '1' seconds
INFO: [USF-XSim-4] XSim::Simulate design
INFO: [USF-XSim-61] Executing 'SIMULATE' step in '/home/rhachemi/GitHub/ProjetSystemeInfo/Microcontroleur/microcontroleur.sim/sim_1/behav/xsim'
INFO: [USF-XSim-98] *** Running xsim
   with args "Test_BMD_behav -key {Behavioral:sim_1:Functional:Test_BMD} -tclbatch {Test_BMD.tcl} -log {simulate.log}"
INFO: [USF-XSim-8] Loading simulator feature
Vivado Simulator 2018.2
Time resolution is 1 ps
source Test_BMD.tcl
# set curr_wave [current_wave_config]
# if { [string length $curr_wave] == 0 } {
#   if { [llength [get_objects]] > 0} {
#     add_wave /
#     set_property needs_save false [current_wave_config]
#   } else {
#      send_msg_id Add_Wave-1 WARNING "No top level signals found. Simulator will start without a wave window. If you want to open a wave window go to 'File->New Waveform Configuration' or type 'create_wave_config' in the TCL console."
#   }
# }
# run 1000ns
INFO: [USF-XSim-96] XSim completed. Design snapshot 'Test_BMD_behav' loaded.
INFO: [USF-XSim-97] XSim simulation ran for 1000ns
update_compile_order -fileset sources_1
update_compile_order -fileset sources_1
update_compile_order -fileset sources_1
update_compile_order -fileset sources_1
WARNING: [Board 49-26] cannot add Board Part digilentinc.com:genesys2:part0:1.1 available at /usr/local/insa/Xilinx.VIVADO/Vivado/2018.2/data/boards/board_files/genesys2/H/board.xml as part xc7k325tffg900-2 specified in board_part file is either invalid or not available
WARNING: [Board 49-26] cannot add Board Part digilentinc.com:sword:part0:1.0 available at /usr/local/insa/Xilinx.VIVADO/Vivado/2018.2/data/boards/board_files/sword/C.0/board.xml as part xc7k325tffg900-2 specified in board_part file is either invalid or not available
WARNING: [Board 49-26] cannot add Board Part digilentinc.com:genesys2:part0:1.1 available at /usr/local/insa/Xilinx.VIVADO/Vivado/2018.2/data/boards/board_files/genesys2/H/board.xml as part xc7k325tffg900-2 specified in board_part file is either invalid or not available
WARNING: [Board 49-26] cannot add Board Part digilentinc.com:sword:part0:1.0 available at /usr/local/insa/Xilinx.VIVADO/Vivado/2018.2/data/boards/board_files/sword/C.0/board.xml as part xc7k325tffg900-2 specified in board_part file is either invalid or not available
WARNING: [Board 49-26] cannot add Board Part digilentinc.com:genesys2:part0:1.1 available at /usr/local/insa/Xilinx.VIVADO/Vivado/2018.2/data/boards/board_files/genesys2/H/board.xml as part xc7k325tffg900-2 specified in board_part file is either invalid or not available
WARNING: [Board 49-26] cannot add Board Part digilentinc.com:sword:part0:1.0 available at /usr/local/insa/Xilinx.VIVADO/Vivado/2018.2/data/boards/board_files/sword/C.0/board.xml as part xc7k325tffg900-2 specified in board_part file is either invalid or not available
WARNING: [Board 49-26] cannot add Board Part digilentinc.com:genesys2:part0:1.1 available at /usr/local/insa/Xilinx.VIVADO/Vivado/2018.2/data/boards/board_files/genesys2/H/board.xml as part xc7k325tffg900-2 specified in board_part file is either invalid or not available
WARNING: [Board 49-26] cannot add Board Part digilentinc.com:sword:part0:1.0 available at /usr/local/insa/Xilinx.VIVADO/Vivado/2018.2/data/boards/board_files/sword/C.0/board.xml as part xc7k325tffg900-2 specified in board_part file is either invalid or not available
WARNING: [Board 49-26] cannot add Board Part digilentinc.com:genesys2:part0:1.1 available at /usr/local/insa/Xilinx.VIVADO/Vivado/2018.2/data/boards/board_files/genesys2/H/board.xml as part xc7k325tffg900-2 specified in board_part file is either invalid or not available
WARNING: [Board 49-26] cannot add Board Part digilentinc.com:sword:part0:1.0 available at /usr/local/insa/Xilinx.VIVADO/Vivado/2018.2/data/boards/board_files/sword/C.0/board.xml as part xc7k325tffg900-2 specified in board_part file is either invalid or not available
WARNING: [Board 49-26] cannot add Board Part digilentinc.com:genesys2:part0:1.1 available at /usr/local/insa/Xilinx.VIVADO/Vivado/2018.2/data/boards/board_files/genesys2/H/board.xml as part xc7k325tffg900-2 specified in board_part file is either invalid or not available
WARNING: [Board 49-26] cannot add Board Part digilentinc.com:sword:part0:1.0 available at /usr/local/insa/Xilinx.VIVADO/Vivado/2018.2/data/boards/board_files/sword/C.0/board.xml as part xc7k325tffg900-2 specified in board_part file is either invalid or not available
WARNING: [Board 49-26] cannot add Board Part digilentinc.com:genesys2:part0:1.1 available at /usr/local/insa/Xilinx.VIVADO/Vivado/2018.2/data/boards/board_files/genesys2/H/board.xml as part xc7k325tffg900-2 specified in board_part file is either invalid or not available
WARNING: [Board 49-26] cannot add Board Part digilentinc.com:sword:part0:1.0 available at /usr/local/insa/Xilinx.VIVADO/Vivado/2018.2/data/boards/board_files/sword/C.0/board.xml as part xc7k325tffg900-2 specified in board_part file is either invalid or not available
WARNING: [Board 49-26] cannot add Board Part digilentinc.com:genesys2:part0:1.1 available at /usr/local/insa/Xilinx.VIVADO/Vivado/2018.2/data/boards/board_files/genesys2/H/board.xml as part xc7k325tffg900-2 specified in board_part file is either invalid or not available
WARNING: [Board 49-26] cannot add Board Part digilentinc.com:sword:part0:1.0 available at /usr/local/insa/Xilinx.VIVADO/Vivado/2018.2/data/boards/board_files/sword/C.0/board.xml as part xc7k325tffg900-2 specified in board_part file is either invalid or not available
WARNING: [Board 49-26] cannot add Board Part digilentinc.com:genesys2:part0:1.1 available at /usr/local/insa/Xilinx.VIVADO/Vivado/2018.2/data/boards/board_files/genesys2/H/board.xml as part xc7k325tffg900-2 specified in board_part file is either invalid or not available
WARNING: [Board 49-26] cannot add Board Part digilentinc.com:sword:part0:1.0 available at /usr/local/insa/Xilinx.VIVADO/Vivado/2018.2/data/boards/board_files/sword/C.0/board.xml as part xc7k325tffg900-2 specified in board_part file is either invalid or not available
WARNING: [Board 49-26] cannot add Board Part digilentinc.com:genesys2:part0:1.1 available at /usr/local/insa/Xilinx.VIVADO/Vivado/2018.2/data/boards/board_files/genesys2/H/board.xml as part xc7k325tffg900-2 specified in board_part file is either invalid or not available
WARNING: [Board 49-26] cannot add Board Part digilentinc.com:sword:part0:1.0 available at /usr/local/insa/Xilinx.VIVADO/Vivado/2018.2/data/boards/board_files/sword/C.0/board.xml as part xc7k325tffg900-2 specified in board_part file is either invalid or not available
WARNING: [Board 49-26] cannot add Board Part digilentinc.com:genesys2:part0:1.1 available at /usr/local/insa/Xilinx.VIVADO/Vivado/2018.2/data/boards/board_files/genesys2/H/board.xml as part xc7k325tffg900-2 specified in board_part file is either invalid or not available
WARNING: [Board 49-26] cannot add Board Part digilentinc.com:sword:part0:1.0 available at /usr/local/insa/Xilinx.VIVADO/Vivado/2018.2/data/boards/board_files/sword/C.0/board.xml as part xc7k325tffg900-2 specified in board_part file is either invalid or not available
WARNING: [Board 49-26] cannot add Board Part digilentinc.com:genesys2:part0:1.1 available at /usr/local/insa/Xilinx.VIVADO/Vivado/2018.2/data/boards/board_files/genesys2/H/board.xml as part xc7k325tffg900-2 specified in board_part file is either invalid or not available
WARNING: [Board 49-26] cannot add Board Part digilentinc.com:sword:part0:1.0 available at /usr/local/insa/Xilinx.VIVADO/Vivado/2018.2/data/boards/board_files/sword/C.0/board.xml as part xc7k325tffg900-2 specified in board_part file is either invalid or not available
set_property SOURCE_SET sources_1 [get_filesets sim_1]
close [ open /home/rhachemi/GitHub/ProjetSystemeInfo/Microcontroleur/microcontroleur.srcs/sim_1/new/Test_CD.vhd w ]
add_files -fileset sim_1 /home/rhachemi/GitHub/ProjetSystemeInfo/Microcontroleur/microcontroleur.srcs/sim_1/new/Test_CD.vhd
update_compile_order -fileset sim_1
close_sim
INFO: [Simtcl 6-16] Simulation closed
close_sim
INFO: [Simtcl 6-16] Simulation closed
exit
INFO: [Common 17-206] Exiting Vivado at Mon May 23 12:14:30 2022...
