#-----------------------------------------------------------
# Vivado v2018.2 (64-bit)
# SW Build 2258646 on Thu Jun 14 20:02:38 MDT 2018
# IP Build 2256618 on Thu Jun 14 22:10:49 MDT 2018
# Start of session at: Sat May 28 14:41:49 2022
# Process ID: 159392
# Current directory: /home/rhachemi/GitHub/ProjetSystemeInfo/Microcontroleur
# Command line: vivado
# Log file: /home/rhachemi/GitHub/ProjetSystemeInfo/Microcontroleur/vivado.log
# Journal file: /home/rhachemi/GitHub/ProjetSystemeInfo/Microcontroleur/vivado.jou
#-----------------------------------------------------------
start_gui
open_project /home/rhachemi/GitHub/ProjetSystemeInfo/Microcontroleur/microcontroleur.xpr
Scanning sources...
Finished scanning sources
INFO: [IP_Flow 19-234] Refreshing IP repositories
INFO: [IP_Flow 19-1704] No user IP repositories specified
INFO: [IP_Flow 19-2313] Loaded Vivado IP repository '/usr/local/insa/Xilinx.VIVADO/Vivado/2018.2/data/ip'.
open_project: Time (s): cpu = 00:00:23 ; elapsed = 00:00:09 . Memory (MB): peak = 6341.805 ; gain = 82.543 ; free physical = 107169 ; free virtual = 136134
update_compile_order -fileset sources_1
launch_simulation
INFO: [Vivado 12-5682] Launching behavioral simulation in '/home/rhachemi/GitHub/ProjetSystemeInfo/Microcontroleur/microcontroleur.sim/sim_1/behav/xsim'
INFO: [SIM-utils-51] Simulation object is 'sim_1'
INFO: [SIM-utils-54] Inspecting design source files for 'Test_CD' in fileset 'sim_1'...
INFO: [USF-XSim-97] Finding global include files...
INFO: [USF-XSim-98] Fetching design files from 'sim_1'...
INFO: [USF-XSim-2] XSim::Compile design
INFO: [USF-XSim-61] Executing 'COMPILE and ANALYZE' step in '/home/rhachemi/GitHub/ProjetSystemeInfo/Microcontroleur/microcontroleur.sim/sim_1/behav/xsim'
xvhdl --incr --relax -prj Test_CD_vhdl.prj
INFO: [VRFC 10-163] Analyzing VHDL file "/home/rhachemi/GitHub/ProjetSystemeInfo/Microcontroleur/microcontroleur.srcs/sources_1/new/BMI.vhd" into library xil_defaultlib
INFO: [VRFC 10-307] analyzing entity BMI
INFO: [VRFC 10-163] Analyzing VHDL file "/home/rhachemi/GitHub/ProjetSystemeInfo/Microcontroleur/microcontroleur.srcs/sources_1/new/CheminDeDonnees.vhd" into library xil_defaultlib
INFO: [VRFC 10-307] analyzing entity CheminDeDonnees
INFO: [USF-XSim-69] 'compile' step finished in '2' seconds
INFO: [USF-XSim-3] XSim::Elaborate design
INFO: [USF-XSim-61] Executing 'ELABORATE' step in '/home/rhachemi/GitHub/ProjetSystemeInfo/Microcontroleur/microcontroleur.sim/sim_1/behav/xsim'
Vivado Simulator 2018.2
Copyright 1986-1999, 2001-2018 Xilinx, Inc. All Rights Reserved.
Running: /usr/local/insa/Xilinx.VIVADO/Vivado/2018.2/bin/unwrapped/lnx64.o/xelab -wto 82d0cde0ff5c46bda809e1035289a6fa --incr --debug typical --relax --mt 8 -L xil_defaultlib -L secureip --snapshot Test_CD_behav xil_defaultlib.Test_CD -log elaborate.log 
Using 8 slave threads.
Starting static elaboration
Completed static elaboration
Starting simulation data flow analysis
Completed simulation data flow analysis
Time Resolution for simulation is 1ps
Compiling package std.standard
Compiling package std.textio
Compiling package ieee.std_logic_1164
Compiling package ieee.numeric_std
Compiling package ieee.std_logic_arith
Compiling package ieee.std_logic_unsigned
Compiling package ieee.math_real
Compiling architecture behavioral of entity xil_defaultlib.BR [br_default]
Compiling architecture behavioral of entity xil_defaultlib.UAL [ual_default]
Compiling architecture behavioral of entity xil_defaultlib.BMD [bmd_default]
Compiling architecture behavioral of entity xil_defaultlib.BMI [bmi_default]
Compiling architecture behavioral of entity xil_defaultlib.CheminDeDonnees [chemindedonnees_default]
Compiling architecture behavioral of entity xil_defaultlib.test_cd
Built simulation snapshot Test_CD_behav

****** Webtalk v2018.2 (64-bit)
  **** SW Build 2258646 on Thu Jun 14 20:02:38 MDT 2018
  **** IP Build 2256618 on Thu Jun 14 22:10:49 MDT 2018
    ** Copyright 1986-2018 Xilinx, Inc. All Rights Reserved.

source /home/rhachemi/GitHub/ProjetSystemeInfo/Microcontroleur/microcontroleur.sim/sim_1/behav/xsim/xsim.dir/Test_CD_behav/webtalk/xsim_webtalk.tcl -notrace
INFO: [Common 17-206] Exiting Webtalk at Sat May 28 15:06:43 2022...
run_program: Time (s): cpu = 00:00:04 ; elapsed = 00:00:06 . Memory (MB): peak = 6367.816 ; gain = 0.000 ; free physical = 107080 ; free virtual = 136146
INFO: [USF-XSim-69] 'elaborate' step finished in '5' seconds
INFO: [USF-XSim-4] XSim::Simulate design
INFO: [USF-XSim-61] Executing 'SIMULATE' step in '/home/rhachemi/GitHub/ProjetSystemeInfo/Microcontroleur/microcontroleur.sim/sim_1/behav/xsim'
INFO: [USF-XSim-98] *** Running xsim
   with args "Test_CD_behav -key {Behavioral:sim_1:Functional:Test_CD} -tclbatch {Test_CD.tcl} -log {simulate.log}"
INFO: [USF-XSim-8] Loading simulator feature
Vivado Simulator 2018.2
Time resolution is 1 ps
WARNING: [Simulator 45-24] Previous breakpoint at line 179 in file '/home/rhachemi/GitHub/ProjetSystemeInfo/Microcontroleur/microcontroleur.srcs/sources_1/new/CheminDeDonnees.vhd' not restored because it is no longer a breakable line.
source Test_CD.tcl
# set curr_wave [current_wave_config]
# if { [string length $curr_wave] == 0 } {
#   if { [llength [get_objects]] > 0} {
#     add_wave /
#     set_property needs_save false [current_wave_config]
#   } else {
#      send_msg_id Add_Wave-1 WARNING "No top level signals found. Simulator will start without a wave window. If you want to open a wave window go to 'File->New Waveform Configuration' or type 'create_wave_config' in the TCL console."
#   }
# }
# run 1000ns
INFO: [USF-XSim-96] XSim completed. Design snapshot 'Test_CD_behav' loaded.
INFO: [USF-XSim-97] XSim simulation ran for 1000ns
launch_simulation: Time (s): cpu = 00:00:20 ; elapsed = 00:00:14 . Memory (MB): peak = 6438.449 ; gain = 70.633 ; free physical = 106987 ; free virtual = 136075
restart
INFO: [Simtcl 6-17] Simulation restarted
add_bp {/home/rhachemi/GitHub/ProjetSystemeInfo/Microcontroleur/microcontroleur.srcs/sources_1/new/CheminDeDonnees.vhd} 180
run all
Stopped at time : 0 fs : File "/home/rhachemi/GitHub/ProjetSystemeInfo/Microcontroleur/microcontroleur.srcs/sources_1/new/CheminDeDonnees.vhd" Line 180
run all
Stopped at time : 0 fs : File "/home/rhachemi/GitHub/ProjetSystemeInfo/Microcontroleur/microcontroleur.srcs/sources_1/new/CheminDeDonnees.vhd" Line 180
run all
Stopped at time : 5 ns : File "/home/rhachemi/GitHub/ProjetSystemeInfo/Microcontroleur/microcontroleur.srcs/sources_1/new/CheminDeDonnees.vhd" Line 180
run all
Stopped at time : 10 ns : File "/home/rhachemi/GitHub/ProjetSystemeInfo/Microcontroleur/microcontroleur.srcs/sources_1/new/CheminDeDonnees.vhd" Line 180
run all
Stopped at time : 15 ns : File "/home/rhachemi/GitHub/ProjetSystemeInfo/Microcontroleur/microcontroleur.srcs/sources_1/new/CheminDeDonnees.vhd" Line 180
run all
Stopped at time : 20 ns : File "/home/rhachemi/GitHub/ProjetSystemeInfo/Microcontroleur/microcontroleur.srcs/sources_1/new/CheminDeDonnees.vhd" Line 180
run all
Stopped at time : 25 ns : File "/home/rhachemi/GitHub/ProjetSystemeInfo/Microcontroleur/microcontroleur.srcs/sources_1/new/CheminDeDonnees.vhd" Line 180
run all
Stopped at time : 30 ns : File "/home/rhachemi/GitHub/ProjetSystemeInfo/Microcontroleur/microcontroleur.srcs/sources_1/new/CheminDeDonnees.vhd" Line 180
run all
Stopped at time : 35 ns : File "/home/rhachemi/GitHub/ProjetSystemeInfo/Microcontroleur/microcontroleur.srcs/sources_1/new/CheminDeDonnees.vhd" Line 180
run all
Stopped at time : 40 ns : File "/home/rhachemi/GitHub/ProjetSystemeInfo/Microcontroleur/microcontroleur.srcs/sources_1/new/CheminDeDonnees.vhd" Line 180
run all
Stopped at time : 45 ns : File "/home/rhachemi/GitHub/ProjetSystemeInfo/Microcontroleur/microcontroleur.srcs/sources_1/new/CheminDeDonnees.vhd" Line 180
run all
Stopped at time : 50 ns : File "/home/rhachemi/GitHub/ProjetSystemeInfo/Microcontroleur/microcontroleur.srcs/sources_1/new/CheminDeDonnees.vhd" Line 180
run all
Stopped at time : 55 ns : File "/home/rhachemi/GitHub/ProjetSystemeInfo/Microcontroleur/microcontroleur.srcs/sources_1/new/CheminDeDonnees.vhd" Line 180
run all
Stopped at time : 60 ns : File "/home/rhachemi/GitHub/ProjetSystemeInfo/Microcontroleur/microcontroleur.srcs/sources_1/new/CheminDeDonnees.vhd" Line 180
run all
Stopped at time : 65 ns : File "/home/rhachemi/GitHub/ProjetSystemeInfo/Microcontroleur/microcontroleur.srcs/sources_1/new/CheminDeDonnees.vhd" Line 180
run all
Stopped at time : 70 ns : File "/home/rhachemi/GitHub/ProjetSystemeInfo/Microcontroleur/microcontroleur.srcs/sources_1/new/CheminDeDonnees.vhd" Line 180
run all
Stopped at time : 75 ns : File "/home/rhachemi/GitHub/ProjetSystemeInfo/Microcontroleur/microcontroleur.srcs/sources_1/new/CheminDeDonnees.vhd" Line 180
restart
INFO: [Simtcl 6-17] Simulation restarted
run all
Stopped at time : 0 fs : File "/home/rhachemi/GitHub/ProjetSystemeInfo/Microcontroleur/microcontroleur.srcs/sources_1/new/CheminDeDonnees.vhd" Line 180
run all
Stopped at time : 0 fs : File "/home/rhachemi/GitHub/ProjetSystemeInfo/Microcontroleur/microcontroleur.srcs/sources_1/new/CheminDeDonnees.vhd" Line 180
run all
Stopped at time : 5 ns : File "/home/rhachemi/GitHub/ProjetSystemeInfo/Microcontroleur/microcontroleur.srcs/sources_1/new/CheminDeDonnees.vhd" Line 180
run all
Stopped at time : 10 ns : File "/home/rhachemi/GitHub/ProjetSystemeInfo/Microcontroleur/microcontroleur.srcs/sources_1/new/CheminDeDonnees.vhd" Line 180
run all
Stopped at time : 15 ns : File "/home/rhachemi/GitHub/ProjetSystemeInfo/Microcontroleur/microcontroleur.srcs/sources_1/new/CheminDeDonnees.vhd" Line 180
run all
Stopped at time : 20 ns : File "/home/rhachemi/GitHub/ProjetSystemeInfo/Microcontroleur/microcontroleur.srcs/sources_1/new/CheminDeDonnees.vhd" Line 180
run all
Stopped at time : 25 ns : File "/home/rhachemi/GitHub/ProjetSystemeInfo/Microcontroleur/microcontroleur.srcs/sources_1/new/CheminDeDonnees.vhd" Line 180
run all
Stopped at time : 30 ns : File "/home/rhachemi/GitHub/ProjetSystemeInfo/Microcontroleur/microcontroleur.srcs/sources_1/new/CheminDeDonnees.vhd" Line 180
run all
Stopped at time : 35 ns : File "/home/rhachemi/GitHub/ProjetSystemeInfo/Microcontroleur/microcontroleur.srcs/sources_1/new/CheminDeDonnees.vhd" Line 180
run all
Stopped at time : 40 ns : File "/home/rhachemi/GitHub/ProjetSystemeInfo/Microcontroleur/microcontroleur.srcs/sources_1/new/CheminDeDonnees.vhd" Line 180
run all
Stopped at time : 45 ns : File "/home/rhachemi/GitHub/ProjetSystemeInfo/Microcontroleur/microcontroleur.srcs/sources_1/new/CheminDeDonnees.vhd" Line 180
run all
Stopped at time : 50 ns : File "/home/rhachemi/GitHub/ProjetSystemeInfo/Microcontroleur/microcontroleur.srcs/sources_1/new/CheminDeDonnees.vhd" Line 180
run all
Stopped at time : 55 ns : File "/home/rhachemi/GitHub/ProjetSystemeInfo/Microcontroleur/microcontroleur.srcs/sources_1/new/CheminDeDonnees.vhd" Line 180
run all
Stopped at time : 60 ns : File "/home/rhachemi/GitHub/ProjetSystemeInfo/Microcontroleur/microcontroleur.srcs/sources_1/new/CheminDeDonnees.vhd" Line 180
run all
Stopped at time : 65 ns : File "/home/rhachemi/GitHub/ProjetSystemeInfo/Microcontroleur/microcontroleur.srcs/sources_1/new/CheminDeDonnees.vhd" Line 180
run all
Stopped at time : 70 ns : File "/home/rhachemi/GitHub/ProjetSystemeInfo/Microcontroleur/microcontroleur.srcs/sources_1/new/CheminDeDonnees.vhd" Line 180
run all
Stopped at time : 75 ns : File "/home/rhachemi/GitHub/ProjetSystemeInfo/Microcontroleur/microcontroleur.srcs/sources_1/new/CheminDeDonnees.vhd" Line 180
run all
Stopped at time : 80 ns : File "/home/rhachemi/GitHub/ProjetSystemeInfo/Microcontroleur/microcontroleur.srcs/sources_1/new/CheminDeDonnees.vhd" Line 180
run all
Stopped at time : 85 ns : File "/home/rhachemi/GitHub/ProjetSystemeInfo/Microcontroleur/microcontroleur.srcs/sources_1/new/CheminDeDonnees.vhd" Line 180
run all
Stopped at time : 90 ns : File "/home/rhachemi/GitHub/ProjetSystemeInfo/Microcontroleur/microcontroleur.srcs/sources_1/new/CheminDeDonnees.vhd" Line 180
run all
Stopped at time : 95 ns : File "/home/rhachemi/GitHub/ProjetSystemeInfo/Microcontroleur/microcontroleur.srcs/sources_1/new/CheminDeDonnees.vhd" Line 180
run all
Stopped at time : 100 ns : File "/home/rhachemi/GitHub/ProjetSystemeInfo/Microcontroleur/microcontroleur.srcs/sources_1/new/CheminDeDonnees.vhd" Line 180
run all
Stopped at time : 105 ns : File "/home/rhachemi/GitHub/ProjetSystemeInfo/Microcontroleur/microcontroleur.srcs/sources_1/new/CheminDeDonnees.vhd" Line 180
run all
Stopped at time : 110 ns : File "/home/rhachemi/GitHub/ProjetSystemeInfo/Microcontroleur/microcontroleur.srcs/sources_1/new/CheminDeDonnees.vhd" Line 180
run all
Stopped at time : 115 ns : File "/home/rhachemi/GitHub/ProjetSystemeInfo/Microcontroleur/microcontroleur.srcs/sources_1/new/CheminDeDonnees.vhd" Line 180
run all
Stopped at time : 120 ns : File "/home/rhachemi/GitHub/ProjetSystemeInfo/Microcontroleur/microcontroleur.srcs/sources_1/new/CheminDeDonnees.vhd" Line 180
update_compile_order -fileset sources_1
update_compile_order -fileset sources_1
reset_run synth_1
WARNING: [Vivado 12-1017] Problems encountered:
1. Failed to delete one or more files in run directory /home/rhachemi/GitHub/ProjetSystemeInfo/Microcontroleur/microcontroleur.runs/synth_1

launch_runs synth_1 -jobs 12
[Sat May 28 15:42:37 2022] Launched synth_1...
Run output will be captured here: /home/rhachemi/GitHub/ProjetSystemeInfo/Microcontroleur/microcontroleur.runs/synth_1/runme.log
close_sim
INFO: [Simtcl 6-16] Simulation closed
launch_simulation
INFO: [Vivado 12-5682] Launching behavioral simulation in '/home/rhachemi/GitHub/ProjetSystemeInfo/Microcontroleur/microcontroleur.sim/sim_1/behav/xsim'
INFO: [SIM-utils-51] Simulation object is 'sim_1'
INFO: [SIM-utils-54] Inspecting design source files for 'Test_CD' in fileset 'sim_1'...
INFO: [USF-XSim-97] Finding global include files...
INFO: [USF-XSim-98] Fetching design files from 'sim_1'...
INFO: [USF-XSim-2] XSim::Compile design
INFO: [USF-XSim-61] Executing 'COMPILE and ANALYZE' step in '/home/rhachemi/GitHub/ProjetSystemeInfo/Microcontroleur/microcontroleur.sim/sim_1/behav/xsim'
xvhdl --incr --relax -prj Test_CD_vhdl.prj
INFO: [VRFC 10-163] Analyzing VHDL file "/home/rhachemi/GitHub/ProjetSystemeInfo/Microcontroleur/microcontroleur.srcs/sources_1/new/BMI.vhd" into library xil_defaultlib
INFO: [VRFC 10-307] analyzing entity BMI
INFO: [VRFC 10-163] Analyzing VHDL file "/home/rhachemi/GitHub/ProjetSystemeInfo/Microcontroleur/microcontroleur.srcs/sources_1/new/CheminDeDonnees.vhd" into library xil_defaultlib
INFO: [VRFC 10-307] analyzing entity CheminDeDonnees
INFO: [USF-XSim-69] 'compile' step finished in '2' seconds
INFO: [USF-XSim-3] XSim::Elaborate design
INFO: [USF-XSim-61] Executing 'ELABORATE' step in '/home/rhachemi/GitHub/ProjetSystemeInfo/Microcontroleur/microcontroleur.sim/sim_1/behav/xsim'
Vivado Simulator 2018.2
Copyright 1986-1999, 2001-2018 Xilinx, Inc. All Rights Reserved.
Running: /usr/local/insa/Xilinx.VIVADO/Vivado/2018.2/bin/unwrapped/lnx64.o/xelab -wto 82d0cde0ff5c46bda809e1035289a6fa --incr --debug typical --relax --mt 8 -L xil_defaultlib -L secureip --snapshot Test_CD_behav xil_defaultlib.Test_CD -log elaborate.log 
Using 8 slave threads.
Starting static elaboration
Completed static elaboration
Starting simulation data flow analysis
Completed simulation data flow analysis
Time Resolution for simulation is 1ps
Compiling package std.standard
Compiling package std.textio
Compiling package ieee.std_logic_1164
Compiling package ieee.numeric_std
Compiling package ieee.std_logic_arith
Compiling package ieee.std_logic_unsigned
Compiling package ieee.math_real
Compiling architecture behavioral of entity xil_defaultlib.BR [br_default]
Compiling architecture behavioral of entity xil_defaultlib.UAL [ual_default]
Compiling architecture behavioral of entity xil_defaultlib.BMD [bmd_default]
Compiling architecture behavioral of entity xil_defaultlib.BMI [bmi_default]
Compiling architecture behavioral of entity xil_defaultlib.CheminDeDonnees [chemindedonnees_default]
Compiling architecture behavioral of entity xil_defaultlib.test_cd
Built simulation snapshot Test_CD_behav
INFO: [USF-XSim-69] 'elaborate' step finished in '1' seconds
INFO: [USF-XSim-4] XSim::Simulate design
INFO: [USF-XSim-61] Executing 'SIMULATE' step in '/home/rhachemi/GitHub/ProjetSystemeInfo/Microcontroleur/microcontroleur.sim/sim_1/behav/xsim'
INFO: [USF-XSim-98] *** Running xsim
   with args "Test_CD_behav -key {Behavioral:sim_1:Functional:Test_CD} -tclbatch {Test_CD.tcl} -log {simulate.log}"
INFO: [USF-XSim-8] Loading simulator feature
Vivado Simulator 2018.2
Time resolution is 1 ps
source Test_CD.tcl
# set curr_wave [current_wave_config]
# if { [string length $curr_wave] == 0 } {
#   if { [llength [get_objects]] > 0} {
#     add_wave /
#     set_property needs_save false [current_wave_config]
#   } else {
#      send_msg_id Add_Wave-1 WARNING "No top level signals found. Simulator will start without a wave window. If you want to open a wave window go to 'File->New Waveform Configuration' or type 'create_wave_config' in the TCL console."
#   }
# }
# run 1000ns
Stopped at time : 0 fs : File "/home/rhachemi/GitHub/ProjetSystemeInfo/Microcontroleur/microcontroleur.srcs/sources_1/new/CheminDeDonnees.vhd" Line 180
INFO: [USF-XSim-96] XSim completed. Design snapshot 'Test_CD_behav' loaded.
INFO: [USF-XSim-97] XSim simulation ran for 1000ns
launch_simulation: Time (s): cpu = 00:00:11 ; elapsed = 00:00:07 . Memory (MB): peak = 6651.992 ; gain = 0.984 ; free physical = 104293 ; free virtual = 136477
run all
Stopped at time : 0 fs : File "/home/rhachemi/GitHub/ProjetSystemeInfo/Microcontroleur/microcontroleur.srcs/sources_1/new/CheminDeDonnees.vhd" Line 180
run all
Stopped at time : 5 ns : File "/home/rhachemi/GitHub/ProjetSystemeInfo/Microcontroleur/microcontroleur.srcs/sources_1/new/CheminDeDonnees.vhd" Line 180
run all
Stopped at time : 10 ns : File "/home/rhachemi/GitHub/ProjetSystemeInfo/Microcontroleur/microcontroleur.srcs/sources_1/new/CheminDeDonnees.vhd" Line 180
run all
Stopped at time : 15 ns : File "/home/rhachemi/GitHub/ProjetSystemeInfo/Microcontroleur/microcontroleur.srcs/sources_1/new/CheminDeDonnees.vhd" Line 180
run all
Stopped at time : 20 ns : File "/home/rhachemi/GitHub/ProjetSystemeInfo/Microcontroleur/microcontroleur.srcs/sources_1/new/CheminDeDonnees.vhd" Line 180
run all
Stopped at time : 25 ns : File "/home/rhachemi/GitHub/ProjetSystemeInfo/Microcontroleur/microcontroleur.srcs/sources_1/new/CheminDeDonnees.vhd" Line 180
run all
Stopped at time : 30 ns : File "/home/rhachemi/GitHub/ProjetSystemeInfo/Microcontroleur/microcontroleur.srcs/sources_1/new/CheminDeDonnees.vhd" Line 180
remove_bps -file {/home/rhachemi/GitHub/ProjetSystemeInfo/Microcontroleur/microcontroleur.srcs/sources_1/new/CheminDeDonnees.vhd} -line 180
run all
run: Time (s): cpu = 00:00:24 ; elapsed = 00:00:30 . Memory (MB): peak = 6656.996 ; gain = 0.000 ; free physical = 104524 ; free virtual = 137095
save_wave_config {/home/rhachemi/GitHub/ProjetSystemeInfo/Microcontroleur/Test_CD_ALU.wcfg}
add_files -fileset sim_1 -norecurse /home/rhachemi/GitHub/ProjetSystemeInfo/Microcontroleur/Test_CD_ALU.wcfg
set_property xsim.view /home/rhachemi/GitHub/ProjetSystemeInfo/Microcontroleur/Test_CD_ALU.wcfg [get_filesets sim_1]
reset_run synth_1
WARNING: [Vivado 12-1017] Problems encountered:
1. Failed to delete one or more files in run directory /home/rhachemi/GitHub/ProjetSystemeInfo/Microcontroleur/microcontroleur.runs/synth_1

launch_runs synth_1 -jobs 12
[Sat May 28 16:01:20 2022] Launched synth_1...
Run output will be captured here: /home/rhachemi/GitHub/ProjetSystemeInfo/Microcontroleur/microcontroleur.runs/synth_1/runme.log
run all
run: Time (s): cpu = 00:00:06 ; elapsed = 00:00:07 . Memory (MB): peak = 6678.020 ; gain = 0.000 ; free physical = 103466 ; free virtual = 136161
restart
INFO: [Simtcl 6-17] Simulation restarted
run 200 ns
relaunch_sim
INFO: [Vivado 12-5682] Launching behavioral simulation in '/home/rhachemi/GitHub/ProjetSystemeInfo/Microcontroleur/microcontroleur.sim/sim_1/behav/xsim'
INFO: [SIM-utils-51] Simulation object is 'sim_1'
INFO: [SIM-utils-54] Inspecting design source files for 'Test_CD' in fileset 'sim_1'...
INFO: [USF-XSim-97] Finding global include files...
INFO: [USF-XSim-98] Fetching design files from 'sim_1'...
INFO: [USF-XSim-2] XSim::Compile design
INFO: [USF-XSim-61] Executing 'COMPILE and ANALYZE' step in '/home/rhachemi/GitHub/ProjetSystemeInfo/Microcontroleur/microcontroleur.sim/sim_1/behav/xsim'
xvhdl --incr --relax -prj Test_CD_vhdl.prj
INFO: [VRFC 10-163] Analyzing VHDL file "/home/rhachemi/GitHub/ProjetSystemeInfo/Microcontroleur/microcontroleur.srcs/sources_1/new/UAL.vhd" into library xil_defaultlib
INFO: [VRFC 10-307] analyzing entity UAL
INFO: [USF-XSim-69] 'compile' step finished in '2' seconds
INFO: [Vivado 12-5682] Launching behavioral simulation in '/home/rhachemi/GitHub/ProjetSystemeInfo/Microcontroleur/microcontroleur.sim/sim_1/behav/xsim'
INFO: [USF-XSim-3] XSim::Elaborate design
INFO: [USF-XSim-61] Executing 'ELABORATE' step in '/home/rhachemi/GitHub/ProjetSystemeInfo/Microcontroleur/microcontroleur.sim/sim_1/behav/xsim'
Vivado Simulator 2018.2
Copyright 1986-1999, 2001-2018 Xilinx, Inc. All Rights Reserved.
Running: /usr/local/insa/Xilinx.VIVADO/Vivado/2018.2/bin/unwrapped/lnx64.o/xelab -wto 82d0cde0ff5c46bda809e1035289a6fa --incr --debug typical --relax --mt 8 -L xil_defaultlib -L secureip --snapshot Test_CD_behav xil_defaultlib.Test_CD -log elaborate.log 
Using 8 slave threads.
Starting static elaboration
Completed static elaboration
Starting simulation data flow analysis
Completed simulation data flow analysis
Time Resolution for simulation is 1ps
Compiling package std.standard
Compiling package std.textio
Compiling package ieee.std_logic_1164
Compiling package ieee.numeric_std
Compiling package ieee.std_logic_arith
Compiling package ieee.std_logic_unsigned
Compiling package ieee.math_real
Compiling architecture behavioral of entity xil_defaultlib.BR [br_default]
Compiling architecture behavioral of entity xil_defaultlib.UAL [ual_default]
Compiling architecture behavioral of entity xil_defaultlib.BMD [bmd_default]
Compiling architecture behavioral of entity xil_defaultlib.BMI [bmi_default]
Compiling architecture behavioral of entity xil_defaultlib.CheminDeDonnees [chemindedonnees_default]
Compiling architecture behavioral of entity xil_defaultlib.test_cd
Built simulation snapshot Test_CD_behav
INFO: [USF-XSim-69] 'elaborate' step finished in '1' seconds
Vivado Simulator 2018.2
Time resolution is 1 ps
relaunch_sim: Time (s): cpu = 00:00:50 ; elapsed = 00:00:08 . Memory (MB): peak = 6678.020 ; gain = 0.000 ; free physical = 103987 ; free virtual = 136193
restart
INFO: [Simtcl 6-17] Simulation restarted
close_sim
INFO: [Simtcl 6-16] Simulation closed
exit
