#-----------------------------------------------------------
# Vivado v2018.2 (64-bit)
# SW Build 2258646 on Thu Jun 14 20:02:38 MDT 2018
# IP Build 2256618 on Thu Jun 14 22:10:49 MDT 2018
# Start of session at: Fri Apr  8 12:41:24 2022
# Process ID: 3563
# Current directory: /home/rhachemi/GitHub/ProjetSystemeInfo/Microcontroleur
# Command line: vivado
# Log file: /home/rhachemi/GitHub/ProjetSystemeInfo/Microcontroleur/vivado.log
# Journal file: /home/rhachemi/GitHub/ProjetSystemeInfo/Microcontroleur/vivado.jou
#-----------------------------------------------------------
start_gui
WARNING: [Board 49-26] cannot add Board Part digilentinc.com:genesys2:part0:1.1 available at /usr/local/insa/Xilinx.VIVADO/Vivado/2018.2/data/boards/board_files/genesys2/H/board.xml as part xc7k325tffg900-2 specified in board_part file is either invalid or not available
WARNING: [Board 49-26] cannot add Board Part digilentinc.com:sword:part0:1.0 available at /usr/local/insa/Xilinx.VIVADO/Vivado/2018.2/data/boards/board_files/sword/C.0/board.xml as part xc7k325tffg900-2 specified in board_part file is either invalid or not available
WARNING: [Board 49-26] cannot add Board Part digilentinc.com:genesys2:part0:1.1 available at /usr/local/insa/Xilinx.VIVADO/Vivado/2018.2/data/boards/board_files/genesys2/H/board.xml as part xc7k325tffg900-2 specified in board_part file is either invalid or not available
WARNING: [Board 49-26] cannot add Board Part digilentinc.com:sword:part0:1.0 available at /usr/local/insa/Xilinx.VIVADO/Vivado/2018.2/data/boards/board_files/sword/C.0/board.xml as part xc7k325tffg900-2 specified in board_part file is either invalid or not available
WARNING: [Board 49-26] cannot add Board Part digilentinc.com:genesys2:part0:1.1 available at /usr/local/insa/Xilinx.VIVADO/Vivado/2018.2/data/boards/board_files/genesys2/H/board.xml as part xc7k325tffg900-2 specified in board_part file is either invalid or not available
WARNING: [Board 49-26] cannot add Board Part digilentinc.com:sword:part0:1.0 available at /usr/local/insa/Xilinx.VIVADO/Vivado/2018.2/data/boards/board_files/sword/C.0/board.xml as part xc7k325tffg900-2 specified in board_part file is either invalid or not available
WARNING: [Board 49-26] cannot add Board Part digilentinc.com:genesys2:part0:1.1 available at /usr/local/insa/Xilinx.VIVADO/Vivado/2018.2/data/boards/board_files/genesys2/H/board.xml as part xc7k325tffg900-2 specified in board_part file is either invalid or not available
WARNING: [Board 49-26] cannot add Board Part digilentinc.com:sword:part0:1.0 available at /usr/local/insa/Xilinx.VIVADO/Vivado/2018.2/data/boards/board_files/sword/C.0/board.xml as part xc7k325tffg900-2 specified in board_part file is either invalid or not available
WARNING: [Board 49-26] cannot add Board Part digilentinc.com:genesys2:part0:1.1 available at /usr/local/insa/Xilinx.VIVADO/Vivado/2018.2/data/boards/board_files/genesys2/H/board.xml as part xc7k325tffg900-2 specified in board_part file is either invalid or not available
WARNING: [Board 49-26] cannot add Board Part digilentinc.com:sword:part0:1.0 available at /usr/local/insa/Xilinx.VIVADO/Vivado/2018.2/data/boards/board_files/sword/C.0/board.xml as part xc7k325tffg900-2 specified in board_part file is either invalid or not available
WARNING: [Board 49-26] cannot add Board Part digilentinc.com:genesys2:part0:1.1 available at /usr/local/insa/Xilinx.VIVADO/Vivado/2018.2/data/boards/board_files/genesys2/H/board.xml as part xc7k325tffg900-2 specified in board_part file is either invalid or not available
WARNING: [Board 49-26] cannot add Board Part digilentinc.com:sword:part0:1.0 available at /usr/local/insa/Xilinx.VIVADO/Vivado/2018.2/data/boards/board_files/sword/C.0/board.xml as part xc7k325tffg900-2 specified in board_part file is either invalid or not available
WARNING: [Board 49-26] cannot add Board Part digilentinc.com:genesys2:part0:1.1 available at /usr/local/insa/Xilinx.VIVADO/Vivado/2018.2/data/boards/board_files/genesys2/H/board.xml as part xc7k325tffg900-2 specified in board_part file is either invalid or not available
WARNING: [Board 49-26] cannot add Board Part digilentinc.com:sword:part0:1.0 available at /usr/local/insa/Xilinx.VIVADO/Vivado/2018.2/data/boards/board_files/sword/C.0/board.xml as part xc7k325tffg900-2 specified in board_part file is either invalid or not available
WARNING: [Board 49-26] cannot add Board Part digilentinc.com:genesys2:part0:1.1 available at /usr/local/insa/Xilinx.VIVADO/Vivado/2018.2/data/boards/board_files/genesys2/H/board.xml as part xc7k325tffg900-2 specified in board_part file is either invalid or not available
WARNING: [Board 49-26] cannot add Board Part digilentinc.com:sword:part0:1.0 available at /usr/local/insa/Xilinx.VIVADO/Vivado/2018.2/data/boards/board_files/sword/C.0/board.xml as part xc7k325tffg900-2 specified in board_part file is either invalid or not available
WARNING: [Board 49-26] cannot add Board Part digilentinc.com:genesys2:part0:1.1 available at /usr/local/insa/Xilinx.VIVADO/Vivado/2018.2/data/boards/board_files/genesys2/H/board.xml as part xc7k325tffg900-2 specified in board_part file is either invalid or not available
WARNING: [Board 49-26] cannot add Board Part digilentinc.com:sword:part0:1.0 available at /usr/local/insa/Xilinx.VIVADO/Vivado/2018.2/data/boards/board_files/sword/C.0/board.xml as part xc7k325tffg900-2 specified in board_part file is either invalid or not available
WARNING: [Board 49-26] cannot add Board Part digilentinc.com:genesys2:part0:1.1 available at /usr/local/insa/Xilinx.VIVADO/Vivado/2018.2/data/boards/board_files/genesys2/H/board.xml as part xc7k325tffg900-2 specified in board_part file is either invalid or not available
WARNING: [Board 49-26] cannot add Board Part digilentinc.com:sword:part0:1.0 available at /usr/local/insa/Xilinx.VIVADO/Vivado/2018.2/data/boards/board_files/sword/C.0/board.xml as part xc7k325tffg900-2 specified in board_part file is either invalid or not available
WARNING: [Board 49-26] cannot add Board Part digilentinc.com:genesys2:part0:1.1 available at /usr/local/insa/Xilinx.VIVADO/Vivado/2018.2/data/boards/board_files/genesys2/H/board.xml as part xc7k325tffg900-2 specified in board_part file is either invalid or not available
WARNING: [Board 49-26] cannot add Board Part digilentinc.com:sword:part0:1.0 available at /usr/local/insa/Xilinx.VIVADO/Vivado/2018.2/data/boards/board_files/sword/C.0/board.xml as part xc7k325tffg900-2 specified in board_part file is either invalid or not available
WARNING: [Board 49-26] cannot add Board Part digilentinc.com:genesys2:part0:1.1 available at /usr/local/insa/Xilinx.VIVADO/Vivado/2018.2/data/boards/board_files/genesys2/H/board.xml as part xc7k325tffg900-2 specified in board_part file is either invalid or not available
WARNING: [Board 49-26] cannot add Board Part digilentinc.com:sword:part0:1.0 available at /usr/local/insa/Xilinx.VIVADO/Vivado/2018.2/data/boards/board_files/sword/C.0/board.xml as part xc7k325tffg900-2 specified in board_part file is either invalid or not available
WARNING: [Board 49-26] cannot add Board Part digilentinc.com:genesys2:part0:1.1 available at /usr/local/insa/Xilinx.VIVADO/Vivado/2018.2/data/boards/board_files/genesys2/H/board.xml as part xc7k325tffg900-2 specified in board_part file is either invalid or not available
WARNING: [Board 49-26] cannot add Board Part digilentinc.com:sword:part0:1.0 available at /usr/local/insa/Xilinx.VIVADO/Vivado/2018.2/data/boards/board_files/sword/C.0/board.xml as part xc7k325tffg900-2 specified in board_part file is either invalid or not available
WARNING: [Board 49-26] cannot add Board Part digilentinc.com:genesys2:part0:1.1 available at /usr/local/insa/Xilinx.VIVADO/Vivado/2018.2/data/boards/board_files/genesys2/H/board.xml as part xc7k325tffg900-2 specified in board_part file is either invalid or not available
WARNING: [Board 49-26] cannot add Board Part digilentinc.com:sword:part0:1.0 available at /usr/local/insa/Xilinx.VIVADO/Vivado/2018.2/data/boards/board_files/sword/C.0/board.xml as part xc7k325tffg900-2 specified in board_part file is either invalid or not available
WARNING: [Board 49-26] cannot add Board Part digilentinc.com:genesys2:part0:1.1 available at /usr/local/insa/Xilinx.VIVADO/Vivado/2018.2/data/boards/board_files/genesys2/H/board.xml as part xc7k325tffg900-2 specified in board_part file is either invalid or not available
WARNING: [Board 49-26] cannot add Board Part digilentinc.com:sword:part0:1.0 available at /usr/local/insa/Xilinx.VIVADO/Vivado/2018.2/data/boards/board_files/sword/C.0/board.xml as part xc7k325tffg900-2 specified in board_part file is either invalid or not available
WARNING: [Board 49-26] cannot add Board Part digilentinc.com:genesys2:part0:1.1 available at /usr/local/insa/Xilinx.VIVADO/Vivado/2018.2/data/boards/board_files/genesys2/H/board.xml as part xc7k325tffg900-2 specified in board_part file is either invalid or not available
WARNING: [Board 49-26] cannot add Board Part digilentinc.com:sword:part0:1.0 available at /usr/local/insa/Xilinx.VIVADO/Vivado/2018.2/data/boards/board_files/sword/C.0/board.xml as part xc7k325tffg900-2 specified in board_part file is either invalid or not available
WARNING: [Board 49-26] cannot add Board Part digilentinc.com:genesys2:part0:1.1 available at /usr/local/insa/Xilinx.VIVADO/Vivado/2018.2/data/boards/board_files/genesys2/H/board.xml as part xc7k325tffg900-2 specified in board_part file is either invalid or not available
WARNING: [Board 49-26] cannot add Board Part digilentinc.com:sword:part0:1.0 available at /usr/local/insa/Xilinx.VIVADO/Vivado/2018.2/data/boards/board_files/sword/C.0/board.xml as part xc7k325tffg900-2 specified in board_part file is either invalid or not available
WARNING: [Board 49-26] cannot add Board Part digilentinc.com:genesys2:part0:1.1 available at /usr/local/insa/Xilinx.VIVADO/Vivado/2018.2/data/boards/board_files/genesys2/H/board.xml as part xc7k325tffg900-2 specified in board_part file is either invalid or not available
WARNING: [Board 49-26] cannot add Board Part digilentinc.com:sword:part0:1.0 available at /usr/local/insa/Xilinx.VIVADO/Vivado/2018.2/data/boards/board_files/sword/C.0/board.xml as part xc7k325tffg900-2 specified in board_part file is either invalid or not available
WARNING: [Board 49-26] cannot add Board Part digilentinc.com:genesys2:part0:1.1 available at /usr/local/insa/Xilinx.VIVADO/Vivado/2018.2/data/boards/board_files/genesys2/H/board.xml as part xc7k325tffg900-2 specified in board_part file is either invalid or not available
WARNING: [Board 49-26] cannot add Board Part digilentinc.com:sword:part0:1.0 available at /usr/local/insa/Xilinx.VIVADO/Vivado/2018.2/data/boards/board_files/sword/C.0/board.xml as part xc7k325tffg900-2 specified in board_part file is either invalid or not available
WARNING: [Board 49-26] cannot add Board Part digilentinc.com:genesys2:part0:1.1 available at /usr/local/insa/Xilinx.VIVADO/Vivado/2018.2/data/boards/board_files/genesys2/H/board.xml as part xc7k325tffg900-2 specified in board_part file is either invalid or not available
WARNING: [Board 49-26] cannot add Board Part digilentinc.com:sword:part0:1.0 available at /usr/local/insa/Xilinx.VIVADO/Vivado/2018.2/data/boards/board_files/sword/C.0/board.xml as part xc7k325tffg900-2 specified in board_part file is either invalid or not available
WARNING: [Board 49-26] cannot add Board Part digilentinc.com:genesys2:part0:1.1 available at /usr/local/insa/Xilinx.VIVADO/Vivado/2018.2/data/boards/board_files/genesys2/H/board.xml as part xc7k325tffg900-2 specified in board_part file is either invalid or not available
WARNING: [Board 49-26] cannot add Board Part digilentinc.com:sword:part0:1.0 available at /usr/local/insa/Xilinx.VIVADO/Vivado/2018.2/data/boards/board_files/sword/C.0/board.xml as part xc7k325tffg900-2 specified in board_part file is either invalid or not available
WARNING: [Board 49-26] cannot add Board Part digilentinc.com:genesys2:part0:1.1 available at /usr/local/insa/Xilinx.VIVADO/Vivado/2018.2/data/boards/board_files/genesys2/H/board.xml as part xc7k325tffg900-2 specified in board_part file is either invalid or not available
WARNING: [Board 49-26] cannot add Board Part digilentinc.com:sword:part0:1.0 available at /usr/local/insa/Xilinx.VIVADO/Vivado/2018.2/data/boards/board_files/sword/C.0/board.xml as part xc7k325tffg900-2 specified in board_part file is either invalid or not available
WARNING: [Board 49-26] cannot add Board Part digilentinc.com:genesys2:part0:1.1 available at /usr/local/insa/Xilinx.VIVADO/Vivado/2018.2/data/boards/board_files/genesys2/H/board.xml as part xc7k325tffg900-2 specified in board_part file is either invalid or not available
WARNING: [Board 49-26] cannot add Board Part digilentinc.com:sword:part0:1.0 available at /usr/local/insa/Xilinx.VIVADO/Vivado/2018.2/data/boards/board_files/sword/C.0/board.xml as part xc7k325tffg900-2 specified in board_part file is either invalid or not available
WARNING: [Board 49-26] cannot add Board Part digilentinc.com:genesys2:part0:1.1 available at /usr/local/insa/Xilinx.VIVADO/Vivado/2018.2/data/boards/board_files/genesys2/H/board.xml as part xc7k325tffg900-2 specified in board_part file is either invalid or not available
WARNING: [Board 49-26] cannot add Board Part digilentinc.com:sword:part0:1.0 available at /usr/local/insa/Xilinx.VIVADO/Vivado/2018.2/data/boards/board_files/sword/C.0/board.xml as part xc7k325tffg900-2 specified in board_part file is either invalid or not available
WARNING: [Board 49-26] cannot add Board Part digilentinc.com:genesys2:part0:1.1 available at /usr/local/insa/Xilinx.VIVADO/Vivado/2018.2/data/boards/board_files/genesys2/H/board.xml as part xc7k325tffg900-2 specified in board_part file is either invalid or not available
WARNING: [Board 49-26] cannot add Board Part digilentinc.com:sword:part0:1.0 available at /usr/local/insa/Xilinx.VIVADO/Vivado/2018.2/data/boards/board_files/sword/C.0/board.xml as part xc7k325tffg900-2 specified in board_part file is either invalid or not available
WARNING: [Board 49-26] cannot add Board Part digilentinc.com:genesys2:part0:1.1 available at /usr/local/insa/Xilinx.VIVADO/Vivado/2018.2/data/boards/board_files/genesys2/H/board.xml as part xc7k325tffg900-2 specified in board_part file is either invalid or not available
WARNING: [Board 49-26] cannot add Board Part digilentinc.com:sword:part0:1.0 available at /usr/local/insa/Xilinx.VIVADO/Vivado/2018.2/data/boards/board_files/sword/C.0/board.xml as part xc7k325tffg900-2 specified in board_part file is either invalid or not available
WARNING: [Board 49-26] cannot add Board Part digilentinc.com:genesys2:part0:1.1 available at /usr/local/insa/Xilinx.VIVADO/Vivado/2018.2/data/boards/board_files/genesys2/H/board.xml as part xc7k325tffg900-2 specified in board_part file is either invalid or not available
WARNING: [Board 49-26] cannot add Board Part digilentinc.com:sword:part0:1.0 available at /usr/local/insa/Xilinx.VIVADO/Vivado/2018.2/data/boards/board_files/sword/C.0/board.xml as part xc7k325tffg900-2 specified in board_part file is either invalid or not available
WARNING: [Board 49-26] cannot add Board Part digilentinc.com:genesys2:part0:1.1 available at /usr/local/insa/Xilinx.VIVADO/Vivado/2018.2/data/boards/board_files/genesys2/H/board.xml as part xc7k325tffg900-2 specified in board_part file is either invalid or not available
WARNING: [Board 49-26] cannot add Board Part digilentinc.com:sword:part0:1.0 available at /usr/local/insa/Xilinx.VIVADO/Vivado/2018.2/data/boards/board_files/sword/C.0/board.xml as part xc7k325tffg900-2 specified in board_part file is either invalid or not available
WARNING: [Board 49-26] cannot add Board Part digilentinc.com:genesys2:part0:1.1 available at /usr/local/insa/Xilinx.VIVADO/Vivado/2018.2/data/boards/board_files/genesys2/H/board.xml as part xc7k325tffg900-2 specified in board_part file is either invalid or not available
WARNING: [Board 49-26] cannot add Board Part digilentinc.com:sword:part0:1.0 available at /usr/local/insa/Xilinx.VIVADO/Vivado/2018.2/data/boards/board_files/sword/C.0/board.xml as part xc7k325tffg900-2 specified in board_part file is either invalid or not available
WARNING: [Board 49-26] cannot add Board Part digilentinc.com:genesys2:part0:1.1 available at /usr/local/insa/Xilinx.VIVADO/Vivado/2018.2/data/boards/board_files/genesys2/H/board.xml as part xc7k325tffg900-2 specified in board_part file is either invalid or not available
WARNING: [Board 49-26] cannot add Board Part digilentinc.com:sword:part0:1.0 available at /usr/local/insa/Xilinx.VIVADO/Vivado/2018.2/data/boards/board_files/sword/C.0/board.xml as part xc7k325tffg900-2 specified in board_part file is either invalid or not available
WARNING: [Board 49-26] cannot add Board Part digilentinc.com:genesys2:part0:1.1 available at /usr/local/insa/Xilinx.VIVADO/Vivado/2018.2/data/boards/board_files/genesys2/H/board.xml as part xc7k325tffg900-2 specified in board_part file is either invalid or not available
WARNING: [Board 49-26] cannot add Board Part digilentinc.com:sword:part0:1.0 available at /usr/local/insa/Xilinx.VIVADO/Vivado/2018.2/data/boards/board_files/sword/C.0/board.xml as part xc7k325tffg900-2 specified in board_part file is either invalid or not available
WARNING: [Board 49-26] cannot add Board Part digilentinc.com:genesys2:part0:1.1 available at /usr/local/insa/Xilinx.VIVADO/Vivado/2018.2/data/boards/board_files/genesys2/H/board.xml as part xc7k325tffg900-2 specified in board_part file is either invalid or not available
WARNING: [Board 49-26] cannot add Board Part digilentinc.com:sword:part0:1.0 available at /usr/local/insa/Xilinx.VIVADO/Vivado/2018.2/data/boards/board_files/sword/C.0/board.xml as part xc7k325tffg900-2 specified in board_part file is either invalid or not available
WARNING: [Board 49-26] cannot add Board Part digilentinc.com:genesys2:part0:1.1 available at /usr/local/insa/Xilinx.VIVADO/Vivado/2018.2/data/boards/board_files/genesys2/H/board.xml as part xc7k325tffg900-2 specified in board_part file is either invalid or not available
WARNING: [Board 49-26] cannot add Board Part digilentinc.com:sword:part0:1.0 available at /usr/local/insa/Xilinx.VIVADO/Vivado/2018.2/data/boards/board_files/sword/C.0/board.xml as part xc7k325tffg900-2 specified in board_part file is either invalid or not available
WARNING: [Board 49-26] cannot add Board Part digilentinc.com:genesys2:part0:1.1 available at /usr/local/insa/Xilinx.VIVADO/Vivado/2018.2/data/boards/board_files/genesys2/H/board.xml as part xc7k325tffg900-2 specified in board_part file is either invalid or not available
WARNING: [Board 49-26] cannot add Board Part digilentinc.com:sword:part0:1.0 available at /usr/local/insa/Xilinx.VIVADO/Vivado/2018.2/data/boards/board_files/sword/C.0/board.xml as part xc7k325tffg900-2 specified in board_part file is either invalid or not available
WARNING: [Board 49-26] cannot add Board Part digilentinc.com:genesys2:part0:1.1 available at /usr/local/insa/Xilinx.VIVADO/Vivado/2018.2/data/boards/board_files/genesys2/H/board.xml as part xc7k325tffg900-2 specified in board_part file is either invalid or not available
WARNING: [Board 49-26] cannot add Board Part digilentinc.com:sword:part0:1.0 available at /usr/local/insa/Xilinx.VIVADO/Vivado/2018.2/data/boards/board_files/sword/C.0/board.xml as part xc7k325tffg900-2 specified in board_part file is either invalid or not available
WARNING: [Board 49-26] cannot add Board Part digilentinc.com:genesys2:part0:1.1 available at /usr/local/insa/Xilinx.VIVADO/Vivado/2018.2/data/boards/board_files/genesys2/H/board.xml as part xc7k325tffg900-2 specified in board_part file is either invalid or not available
WARNING: [Board 49-26] cannot add Board Part digilentinc.com:sword:part0:1.0 available at /usr/local/insa/Xilinx.VIVADO/Vivado/2018.2/data/boards/board_files/sword/C.0/board.xml as part xc7k325tffg900-2 specified in board_part file is either invalid or not available
WARNING: [Board 49-26] cannot add Board Part digilentinc.com:genesys2:part0:1.1 available at /usr/local/insa/Xilinx.VIVADO/Vivado/2018.2/data/boards/board_files/genesys2/H/board.xml as part xc7k325tffg900-2 specified in board_part file is either invalid or not available
WARNING: [Board 49-26] cannot add Board Part digilentinc.com:sword:part0:1.0 available at /usr/local/insa/Xilinx.VIVADO/Vivado/2018.2/data/boards/board_files/sword/C.0/board.xml as part xc7k325tffg900-2 specified in board_part file is either invalid or not available
WARNING: [Board 49-26] cannot add Board Part digilentinc.com:genesys2:part0:1.1 available at /usr/local/insa/Xilinx.VIVADO/Vivado/2018.2/data/boards/board_files/genesys2/H/board.xml as part xc7k325tffg900-2 specified in board_part file is either invalid or not available
WARNING: [Board 49-26] cannot add Board Part digilentinc.com:sword:part0:1.0 available at /usr/local/insa/Xilinx.VIVADO/Vivado/2018.2/data/boards/board_files/sword/C.0/board.xml as part xc7k325tffg900-2 specified in board_part file is either invalid or not available
WARNING: [Board 49-26] cannot add Board Part digilentinc.com:genesys2:part0:1.1 available at /usr/local/insa/Xilinx.VIVADO/Vivado/2018.2/data/boards/board_files/genesys2/H/board.xml as part xc7k325tffg900-2 specified in board_part file is either invalid or not available
WARNING: [Board 49-26] cannot add Board Part digilentinc.com:sword:part0:1.0 available at /usr/local/insa/Xilinx.VIVADO/Vivado/2018.2/data/boards/board_files/sword/C.0/board.xml as part xc7k325tffg900-2 specified in board_part file is either invalid or not available
WARNING: [Board 49-26] cannot add Board Part digilentinc.com:genesys2:part0:1.1 available at /usr/local/insa/Xilinx.VIVADO/Vivado/2018.2/data/boards/board_files/genesys2/H/board.xml as part xc7k325tffg900-2 specified in board_part file is either invalid or not available
WARNING: [Board 49-26] cannot add Board Part digilentinc.com:sword:part0:1.0 available at /usr/local/insa/Xilinx.VIVADO/Vivado/2018.2/data/boards/board_files/sword/C.0/board.xml as part xc7k325tffg900-2 specified in board_part file is either invalid or not available
WARNING: [Board 49-26] cannot add Board Part digilentinc.com:genesys2:part0:1.1 available at /usr/local/insa/Xilinx.VIVADO/Vivado/2018.2/data/boards/board_files/genesys2/H/board.xml as part xc7k325tffg900-2 specified in board_part file is either invalid or not available
WARNING: [Board 49-26] cannot add Board Part digilentinc.com:sword:part0:1.0 available at /usr/local/insa/Xilinx.VIVADO/Vivado/2018.2/data/boards/board_files/sword/C.0/board.xml as part xc7k325tffg900-2 specified in board_part file is either invalid or not available
WARNING: [Board 49-26] cannot add Board Part digilentinc.com:genesys2:part0:1.1 available at /usr/local/insa/Xilinx.VIVADO/Vivado/2018.2/data/boards/board_files/genesys2/H/board.xml as part xc7k325tffg900-2 specified in board_part file is either invalid or not available
WARNING: [Board 49-26] cannot add Board Part digilentinc.com:sword:part0:1.0 available at /usr/local/insa/Xilinx.VIVADO/Vivado/2018.2/data/boards/board_files/sword/C.0/board.xml as part xc7k325tffg900-2 specified in board_part file is either invalid or not available
WARNING: [Board 49-26] cannot add Board Part digilentinc.com:genesys2:part0:1.1 available at /usr/local/insa/Xilinx.VIVADO/Vivado/2018.2/data/boards/board_files/genesys2/H/board.xml as part xc7k325tffg900-2 specified in board_part file is either invalid or not available
WARNING: [Board 49-26] cannot add Board Part digilentinc.com:sword:part0:1.0 available at /usr/local/insa/Xilinx.VIVADO/Vivado/2018.2/data/boards/board_files/sword/C.0/board.xml as part xc7k325tffg900-2 specified in board_part file is either invalid or not available
WARNING: [Board 49-26] cannot add Board Part digilentinc.com:genesys2:part0:1.1 available at /usr/local/insa/Xilinx.VIVADO/Vivado/2018.2/data/boards/board_files/genesys2/H/board.xml as part xc7k325tffg900-2 specified in board_part file is either invalid or not available
WARNING: [Board 49-26] cannot add Board Part digilentinc.com:sword:part0:1.0 available at /usr/local/insa/Xilinx.VIVADO/Vivado/2018.2/data/boards/board_files/sword/C.0/board.xml as part xc7k325tffg900-2 specified in board_part file is either invalid or not available
WARNING: [Board 49-26] cannot add Board Part digilentinc.com:genesys2:part0:1.1 available at /usr/local/insa/Xilinx.VIVADO/Vivado/2018.2/data/boards/board_files/genesys2/H/board.xml as part xc7k325tffg900-2 specified in board_part file is either invalid or not available
WARNING: [Board 49-26] cannot add Board Part digilentinc.com:sword:part0:1.0 available at /usr/local/insa/Xilinx.VIVADO/Vivado/2018.2/data/boards/board_files/sword/C.0/board.xml as part xc7k325tffg900-2 specified in board_part file is either invalid or not available
WARNING: [Board 49-26] cannot add Board Part digilentinc.com:genesys2:part0:1.1 available at /usr/local/insa/Xilinx.VIVADO/Vivado/2018.2/data/boards/board_files/genesys2/H/board.xml as part xc7k325tffg900-2 specified in board_part file is either invalid or not available
WARNING: [Board 49-26] cannot add Board Part digilentinc.com:sword:part0:1.0 available at /usr/local/insa/Xilinx.VIVADO/Vivado/2018.2/data/boards/board_files/sword/C.0/board.xml as part xc7k325tffg900-2 specified in board_part file is either invalid or not available
WARNING: [Board 49-26] cannot add Board Part digilentinc.com:genesys2:part0:1.1 available at /usr/local/insa/Xilinx.VIVADO/Vivado/2018.2/data/boards/board_files/genesys2/H/board.xml as part xc7k325tffg900-2 specified in board_part file is either invalid or not available
WARNING: [Board 49-26] cannot add Board Part digilentinc.com:sword:part0:1.0 available at /usr/local/insa/Xilinx.VIVADO/Vivado/2018.2/data/boards/board_files/sword/C.0/board.xml as part xc7k325tffg900-2 specified in board_part file is either invalid or not available
WARNING: [Board 49-26] cannot add Board Part digilentinc.com:genesys2:part0:1.1 available at /usr/local/insa/Xilinx.VIVADO/Vivado/2018.2/data/boards/board_files/genesys2/H/board.xml as part xc7k325tffg900-2 specified in board_part file is either invalid or not available
WARNING: [Board 49-26] cannot add Board Part digilentinc.com:sword:part0:1.0 available at /usr/local/insa/Xilinx.VIVADO/Vivado/2018.2/data/boards/board_files/sword/C.0/board.xml as part xc7k325tffg900-2 specified in board_part file is either invalid or not available
WARNING: [Board 49-26] cannot add Board Part digilentinc.com:genesys2:part0:1.1 available at /usr/local/insa/Xilinx.VIVADO/Vivado/2018.2/data/boards/board_files/genesys2/H/board.xml as part xc7k325tffg900-2 specified in board_part file is either invalid or not available
WARNING: [Board 49-26] cannot add Board Part digilentinc.com:sword:part0:1.0 available at /usr/local/insa/Xilinx.VIVADO/Vivado/2018.2/data/boards/board_files/sword/C.0/board.xml as part xc7k325tffg900-2 specified in board_part file is either invalid or not available
WARNING: [Board 49-26] cannot add Board Part digilentinc.com:genesys2:part0:1.1 available at /usr/local/insa/Xilinx.VIVADO/Vivado/2018.2/data/boards/board_files/genesys2/H/board.xml as part xc7k325tffg900-2 specified in board_part file is either invalid or not available
WARNING: [Board 49-26] cannot add Board Part digilentinc.com:sword:part0:1.0 available at /usr/local/insa/Xilinx.VIVADO/Vivado/2018.2/data/boards/board_files/sword/C.0/board.xml as part xc7k325tffg900-2 specified in board_part file is either invalid or not available
INFO: [Common 17-14] Message 'Board 49-26' appears 100 times and further instances of the messages will be disabled. Use the Tcl command set_msg_config to change the current settings.
create_project microcontroleur . -part xc7a35tcpg236-1
INFO: [IP_Flow 19-234] Refreshing IP repositories
INFO: [IP_Flow 19-1704] No user IP repositories specified
INFO: [IP_Flow 19-2313] Loaded Vivado IP repository '/usr/local/insa/Xilinx.VIVADO/Vivado/2018.2/data/ip'.
create_project: Time (s): cpu = 00:00:07 ; elapsed = 00:00:08 . Memory (MB): peak = 6154.645 ; gain = 31.305 ; free physical = 10224 ; free virtual = 21845
set_property board_part digilentinc.com:basys3:part0:1.1 [current_project]
file mkdir /home/rhachemi/GitHub/ProjetSystemeInfo/Microcontroleur/microcontroleur.srcs/sources_1/new
close [ open /home/rhachemi/GitHub/ProjetSystemeInfo/Microcontroleur/microcontroleur.srcs/sources_1/new/UAL.vhd w ]
add_files /home/rhachemi/GitHub/ProjetSystemeInfo/Microcontroleur/microcontroleur.srcs/sources_1/new/UAL.vhd
update_compile_order -fileset sources_1
update_compile_order -fileset sources_1
update_compile_order -fileset sources_1
launch_runs synth_1 -jobs 12
[Fri Apr  8 14:38:56 2022] Launched synth_1...
Run output will be captured here: /home/rhachemi/GitHub/ProjetSystemeInfo/Microcontroleur/microcontroleur.runs/synth_1/runme.log
reset_run synth_1
launch_runs synth_1 -jobs 12
[Fri Apr  8 14:46:05 2022] Launched synth_1...
Run output will be captured here: /home/rhachemi/GitHub/ProjetSystemeInfo/Microcontroleur/microcontroleur.runs/synth_1/runme.log
close [ open /home/rhachemi/GitHub/ProjetSystemeInfo/Microcontroleur/microcontroleur.srcs/sources_1/new/Test_UAL.vhd w ]
add_files /home/rhachemi/GitHub/ProjetSystemeInfo/Microcontroleur/microcontroleur.srcs/sources_1/new/Test_UAL.vhd
update_compile_order -fileset sources_1
update_compile_order -fileset sources_1
update_compile_order -fileset sources_1
reset_run synth_1
launch_runs synth_1 -jobs 12
[Fri Apr  8 15:09:46 2022] Launched synth_1...
Run output will be captured here: /home/rhachemi/GitHub/ProjetSystemeInfo/Microcontroleur/microcontroleur.runs/synth_1/runme.log
reset_run synth_1
launch_runs synth_1 -jobs 12
[Fri Apr  8 15:11:01 2022] Launched synth_1...
Run output will be captured here: /home/rhachemi/GitHub/ProjetSystemeInfo/Microcontroleur/microcontroleur.runs/synth_1/runme.log
launch_simulation
INFO: [Vivado 12-5682] Launching behavioral simulation in '/home/rhachemi/GitHub/ProjetSystemeInfo/Microcontroleur/microcontroleur.sim/sim_1/behav/xsim'
INFO: [SIM-utils-51] Simulation object is 'sim_1'
INFO: [SIM-utils-54] Inspecting design source files for 'Test_UAL' in fileset 'sim_1'...
INFO: [USF-XSim-97] Finding global include files...
INFO: [USF-XSim-98] Fetching design files from 'sim_1'...
INFO: [USF-XSim-2] XSim::Compile design
INFO: [USF-XSim-61] Executing 'COMPILE and ANALYZE' step in '/home/rhachemi/GitHub/ProjetSystemeInfo/Microcontroleur/microcontroleur.sim/sim_1/behav/xsim'
xvhdl --incr --relax -prj Test_UAL_vhdl.prj
INFO: [VRFC 10-163] Analyzing VHDL file "/home/rhachemi/GitHub/ProjetSystemeInfo/Microcontroleur/microcontroleur.srcs/sources_1/new/UAL.vhd" into library xil_defaultlib
INFO: [VRFC 10-307] analyzing entity UAL
INFO: [VRFC 10-163] Analyzing VHDL file "/home/rhachemi/GitHub/ProjetSystemeInfo/Microcontroleur/microcontroleur.srcs/sources_1/new/Test_UAL.vhd" into library xil_defaultlib
INFO: [VRFC 10-307] analyzing entity Test_UAL
INFO: [USF-XSim-69] 'compile' step finished in '3' seconds
INFO: [USF-XSim-3] XSim::Elaborate design
INFO: [USF-XSim-61] Executing 'ELABORATE' step in '/home/rhachemi/GitHub/ProjetSystemeInfo/Microcontroleur/microcontroleur.sim/sim_1/behav/xsim'
Vivado Simulator 2018.2
Copyright 1986-1999, 2001-2018 Xilinx, Inc. All Rights Reserved.
Running: /usr/local/insa/Xilinx.VIVADO/Vivado/2018.2/bin/unwrapped/lnx64.o/xelab -wto 82d0cde0ff5c46bda809e1035289a6fa --incr --debug typical --relax --mt 8 -L xil_defaultlib -L secureip --snapshot Test_UAL_behav xil_defaultlib.Test_UAL -log elaborate.log 
Using 8 slave threads.
Starting static elaboration
Completed static elaboration
Starting simulation data flow analysis
Completed simulation data flow analysis
Time Resolution for simulation is 1ps
Compiling package std.standard
Compiling package std.textio
Compiling package ieee.std_logic_1164
Compiling package ieee.std_logic_arith
Compiling package ieee.std_logic_unsigned
Compiling package ieee.numeric_std
Compiling package ieee.math_real
Compiling architecture behavioral of entity xil_defaultlib.UAL [ual_default]
Compiling architecture behavioral of entity xil_defaultlib.test_ual
Built simulation snapshot Test_UAL_behav

****** Webtalk v2018.2 (64-bit)
  **** SW Build 2258646 on Thu Jun 14 20:02:38 MDT 2018
  **** IP Build 2256618 on Thu Jun 14 22:10:49 MDT 2018
    ** Copyright 1986-2018 Xilinx, Inc. All Rights Reserved.

source /home/rhachemi/GitHub/ProjetSystemeInfo/Microcontroleur/microcontroleur.sim/sim_1/behav/xsim/xsim.dir/Test_UAL_behav/webtalk/xsim_webtalk.tcl -notrace
INFO: [Common 17-206] Exiting Webtalk at Fri Apr  8 15:11:47 2022...
run_program: Time (s): cpu = 00:00:03 ; elapsed = 00:00:06 . Memory (MB): peak = 6612.445 ; gain = 0.000 ; free physical = 10501 ; free virtual = 22287
INFO: [USF-XSim-69] 'elaborate' step finished in '5' seconds
INFO: [USF-XSim-4] XSim::Simulate design
INFO: [USF-XSim-61] Executing 'SIMULATE' step in '/home/rhachemi/GitHub/ProjetSystemeInfo/Microcontroleur/microcontroleur.sim/sim_1/behav/xsim'
INFO: [USF-XSim-98] *** Running xsim
   with args "Test_UAL_behav -key {Behavioral:sim_1:Functional:Test_UAL} -tclbatch {Test_UAL.tcl} -log {simulate.log}"
INFO: [USF-XSim-8] Loading simulator feature
Vivado Simulator 2018.2
Time resolution is 1 ps
source Test_UAL.tcl
# set curr_wave [current_wave_config]
# if { [string length $curr_wave] == 0 } {
#   if { [llength [get_objects]] > 0} {
#     add_wave /
#     set_property needs_save false [current_wave_config]
#   } else {
#      send_msg_id Add_Wave-1 WARNING "No top level signals found. Simulator will start without a wave window. If you want to open a wave window go to 'File->New Waveform Configuration' or type 'create_wave_config' in the TCL console."
#   }
# }
# run 1000ns
INFO: [USF-XSim-96] XSim completed. Design snapshot 'Test_UAL_behav' loaded.
INFO: [USF-XSim-97] XSim simulation ran for 1000ns
launch_simulation: Time (s): cpu = 00:00:06 ; elapsed = 00:00:11 . Memory (MB): peak = 6671.258 ; gain = 58.812 ; free physical = 10453 ; free virtual = 22248
close_sim
INFO: [Simtcl 6-16] Simulation closed
launch_simulation
INFO: [Vivado 12-5682] Launching behavioral simulation in '/home/rhachemi/GitHub/ProjetSystemeInfo/Microcontroleur/microcontroleur.sim/sim_1/behav/xsim'
INFO: [SIM-utils-51] Simulation object is 'sim_1'
INFO: [SIM-utils-54] Inspecting design source files for 'Test_UAL' in fileset 'sim_1'...
INFO: [USF-XSim-97] Finding global include files...
INFO: [USF-XSim-98] Fetching design files from 'sim_1'...
INFO: [USF-XSim-2] XSim::Compile design
INFO: [USF-XSim-61] Executing 'COMPILE and ANALYZE' step in '/home/rhachemi/GitHub/ProjetSystemeInfo/Microcontroleur/microcontroleur.sim/sim_1/behav/xsim'
xvhdl --incr --relax -prj Test_UAL_vhdl.prj
INFO: [VRFC 10-163] Analyzing VHDL file "/home/rhachemi/GitHub/ProjetSystemeInfo/Microcontroleur/microcontroleur.srcs/sources_1/new/Test_UAL.vhd" into library xil_defaultlib
INFO: [VRFC 10-307] analyzing entity Test_UAL
INFO: [USF-XSim-69] 'compile' step finished in '1' seconds
INFO: [USF-XSim-3] XSim::Elaborate design
INFO: [USF-XSim-61] Executing 'ELABORATE' step in '/home/rhachemi/GitHub/ProjetSystemeInfo/Microcontroleur/microcontroleur.sim/sim_1/behav/xsim'
Vivado Simulator 2018.2
Copyright 1986-1999, 2001-2018 Xilinx, Inc. All Rights Reserved.
Running: /usr/local/insa/Xilinx.VIVADO/Vivado/2018.2/bin/unwrapped/lnx64.o/xelab -wto 82d0cde0ff5c46bda809e1035289a6fa --incr --debug typical --relax --mt 8 -L xil_defaultlib -L secureip --snapshot Test_UAL_behav xil_defaultlib.Test_UAL -log elaborate.log 
Using 8 slave threads.
Starting static elaboration
Completed static elaboration
Starting simulation data flow analysis
Completed simulation data flow analysis
Time Resolution for simulation is 1ps
Compiling package std.standard
Compiling package std.textio
Compiling package ieee.std_logic_1164
Compiling package ieee.std_logic_arith
Compiling package ieee.std_logic_unsigned
Compiling package ieee.numeric_std
Compiling package ieee.math_real
Compiling architecture behavioral of entity xil_defaultlib.UAL [ual_default]
Compiling architecture behavioral of entity xil_defaultlib.test_ual
Built simulation snapshot Test_UAL_behav
INFO: [USF-XSim-69] 'elaborate' step finished in '1' seconds
INFO: [USF-XSim-4] XSim::Simulate design
INFO: [USF-XSim-61] Executing 'SIMULATE' step in '/home/rhachemi/GitHub/ProjetSystemeInfo/Microcontroleur/microcontroleur.sim/sim_1/behav/xsim'
INFO: [USF-XSim-98] *** Running xsim
   with args "Test_UAL_behav -key {Behavioral:sim_1:Functional:Test_UAL} -tclbatch {Test_UAL.tcl} -log {simulate.log}"
INFO: [USF-XSim-8] Loading simulator feature
Vivado Simulator 2018.2
Time resolution is 1 ps
source Test_UAL.tcl
# set curr_wave [current_wave_config]
# if { [string length $curr_wave] == 0 } {
#   if { [llength [get_objects]] > 0} {
#     add_wave /
#     set_property needs_save false [current_wave_config]
#   } else {
#      send_msg_id Add_Wave-1 WARNING "No top level signals found. Simulator will start without a wave window. If you want to open a wave window go to 'File->New Waveform Configuration' or type 'create_wave_config' in the TCL console."
#   }
# }
# run 1000ns
INFO: [USF-XSim-96] XSim completed. Design snapshot 'Test_UAL_behav' loaded.
INFO: [USF-XSim-97] XSim simulation ran for 1000ns
close_sim
INFO: [Simtcl 6-16] Simulation closed
launch_simulation
INFO: [Vivado 12-5682] Launching behavioral simulation in '/home/rhachemi/GitHub/ProjetSystemeInfo/Microcontroleur/microcontroleur.sim/sim_1/behav/xsim'
INFO: [SIM-utils-51] Simulation object is 'sim_1'
INFO: [SIM-utils-54] Inspecting design source files for 'Test_UAL' in fileset 'sim_1'...
INFO: [USF-XSim-97] Finding global include files...
INFO: [USF-XSim-98] Fetching design files from 'sim_1'...
INFO: [USF-XSim-2] XSim::Compile design
INFO: [USF-XSim-61] Executing 'COMPILE and ANALYZE' step in '/home/rhachemi/GitHub/ProjetSystemeInfo/Microcontroleur/microcontroleur.sim/sim_1/behav/xsim'
xvhdl --incr --relax -prj Test_UAL_vhdl.prj
INFO: [VRFC 10-163] Analyzing VHDL file "/home/rhachemi/GitHub/ProjetSystemeInfo/Microcontroleur/microcontroleur.srcs/sources_1/new/UAL.vhd" into library xil_defaultlib
INFO: [VRFC 10-307] analyzing entity UAL
INFO: [VRFC 10-163] Analyzing VHDL file "/home/rhachemi/GitHub/ProjetSystemeInfo/Microcontroleur/microcontroleur.srcs/sources_1/new/Test_UAL.vhd" into library xil_defaultlib
INFO: [VRFC 10-307] analyzing entity Test_UAL
INFO: [USF-XSim-69] 'compile' step finished in '1' seconds
INFO: [USF-XSim-3] XSim::Elaborate design
INFO: [USF-XSim-61] Executing 'ELABORATE' step in '/home/rhachemi/GitHub/ProjetSystemeInfo/Microcontroleur/microcontroleur.sim/sim_1/behav/xsim'
Vivado Simulator 2018.2
Copyright 1986-1999, 2001-2018 Xilinx, Inc. All Rights Reserved.
Running: /usr/local/insa/Xilinx.VIVADO/Vivado/2018.2/bin/unwrapped/lnx64.o/xelab -wto 82d0cde0ff5c46bda809e1035289a6fa --incr --debug typical --relax --mt 8 -L xil_defaultlib -L secureip --snapshot Test_UAL_behav xil_defaultlib.Test_UAL -log elaborate.log 
Using 8 slave threads.
Starting static elaboration
Completed static elaboration
Starting simulation data flow analysis
Completed simulation data flow analysis
Time Resolution for simulation is 1ps
Compiling package std.standard
Compiling package std.textio
Compiling package ieee.std_logic_1164
Compiling package ieee.std_logic_arith
Compiling package ieee.std_logic_unsigned
Compiling package ieee.numeric_std
Compiling package ieee.math_real
Compiling architecture behavioral of entity xil_defaultlib.UAL [ual_default]
Compiling architecture behavioral of entity xil_defaultlib.test_ual
Built simulation snapshot Test_UAL_behav
INFO: [USF-XSim-69] 'elaborate' step finished in '1' seconds
INFO: [USF-XSim-4] XSim::Simulate design
INFO: [USF-XSim-61] Executing 'SIMULATE' step in '/home/rhachemi/GitHub/ProjetSystemeInfo/Microcontroleur/microcontroleur.sim/sim_1/behav/xsim'
INFO: [USF-XSim-98] *** Running xsim
   with args "Test_UAL_behav -key {Behavioral:sim_1:Functional:Test_UAL} -tclbatch {Test_UAL.tcl} -log {simulate.log}"
INFO: [USF-XSim-8] Loading simulator feature
Vivado Simulator 2018.2
Time resolution is 1 ps
source Test_UAL.tcl
# set curr_wave [current_wave_config]
# if { [string length $curr_wave] == 0 } {
#   if { [llength [get_objects]] > 0} {
#     add_wave /
#     set_property needs_save false [current_wave_config]
#   } else {
#      send_msg_id Add_Wave-1 WARNING "No top level signals found. Simulator will start without a wave window. If you want to open a wave window go to 'File->New Waveform Configuration' or type 'create_wave_config' in the TCL console."
#   }
# }
# run 1000ns
INFO: [USF-XSim-96] XSim completed. Design snapshot 'Test_UAL_behav' loaded.
INFO: [USF-XSim-97] XSim simulation ran for 1000ns
close_sim
INFO: [Simtcl 6-16] Simulation closed
launch_simulation
INFO: [Vivado 12-5682] Launching behavioral simulation in '/home/rhachemi/GitHub/ProjetSystemeInfo/Microcontroleur/microcontroleur.sim/sim_1/behav/xsim'
INFO: [SIM-utils-51] Simulation object is 'sim_1'
INFO: [SIM-utils-54] Inspecting design source files for 'Test_UAL' in fileset 'sim_1'...
INFO: [USF-XSim-97] Finding global include files...
INFO: [USF-XSim-98] Fetching design files from 'sim_1'...
INFO: [USF-XSim-2] XSim::Compile design
INFO: [USF-XSim-61] Executing 'COMPILE and ANALYZE' step in '/home/rhachemi/GitHub/ProjetSystemeInfo/Microcontroleur/microcontroleur.sim/sim_1/behav/xsim'
xvhdl --incr --relax -prj Test_UAL_vhdl.prj
INFO: [VRFC 10-163] Analyzing VHDL file "/home/rhachemi/GitHub/ProjetSystemeInfo/Microcontroleur/microcontroleur.srcs/sources_1/new/UAL.vhd" into library xil_defaultlib
INFO: [VRFC 10-307] analyzing entity UAL
INFO: [USF-XSim-69] 'compile' step finished in '1' seconds
INFO: [USF-XSim-3] XSim::Elaborate design
INFO: [USF-XSim-61] Executing 'ELABORATE' step in '/home/rhachemi/GitHub/ProjetSystemeInfo/Microcontroleur/microcontroleur.sim/sim_1/behav/xsim'
Vivado Simulator 2018.2
Copyright 1986-1999, 2001-2018 Xilinx, Inc. All Rights Reserved.
Running: /usr/local/insa/Xilinx.VIVADO/Vivado/2018.2/bin/unwrapped/lnx64.o/xelab -wto 82d0cde0ff5c46bda809e1035289a6fa --incr --debug typical --relax --mt 8 -L xil_defaultlib -L secureip --snapshot Test_UAL_behav xil_defaultlib.Test_UAL -log elaborate.log 
Using 8 slave threads.
Starting static elaboration
Completed static elaboration
Starting simulation data flow analysis
Completed simulation data flow analysis
Time Resolution for simulation is 1ps
Compiling package std.standard
Compiling package std.textio
Compiling package ieee.std_logic_1164
Compiling package ieee.std_logic_arith
Compiling package ieee.std_logic_unsigned
Compiling package ieee.numeric_std
Compiling package ieee.math_real
Compiling architecture behavioral of entity xil_defaultlib.UAL [ual_default]
Compiling architecture behavioral of entity xil_defaultlib.test_ual
Built simulation snapshot Test_UAL_behav
INFO: [USF-XSim-69] 'elaborate' step finished in '1' seconds
INFO: [USF-XSim-4] XSim::Simulate design
INFO: [USF-XSim-61] Executing 'SIMULATE' step in '/home/rhachemi/GitHub/ProjetSystemeInfo/Microcontroleur/microcontroleur.sim/sim_1/behav/xsim'
INFO: [USF-XSim-98] *** Running xsim
   with args "Test_UAL_behav -key {Behavioral:sim_1:Functional:Test_UAL} -tclbatch {Test_UAL.tcl} -log {simulate.log}"
INFO: [USF-XSim-8] Loading simulator feature
Vivado Simulator 2018.2
Time resolution is 1 ps
source Test_UAL.tcl
# set curr_wave [current_wave_config]
# if { [string length $curr_wave] == 0 } {
#   if { [llength [get_objects]] > 0} {
#     add_wave /
#     set_property needs_save false [current_wave_config]
#   } else {
#      send_msg_id Add_Wave-1 WARNING "No top level signals found. Simulator will start without a wave window. If you want to open a wave window go to 'File->New Waveform Configuration' or type 'create_wave_config' in the TCL console."
#   }
# }
# run 1000ns
INFO: [USF-XSim-96] XSim completed. Design snapshot 'Test_UAL_behav' loaded.
INFO: [USF-XSim-97] XSim simulation ran for 1000ns
close_sim
INFO: [Simtcl 6-16] Simulation closed
launch_simulation
INFO: [Vivado 12-5682] Launching behavioral simulation in '/home/rhachemi/GitHub/ProjetSystemeInfo/Microcontroleur/microcontroleur.sim/sim_1/behav/xsim'
INFO: [SIM-utils-51] Simulation object is 'sim_1'
INFO: [SIM-utils-54] Inspecting design source files for 'Test_UAL' in fileset 'sim_1'...
INFO: [USF-XSim-97] Finding global include files...
INFO: [USF-XSim-98] Fetching design files from 'sim_1'...
INFO: [USF-XSim-2] XSim::Compile design
INFO: [USF-XSim-61] Executing 'COMPILE and ANALYZE' step in '/home/rhachemi/GitHub/ProjetSystemeInfo/Microcontroleur/microcontroleur.sim/sim_1/behav/xsim'
xvhdl --incr --relax -prj Test_UAL_vhdl.prj
INFO: [VRFC 10-163] Analyzing VHDL file "/home/rhachemi/GitHub/ProjetSystemeInfo/Microcontroleur/microcontroleur.srcs/sources_1/new/Test_UAL.vhd" into library xil_defaultlib
INFO: [VRFC 10-307] analyzing entity Test_UAL
INFO: [USF-XSim-69] 'compile' step finished in '1' seconds
INFO: [USF-XSim-3] XSim::Elaborate design
INFO: [USF-XSim-61] Executing 'ELABORATE' step in '/home/rhachemi/GitHub/ProjetSystemeInfo/Microcontroleur/microcontroleur.sim/sim_1/behav/xsim'
Vivado Simulator 2018.2
Copyright 1986-1999, 2001-2018 Xilinx, Inc. All Rights Reserved.
Running: /usr/local/insa/Xilinx.VIVADO/Vivado/2018.2/bin/unwrapped/lnx64.o/xelab -wto 82d0cde0ff5c46bda809e1035289a6fa --incr --debug typical --relax --mt 8 -L xil_defaultlib -L secureip --snapshot Test_UAL_behav xil_defaultlib.Test_UAL -log elaborate.log 
Using 8 slave threads.
Starting static elaboration
Completed static elaboration
Starting simulation data flow analysis
Completed simulation data flow analysis
Time Resolution for simulation is 1ps
Compiling package std.standard
Compiling package std.textio
Compiling package ieee.std_logic_1164
Compiling package ieee.std_logic_arith
Compiling package ieee.std_logic_unsigned
Compiling package ieee.numeric_std
Compiling package ieee.math_real
Compiling architecture behavioral of entity xil_defaultlib.UAL [ual_default]
Compiling architecture behavioral of entity xil_defaultlib.test_ual
Built simulation snapshot Test_UAL_behav
INFO: [USF-XSim-69] 'elaborate' step finished in '1' seconds
INFO: [USF-XSim-4] XSim::Simulate design
INFO: [USF-XSim-61] Executing 'SIMULATE' step in '/home/rhachemi/GitHub/ProjetSystemeInfo/Microcontroleur/microcontroleur.sim/sim_1/behav/xsim'
INFO: [USF-XSim-98] *** Running xsim
   with args "Test_UAL_behav -key {Behavioral:sim_1:Functional:Test_UAL} -tclbatch {Test_UAL.tcl} -log {simulate.log}"
INFO: [USF-XSim-8] Loading simulator feature
Vivado Simulator 2018.2
Time resolution is 1 ps
source Test_UAL.tcl
# set curr_wave [current_wave_config]
# if { [string length $curr_wave] == 0 } {
#   if { [llength [get_objects]] > 0} {
#     add_wave /
#     set_property needs_save false [current_wave_config]
#   } else {
#      send_msg_id Add_Wave-1 WARNING "No top level signals found. Simulator will start without a wave window. If you want to open a wave window go to 'File->New Waveform Configuration' or type 'create_wave_config' in the TCL console."
#   }
# }
# run 1000ns
INFO: [USF-XSim-96] XSim completed. Design snapshot 'Test_UAL_behav' loaded.
INFO: [USF-XSim-97] XSim simulation ran for 1000ns
launch_simulation: Time (s): cpu = 00:00:04 ; elapsed = 00:00:05 . Memory (MB): peak = 6759.297 ; gain = 16.000 ; free physical = 10455 ; free virtual = 22253
close_sim
INFO: [Simtcl 6-16] Simulation closed
exit
INFO: [Common 17-206] Exiting Vivado at Fri Apr  8 15:34:00 2022...
