#-----------------------------------------------------------
# Vivado v2018.2 (64-bit)
# SW Build 2258646 on Thu Jun 14 20:02:38 MDT 2018
# IP Build 2256618 on Thu Jun 14 22:10:49 MDT 2018
# Start of session at: Thu Apr 21 09:31:14 2022
# Process ID: 1930
# Current directory: /home/rhachemi/GitHub/ProjetSystemeInfo/Microcontroleur
# Command line: vivado
# Log file: /home/rhachemi/GitHub/ProjetSystemeInfo/Microcontroleur/vivado.log
# Journal file: /home/rhachemi/GitHub/ProjetSystemeInfo/Microcontroleur/vivado.jou
#-----------------------------------------------------------
start_gui
open_project /home/rhachemi/GitHub/ProjetSystemeInfo/Microcontroleur/microcontroleur.xpr
Scanning sources...
Finished scanning sources
INFO: [IP_Flow 19-234] Refreshing IP repositories
INFO: [IP_Flow 19-1704] No user IP repositories specified
INFO: [IP_Flow 19-2313] Loaded Vivado IP repository '/usr/local/insa/Xilinx.VIVADO/Vivado/2018.2/data/ip'.
open_project: Time (s): cpu = 00:00:09 ; elapsed = 00:00:10 . Memory (MB): peak = 6163.590 ; gain = 136.824 ; free physical = 12988 ; free virtual = 23415
update_compile_order -fileset sources_1
reset_run synth_1
launch_runs synth_1 -jobs 12
[Thu Apr 21 09:34:19 2022] Launched synth_1...
Run output will be captured here: /home/rhachemi/GitHub/ProjetSystemeInfo/Microcontroleur/microcontroleur.runs/synth_1/runme.log
launch_runs impl_1 -jobs 12
[Thu Apr 21 09:35:02 2022] Launched impl_1...
Run output will be captured here: /home/rhachemi/GitHub/ProjetSystemeInfo/Microcontroleur/microcontroleur.runs/impl_1/runme.log
launch_simulation
INFO: [Vivado 12-5682] Launching behavioral simulation in '/home/rhachemi/GitHub/ProjetSystemeInfo/Microcontroleur/microcontroleur.sim/sim_1/behav/xsim'
INFO: [SIM-utils-51] Simulation object is 'sim_1'
INFO: [SIM-utils-54] Inspecting design source files for 'Test_UAL' in fileset 'sim_1'...
INFO: [USF-XSim-97] Finding global include files...
INFO: [USF-XSim-98] Fetching design files from 'sim_1'...
INFO: [USF-XSim-2] XSim::Compile design
INFO: [USF-XSim-61] Executing 'COMPILE and ANALYZE' step in '/home/rhachemi/GitHub/ProjetSystemeInfo/Microcontroleur/microcontroleur.sim/sim_1/behav/xsim'
xvhdl --incr --relax -prj Test_UAL_vhdl.prj
INFO: [VRFC 10-163] Analyzing VHDL file "/home/rhachemi/GitHub/ProjetSystemeInfo/Microcontroleur/microcontroleur.srcs/sources_1/new/Test_UAL.vhd" into library xil_defaultlib
INFO: [VRFC 10-307] analyzing entity Test_UAL
INFO: [USF-XSim-69] 'compile' step finished in '2' seconds
INFO: [USF-XSim-3] XSim::Elaborate design
INFO: [USF-XSim-61] Executing 'ELABORATE' step in '/home/rhachemi/GitHub/ProjetSystemeInfo/Microcontroleur/microcontroleur.sim/sim_1/behav/xsim'
Vivado Simulator 2018.2
Copyright 1986-1999, 2001-2018 Xilinx, Inc. All Rights Reserved.
Running: /usr/local/insa/Xilinx.VIVADO/Vivado/2018.2/bin/unwrapped/lnx64.o/xelab -wto 82d0cde0ff5c46bda809e1035289a6fa --incr --debug typical --relax --mt 8 -L xil_defaultlib -L secureip --snapshot Test_UAL_behav xil_defaultlib.Test_UAL -log elaborate.log 
Using 8 slave threads.
Starting static elaboration
Completed static elaboration
Starting simulation data flow analysis
Completed simulation data flow analysis
Time Resolution for simulation is 1ps
Compiling package std.standard
Compiling package std.textio
Compiling package ieee.std_logic_1164
Compiling package ieee.std_logic_arith
Compiling package ieee.std_logic_unsigned
Compiling package ieee.numeric_std
Compiling package ieee.math_real
Compiling architecture behavioral of entity xil_defaultlib.UAL [ual_default]
Compiling architecture behavioral of entity xil_defaultlib.test_ual
Built simulation snapshot Test_UAL_behav

****** Webtalk v2018.2 (64-bit)
  **** SW Build 2258646 on Thu Jun 14 20:02:38 MDT 2018
  **** IP Build 2256618 on Thu Jun 14 22:10:49 MDT 2018
    ** Copyright 1986-2018 Xilinx, Inc. All Rights Reserved.

source /home/rhachemi/GitHub/ProjetSystemeInfo/Microcontroleur/microcontroleur.sim/sim_1/behav/xsim/xsim.dir/Test_UAL_behav/webtalk/xsim_webtalk.tcl -notrace
INFO: [Common 17-206] Exiting Webtalk at Thu Apr 21 09:39:34 2022...
INFO: [USF-XSim-69] 'elaborate' step finished in '5' seconds
INFO: [USF-XSim-4] XSim::Simulate design
INFO: [USF-XSim-61] Executing 'SIMULATE' step in '/home/rhachemi/GitHub/ProjetSystemeInfo/Microcontroleur/microcontroleur.sim/sim_1/behav/xsim'
INFO: [USF-XSim-98] *** Running xsim
   with args "Test_UAL_behav -key {Behavioral:sim_1:Functional:Test_UAL} -tclbatch {Test_UAL.tcl} -log {simulate.log}"
INFO: [USF-XSim-8] Loading simulator feature
Vivado Simulator 2018.2
Time resolution is 1 ps
source Test_UAL.tcl
# set curr_wave [current_wave_config]
# if { [string length $curr_wave] == 0 } {
#   if { [llength [get_objects]] > 0} {
#     add_wave /
#     set_property needs_save false [current_wave_config]
#   } else {
#      send_msg_id Add_Wave-1 WARNING "No top level signals found. Simulator will start without a wave window. If you want to open a wave window go to 'File->New Waveform Configuration' or type 'create_wave_config' in the TCL console."
#   }
# }
# run 1000ns
INFO: [USF-XSim-96] XSim completed. Design snapshot 'Test_UAL_behav' loaded.
INFO: [USF-XSim-97] XSim simulation ran for 1000ns
launch_simulation: Time (s): cpu = 00:00:08 ; elapsed = 00:00:11 . Memory (MB): peak = 6314.008 ; gain = 58.816 ; free physical = 9838 ; free virtual = 21558
close_sim
INFO: [Simtcl 6-16] Simulation closed
launch_simulation
INFO: [Vivado 12-5682] Launching behavioral simulation in '/home/rhachemi/GitHub/ProjetSystemeInfo/Microcontroleur/microcontroleur.sim/sim_1/behav/xsim'
INFO: [SIM-utils-51] Simulation object is 'sim_1'
INFO: [SIM-utils-54] Inspecting design source files for 'Test_UAL' in fileset 'sim_1'...
INFO: [USF-XSim-97] Finding global include files...
INFO: [USF-XSim-98] Fetching design files from 'sim_1'...
INFO: [USF-XSim-2] XSim::Compile design
INFO: [USF-XSim-61] Executing 'COMPILE and ANALYZE' step in '/home/rhachemi/GitHub/ProjetSystemeInfo/Microcontroleur/microcontroleur.sim/sim_1/behav/xsim'
xvhdl --incr --relax -prj Test_UAL_vhdl.prj
INFO: [VRFC 10-163] Analyzing VHDL file "/home/rhachemi/GitHub/ProjetSystemeInfo/Microcontroleur/microcontroleur.srcs/sources_1/new/Test_UAL.vhd" into library xil_defaultlib
INFO: [VRFC 10-307] analyzing entity Test_UAL
INFO: [USF-XSim-69] 'compile' step finished in '1' seconds
INFO: [USF-XSim-3] XSim::Elaborate design
INFO: [USF-XSim-61] Executing 'ELABORATE' step in '/home/rhachemi/GitHub/ProjetSystemeInfo/Microcontroleur/microcontroleur.sim/sim_1/behav/xsim'
Vivado Simulator 2018.2
Copyright 1986-1999, 2001-2018 Xilinx, Inc. All Rights Reserved.
Running: /usr/local/insa/Xilinx.VIVADO/Vivado/2018.2/bin/unwrapped/lnx64.o/xelab -wto 82d0cde0ff5c46bda809e1035289a6fa --incr --debug typical --relax --mt 8 -L xil_defaultlib -L secureip --snapshot Test_UAL_behav xil_defaultlib.Test_UAL -log elaborate.log 
Using 8 slave threads.
Starting static elaboration
Completed static elaboration
Starting simulation data flow analysis
Completed simulation data flow analysis
Time Resolution for simulation is 1ps
Compiling package std.standard
Compiling package std.textio
Compiling package ieee.std_logic_1164
Compiling package ieee.std_logic_arith
Compiling package ieee.std_logic_unsigned
Compiling package ieee.numeric_std
Compiling package ieee.math_real
Compiling architecture behavioral of entity xil_defaultlib.UAL [ual_default]
Compiling architecture behavioral of entity xil_defaultlib.test_ual
Built simulation snapshot Test_UAL_behav
INFO: [USF-XSim-69] 'elaborate' step finished in '1' seconds
INFO: [USF-XSim-4] XSim::Simulate design
INFO: [USF-XSim-61] Executing 'SIMULATE' step in '/home/rhachemi/GitHub/ProjetSystemeInfo/Microcontroleur/microcontroleur.sim/sim_1/behav/xsim'
INFO: [USF-XSim-98] *** Running xsim
   with args "Test_UAL_behav -key {Behavioral:sim_1:Functional:Test_UAL} -tclbatch {Test_UAL.tcl} -log {simulate.log}"
INFO: [USF-XSim-8] Loading simulator feature
Vivado Simulator 2018.2
Time resolution is 1 ps
source Test_UAL.tcl
# set curr_wave [current_wave_config]
# if { [string length $curr_wave] == 0 } {
#   if { [llength [get_objects]] > 0} {
#     add_wave /
#     set_property needs_save false [current_wave_config]
#   } else {
#      send_msg_id Add_Wave-1 WARNING "No top level signals found. Simulator will start without a wave window. If you want to open a wave window go to 'File->New Waveform Configuration' or type 'create_wave_config' in the TCL console."
#   }
# }
# run 1000ns
INFO: [USF-XSim-96] XSim completed. Design snapshot 'Test_UAL_behav' loaded.
INFO: [USF-XSim-97] XSim simulation ran for 1000ns
reset_run synth_1
WARNING: [Vivado 12-1017] Problems encountered:
1. Failed to delete one or more files in run directory /home/rhachemi/GitHub/ProjetSystemeInfo/Microcontroleur/microcontroleur.runs/synth_1

launch_runs impl_1 -jobs 12
[Thu Apr 21 09:41:59 2022] Launched synth_1...
Run output will be captured here: /home/rhachemi/GitHub/ProjetSystemeInfo/Microcontroleur/microcontroleur.runs/synth_1/runme.log
[Thu Apr 21 09:41:59 2022] Launched impl_1...
Run output will be captured here: /home/rhachemi/GitHub/ProjetSystemeInfo/Microcontroleur/microcontroleur.runs/impl_1/runme.log
restart
INFO: [Simtcl 6-17] Simulation restarted
run 300 ns
run 300 ns
restart
INFO: [Simtcl 6-17] Simulation restarted
run 300 ns
close_sim
INFO: [Simtcl 6-16] Simulation closed
launch_simulation
INFO: [Vivado 12-5682] Launching behavioral simulation in '/home/rhachemi/GitHub/ProjetSystemeInfo/Microcontroleur/microcontroleur.sim/sim_1/behav/xsim'
INFO: [SIM-utils-51] Simulation object is 'sim_1'
INFO: [SIM-utils-54] Inspecting design source files for 'Test_UAL' in fileset 'sim_1'...
INFO: [USF-XSim-97] Finding global include files...
INFO: [USF-XSim-98] Fetching design files from 'sim_1'...
INFO: [USF-XSim-2] XSim::Compile design
INFO: [USF-XSim-61] Executing 'COMPILE and ANALYZE' step in '/home/rhachemi/GitHub/ProjetSystemeInfo/Microcontroleur/microcontroleur.sim/sim_1/behav/xsim'
xvhdl --incr --relax -prj Test_UAL_vhdl.prj
INFO: [VRFC 10-163] Analyzing VHDL file "/home/rhachemi/GitHub/ProjetSystemeInfo/Microcontroleur/microcontroleur.srcs/sources_1/new/UAL.vhd" into library xil_defaultlib
INFO: [VRFC 10-307] analyzing entity UAL
ERROR: [VRFC 10-1412] syntax error near else [/home/rhachemi/GitHub/ProjetSystemeInfo/Microcontroleur/microcontroleur.srcs/sources_1/new/UAL.vhd:74]
ERROR: [VRFC 10-1504] unit behavioral ignored due to previous errors [/home/rhachemi/GitHub/ProjetSystemeInfo/Microcontroleur/microcontroleur.srcs/sources_1/new/UAL.vhd:46]
INFO: [VRFC 10-240] VHDL file /home/rhachemi/GitHub/ProjetSystemeInfo/Microcontroleur/microcontroleur.srcs/sources_1/new/UAL.vhd ignored due to errors
INFO: [USF-XSim-69] 'compile' step finished in '1' seconds
INFO: [USF-XSim-99] Step results log file:'/home/rhachemi/GitHub/ProjetSystemeInfo/Microcontroleur/microcontroleur.sim/sim_1/behav/xsim/xvhdl.log'
ERROR: [USF-XSim-62] 'compile' step failed with error(s). Please check the Tcl console output or '/home/rhachemi/GitHub/ProjetSystemeInfo/Microcontroleur/microcontroleur.sim/sim_1/behav/xsim/xvhdl.log' file for more information.
ERROR: [Vivado 12-4473] Detected error while running simulation. Please correct the issue and retry this operation.
ERROR: [Common 17-39] 'launch_simulation' failed due to earlier errors.
launch_simulation
INFO: [Vivado 12-5682] Launching behavioral simulation in '/home/rhachemi/GitHub/ProjetSystemeInfo/Microcontroleur/microcontroleur.sim/sim_1/behav/xsim'
INFO: [SIM-utils-51] Simulation object is 'sim_1'
INFO: [SIM-utils-54] Inspecting design source files for 'Test_UAL' in fileset 'sim_1'...
INFO: [USF-XSim-97] Finding global include files...
INFO: [USF-XSim-98] Fetching design files from 'sim_1'...
INFO: [USF-XSim-2] XSim::Compile design
INFO: [USF-XSim-61] Executing 'COMPILE and ANALYZE' step in '/home/rhachemi/GitHub/ProjetSystemeInfo/Microcontroleur/microcontroleur.sim/sim_1/behav/xsim'
xvhdl --incr --relax -prj Test_UAL_vhdl.prj
INFO: [VRFC 10-163] Analyzing VHDL file "/home/rhachemi/GitHub/ProjetSystemeInfo/Microcontroleur/microcontroleur.srcs/sources_1/new/UAL.vhd" into library xil_defaultlib
INFO: [VRFC 10-307] analyzing entity UAL
INFO: [USF-XSim-69] 'compile' step finished in '1' seconds
INFO: [USF-XSim-3] XSim::Elaborate design
INFO: [USF-XSim-61] Executing 'ELABORATE' step in '/home/rhachemi/GitHub/ProjetSystemeInfo/Microcontroleur/microcontroleur.sim/sim_1/behav/xsim'
Vivado Simulator 2018.2
Copyright 1986-1999, 2001-2018 Xilinx, Inc. All Rights Reserved.
Running: /usr/local/insa/Xilinx.VIVADO/Vivado/2018.2/bin/unwrapped/lnx64.o/xelab -wto 82d0cde0ff5c46bda809e1035289a6fa --incr --debug typical --relax --mt 8 -L xil_defaultlib -L secureip --snapshot Test_UAL_behav xil_defaultlib.Test_UAL -log elaborate.log 
Using 8 slave threads.
Starting static elaboration
Completed static elaboration
Starting simulation data flow analysis
Completed simulation data flow analysis
Time Resolution for simulation is 1ps
Compiling package std.standard
Compiling package std.textio
Compiling package ieee.std_logic_1164
Compiling package ieee.std_logic_arith
Compiling package ieee.std_logic_unsigned
Compiling package ieee.numeric_std
Compiling package ieee.math_real
Compiling architecture behavioral of entity xil_defaultlib.UAL [ual_default]
Compiling architecture behavioral of entity xil_defaultlib.test_ual
Built simulation snapshot Test_UAL_behav
INFO: [USF-XSim-69] 'elaborate' step finished in '1' seconds
INFO: [USF-XSim-4] XSim::Simulate design
INFO: [USF-XSim-61] Executing 'SIMULATE' step in '/home/rhachemi/GitHub/ProjetSystemeInfo/Microcontroleur/microcontroleur.sim/sim_1/behav/xsim'
INFO: [USF-XSim-98] *** Running xsim
   with args "Test_UAL_behav -key {Behavioral:sim_1:Functional:Test_UAL} -tclbatch {Test_UAL.tcl} -log {simulate.log}"
INFO: [USF-XSim-8] Loading simulator feature
Vivado Simulator 2018.2
Time resolution is 1 ps
source Test_UAL.tcl
# set curr_wave [current_wave_config]
# if { [string length $curr_wave] == 0 } {
#   if { [llength [get_objects]] > 0} {
#     add_wave /
#     set_property needs_save false [current_wave_config]
#   } else {
#      send_msg_id Add_Wave-1 WARNING "No top level signals found. Simulator will start without a wave window. If you want to open a wave window go to 'File->New Waveform Configuration' or type 'create_wave_config' in the TCL console."
#   }
# }
# run 1000ns
INFO: [USF-XSim-96] XSim completed. Design snapshot 'Test_UAL_behav' loaded.
INFO: [USF-XSim-97] XSim simulation ran for 1000ns
close [ open /home/rhachemi/GitHub/ProjetSystemeInfo/Microcontroleur/microcontroleur.srcs/sources_1/new/Clock.vhd w ]
add_files /home/rhachemi/GitHub/ProjetSystemeInfo/Microcontroleur/microcontroleur.srcs/sources_1/new/Clock.vhd
update_compile_order -fileset sources_1
reset_run synth_1
WARNING: [Vivado 12-1017] Problems encountered:
1. Failed to delete one or more files in run directory /home/rhachemi/GitHub/ProjetSystemeInfo/Microcontroleur/microcontroleur.runs/synth_1

launch_runs synth_1 -jobs 12
[Thu Apr 21 10:12:15 2022] Launched synth_1...
Run output will be captured here: /home/rhachemi/GitHub/ProjetSystemeInfo/Microcontroleur/microcontroleur.runs/synth_1/runme.log
close_sim
INFO: [Simtcl 6-16] Simulation closed
launch_simulation
INFO: [Vivado 12-5682] Launching behavioral simulation in '/home/rhachemi/GitHub/ProjetSystemeInfo/Microcontroleur/microcontroleur.sim/sim_1/behav/xsim'
INFO: [SIM-utils-51] Simulation object is 'sim_1'
INFO: [SIM-utils-54] Inspecting design source files for 'Test_UAL' in fileset 'sim_1'...
INFO: [USF-XSim-97] Finding global include files...
INFO: [USF-XSim-98] Fetching design files from 'sim_1'...
INFO: [USF-XSim-2] XSim::Compile design
INFO: [USF-XSim-61] Executing 'COMPILE and ANALYZE' step in '/home/rhachemi/GitHub/ProjetSystemeInfo/Microcontroleur/microcontroleur.sim/sim_1/behav/xsim'
xvhdl --incr --relax -prj Test_UAL_vhdl.prj
INFO: [VRFC 10-163] Analyzing VHDL file "/home/rhachemi/GitHub/ProjetSystemeInfo/Microcontroleur/microcontroleur.srcs/sources_1/new/UAL.vhd" into library xil_defaultlib
INFO: [VRFC 10-307] analyzing entity UAL
INFO: [VRFC 10-163] Analyzing VHDL file "/home/rhachemi/GitHub/ProjetSystemeInfo/Microcontroleur/microcontroleur.srcs/sources_1/new/Test_UAL.vhd" into library xil_defaultlib
INFO: [VRFC 10-307] analyzing entity Test_UAL
INFO: [USF-XSim-69] 'compile' step finished in '1' seconds
INFO: [USF-XSim-3] XSim::Elaborate design
INFO: [USF-XSim-61] Executing 'ELABORATE' step in '/home/rhachemi/GitHub/ProjetSystemeInfo/Microcontroleur/microcontroleur.sim/sim_1/behav/xsim'
Vivado Simulator 2018.2
Copyright 1986-1999, 2001-2018 Xilinx, Inc. All Rights Reserved.
Running: /usr/local/insa/Xilinx.VIVADO/Vivado/2018.2/bin/unwrapped/lnx64.o/xelab -wto 82d0cde0ff5c46bda809e1035289a6fa --incr --debug typical --relax --mt 8 -L xil_defaultlib -L secureip --snapshot Test_UAL_behav xil_defaultlib.Test_UAL -log elaborate.log 
Using 8 slave threads.
Starting static elaboration
Completed static elaboration
Starting simulation data flow analysis
Completed simulation data flow analysis
Time Resolution for simulation is 1ps
Compiling package std.standard
Compiling package std.textio
Compiling package ieee.std_logic_1164
Compiling package ieee.std_logic_arith
Compiling package ieee.std_logic_unsigned
Compiling package ieee.numeric_std
Compiling package ieee.math_real
Compiling architecture behavioral of entity xil_defaultlib.UAL [ual_default]
Compiling architecture behavioral of entity xil_defaultlib.test_ual
Built simulation snapshot Test_UAL_behav
INFO: [USF-XSim-69] 'elaborate' step finished in '1' seconds
INFO: [USF-XSim-4] XSim::Simulate design
INFO: [USF-XSim-61] Executing 'SIMULATE' step in '/home/rhachemi/GitHub/ProjetSystemeInfo/Microcontroleur/microcontroleur.sim/sim_1/behav/xsim'
INFO: [USF-XSim-98] *** Running xsim
   with args "Test_UAL_behav -key {Behavioral:sim_1:Functional:Test_UAL} -tclbatch {Test_UAL.tcl} -log {simulate.log}"
INFO: [USF-XSim-8] Loading simulator feature
Vivado Simulator 2018.2
Time resolution is 1 ps
source Test_UAL.tcl
# set curr_wave [current_wave_config]
# if { [string length $curr_wave] == 0 } {
#   if { [llength [get_objects]] > 0} {
#     add_wave /
#     set_property needs_save false [current_wave_config]
#   } else {
#      send_msg_id Add_Wave-1 WARNING "No top level signals found. Simulator will start without a wave window. If you want to open a wave window go to 'File->New Waveform Configuration' or type 'create_wave_config' in the TCL console."
#   }
# }
# run 1000ns
INFO: [USF-XSim-96] XSim completed. Design snapshot 'Test_UAL_behav' loaded.
INFO: [USF-XSim-97] XSim simulation ran for 1000ns
reset_run synth_1
WARNING: [Vivado 12-1017] Problems encountered:
1. Failed to delete one or more files in run directory /home/rhachemi/GitHub/ProjetSystemeInfo/Microcontroleur/microcontroleur.runs/synth_1

launch_runs synth_1 -jobs 12
[Thu Apr 21 10:18:05 2022] Launched synth_1...
Run output will be captured here: /home/rhachemi/GitHub/ProjetSystemeInfo/Microcontroleur/microcontroleur.runs/synth_1/runme.log
close_sim
INFO: [Simtcl 6-16] Simulation closed
launch_simulation
INFO: [Vivado 12-5682] Launching behavioral simulation in '/home/rhachemi/GitHub/ProjetSystemeInfo/Microcontroleur/microcontroleur.sim/sim_1/behav/xsim'
INFO: [SIM-utils-51] Simulation object is 'sim_1'
INFO: [SIM-utils-54] Inspecting design source files for 'Test_UAL' in fileset 'sim_1'...
INFO: [USF-XSim-97] Finding global include files...
INFO: [USF-XSim-98] Fetching design files from 'sim_1'...
INFO: [USF-XSim-2] XSim::Compile design
INFO: [USF-XSim-61] Executing 'COMPILE and ANALYZE' step in '/home/rhachemi/GitHub/ProjetSystemeInfo/Microcontroleur/microcontroleur.sim/sim_1/behav/xsim'
xvhdl --incr --relax -prj Test_UAL_vhdl.prj
INFO: [VRFC 10-163] Analyzing VHDL file "/home/rhachemi/GitHub/ProjetSystemeInfo/Microcontroleur/microcontroleur.srcs/sources_1/new/Test_UAL.vhd" into library xil_defaultlib
INFO: [VRFC 10-307] analyzing entity Test_UAL
INFO: [USF-XSim-69] 'compile' step finished in '1' seconds
INFO: [USF-XSim-3] XSim::Elaborate design
INFO: [USF-XSim-61] Executing 'ELABORATE' step in '/home/rhachemi/GitHub/ProjetSystemeInfo/Microcontroleur/microcontroleur.sim/sim_1/behav/xsim'
Vivado Simulator 2018.2
Copyright 1986-1999, 2001-2018 Xilinx, Inc. All Rights Reserved.
Running: /usr/local/insa/Xilinx.VIVADO/Vivado/2018.2/bin/unwrapped/lnx64.o/xelab -wto 82d0cde0ff5c46bda809e1035289a6fa --incr --debug typical --relax --mt 8 -L xil_defaultlib -L secureip --snapshot Test_UAL_behav xil_defaultlib.Test_UAL -log elaborate.log 
Using 8 slave threads.
Starting static elaboration
Completed static elaboration
Starting simulation data flow analysis
Completed simulation data flow analysis
Time Resolution for simulation is 1ps
Compiling package std.standard
Compiling package std.textio
Compiling package ieee.std_logic_1164
Compiling package ieee.std_logic_arith
Compiling package ieee.std_logic_unsigned
Compiling package ieee.numeric_std
Compiling package ieee.math_real
Compiling architecture behavioral of entity xil_defaultlib.UAL [ual_default]
Compiling architecture behavioral of entity xil_defaultlib.test_ual
Built simulation snapshot Test_UAL_behav
INFO: [USF-XSim-69] 'elaborate' step finished in '1' seconds
INFO: [USF-XSim-4] XSim::Simulate design
INFO: [USF-XSim-61] Executing 'SIMULATE' step in '/home/rhachemi/GitHub/ProjetSystemeInfo/Microcontroleur/microcontroleur.sim/sim_1/behav/xsim'
INFO: [USF-XSim-98] *** Running xsim
   with args "Test_UAL_behav -key {Behavioral:sim_1:Functional:Test_UAL} -tclbatch {Test_UAL.tcl} -log {simulate.log}"
INFO: [USF-XSim-8] Loading simulator feature
Vivado Simulator 2018.2
Time resolution is 1 ps
source Test_UAL.tcl
# set curr_wave [current_wave_config]
# if { [string length $curr_wave] == 0 } {
#   if { [llength [get_objects]] > 0} {
#     add_wave /
#     set_property needs_save false [current_wave_config]
#   } else {
#      send_msg_id Add_Wave-1 WARNING "No top level signals found. Simulator will start without a wave window. If you want to open a wave window go to 'File->New Waveform Configuration' or type 'create_wave_config' in the TCL console."
#   }
# }
# run 1000ns
INFO: [USF-XSim-96] XSim completed. Design snapshot 'Test_UAL_behav' loaded.
INFO: [USF-XSim-97] XSim simulation ran for 1000ns
close_sim
INFO: [Simtcl 6-16] Simulation closed
launch_simulation
INFO: [Vivado 12-5682] Launching behavioral simulation in '/home/rhachemi/GitHub/ProjetSystemeInfo/Microcontroleur/microcontroleur.sim/sim_1/behav/xsim'
INFO: [SIM-utils-51] Simulation object is 'sim_1'
INFO: [SIM-utils-54] Inspecting design source files for 'Test_UAL' in fileset 'sim_1'...
INFO: [USF-XSim-97] Finding global include files...
INFO: [USF-XSim-98] Fetching design files from 'sim_1'...
INFO: [USF-XSim-2] XSim::Compile design
INFO: [USF-XSim-61] Executing 'COMPILE and ANALYZE' step in '/home/rhachemi/GitHub/ProjetSystemeInfo/Microcontroleur/microcontroleur.sim/sim_1/behav/xsim'
xvhdl --incr --relax -prj Test_UAL_vhdl.prj
INFO: [VRFC 10-163] Analyzing VHDL file "/home/rhachemi/GitHub/ProjetSystemeInfo/Microcontroleur/microcontroleur.srcs/sources_1/new/Test_UAL.vhd" into library xil_defaultlib
INFO: [VRFC 10-307] analyzing entity Test_UAL
INFO: [USF-XSim-69] 'compile' step finished in '1' seconds
INFO: [USF-XSim-3] XSim::Elaborate design
INFO: [USF-XSim-61] Executing 'ELABORATE' step in '/home/rhachemi/GitHub/ProjetSystemeInfo/Microcontroleur/microcontroleur.sim/sim_1/behav/xsim'
Vivado Simulator 2018.2
Copyright 1986-1999, 2001-2018 Xilinx, Inc. All Rights Reserved.
Running: /usr/local/insa/Xilinx.VIVADO/Vivado/2018.2/bin/unwrapped/lnx64.o/xelab -wto 82d0cde0ff5c46bda809e1035289a6fa --incr --debug typical --relax --mt 8 -L xil_defaultlib -L secureip --snapshot Test_UAL_behav xil_defaultlib.Test_UAL -log elaborate.log 
Using 8 slave threads.
Starting static elaboration
Completed static elaboration
Starting simulation data flow analysis
Completed simulation data flow analysis
Time Resolution for simulation is 1ps
Compiling package std.standard
Compiling package std.textio
Compiling package ieee.std_logic_1164
Compiling package ieee.std_logic_arith
Compiling package ieee.std_logic_unsigned
Compiling package ieee.numeric_std
Compiling package ieee.math_real
Compiling architecture behavioral of entity xil_defaultlib.UAL [ual_default]
Compiling architecture behavioral of entity xil_defaultlib.test_ual
Built simulation snapshot Test_UAL_behav
INFO: [USF-XSim-69] 'elaborate' step finished in '1' seconds
INFO: [USF-XSim-4] XSim::Simulate design
INFO: [USF-XSim-61] Executing 'SIMULATE' step in '/home/rhachemi/GitHub/ProjetSystemeInfo/Microcontroleur/microcontroleur.sim/sim_1/behav/xsim'
INFO: [USF-XSim-98] *** Running xsim
   with args "Test_UAL_behav -key {Behavioral:sim_1:Functional:Test_UAL} -tclbatch {Test_UAL.tcl} -log {simulate.log}"
INFO: [USF-XSim-8] Loading simulator feature
Vivado Simulator 2018.2
Time resolution is 1 ps
source Test_UAL.tcl
# set curr_wave [current_wave_config]
# if { [string length $curr_wave] == 0 } {
#   if { [llength [get_objects]] > 0} {
#     add_wave /
#     set_property needs_save false [current_wave_config]
#   } else {
#      send_msg_id Add_Wave-1 WARNING "No top level signals found. Simulator will start without a wave window. If you want to open a wave window go to 'File->New Waveform Configuration' or type 'create_wave_config' in the TCL console."
#   }
# }
# run 1000ns
INFO: [USF-XSim-96] XSim completed. Design snapshot 'Test_UAL_behav' loaded.
INFO: [USF-XSim-97] XSim simulation ran for 1000ns
launch_simulation: Time (s): cpu = 00:00:04 ; elapsed = 00:00:05 . Memory (MB): peak = 6469.078 ; gain = 11.004 ; free physical = 8990 ; free virtual = 21119
close_sim
INFO: [Simtcl 6-16] Simulation closed
launch_simulation
INFO: [Vivado 12-5682] Launching behavioral simulation in '/home/rhachemi/GitHub/ProjetSystemeInfo/Microcontroleur/microcontroleur.sim/sim_1/behav/xsim'
INFO: [SIM-utils-51] Simulation object is 'sim_1'
INFO: [SIM-utils-54] Inspecting design source files for 'Test_UAL' in fileset 'sim_1'...
INFO: [USF-XSim-97] Finding global include files...
INFO: [USF-XSim-98] Fetching design files from 'sim_1'...
INFO: [USF-XSim-2] XSim::Compile design
INFO: [USF-XSim-61] Executing 'COMPILE and ANALYZE' step in '/home/rhachemi/GitHub/ProjetSystemeInfo/Microcontroleur/microcontroleur.sim/sim_1/behav/xsim'
xvhdl --incr --relax -prj Test_UAL_vhdl.prj
INFO: [VRFC 10-163] Analyzing VHDL file "/home/rhachemi/GitHub/ProjetSystemeInfo/Microcontroleur/microcontroleur.srcs/sources_1/new/Test_UAL.vhd" into library xil_defaultlib
INFO: [VRFC 10-307] analyzing entity Test_UAL
INFO: [USF-XSim-69] 'compile' step finished in '0' seconds
INFO: [USF-XSim-3] XSim::Elaborate design
INFO: [USF-XSim-61] Executing 'ELABORATE' step in '/home/rhachemi/GitHub/ProjetSystemeInfo/Microcontroleur/microcontroleur.sim/sim_1/behav/xsim'
Vivado Simulator 2018.2
Copyright 1986-1999, 2001-2018 Xilinx, Inc. All Rights Reserved.
Running: /usr/local/insa/Xilinx.VIVADO/Vivado/2018.2/bin/unwrapped/lnx64.o/xelab -wto 82d0cde0ff5c46bda809e1035289a6fa --incr --debug typical --relax --mt 8 -L xil_defaultlib -L secureip --snapshot Test_UAL_behav xil_defaultlib.Test_UAL -log elaborate.log 
Using 8 slave threads.
Starting static elaboration
Completed static elaboration
Starting simulation data flow analysis
Completed simulation data flow analysis
Time Resolution for simulation is 1ps
Compiling package std.standard
Compiling package std.textio
Compiling package ieee.std_logic_1164
Compiling package ieee.std_logic_arith
Compiling package ieee.std_logic_unsigned
Compiling package ieee.numeric_std
Compiling package ieee.math_real
Compiling architecture behavioral of entity xil_defaultlib.UAL [ual_default]
Compiling architecture behavioral of entity xil_defaultlib.test_ual
Built simulation snapshot Test_UAL_behav
INFO: [USF-XSim-69] 'elaborate' step finished in '1' seconds
INFO: [USF-XSim-4] XSim::Simulate design
INFO: [USF-XSim-61] Executing 'SIMULATE' step in '/home/rhachemi/GitHub/ProjetSystemeInfo/Microcontroleur/microcontroleur.sim/sim_1/behav/xsim'
INFO: [USF-XSim-98] *** Running xsim
   with args "Test_UAL_behav -key {Behavioral:sim_1:Functional:Test_UAL} -tclbatch {Test_UAL.tcl} -log {simulate.log}"
INFO: [USF-XSim-8] Loading simulator feature
Vivado Simulator 2018.2
Time resolution is 1 ps
source Test_UAL.tcl
# set curr_wave [current_wave_config]
# if { [string length $curr_wave] == 0 } {
#   if { [llength [get_objects]] > 0} {
#     add_wave /
#     set_property needs_save false [current_wave_config]
#   } else {
#      send_msg_id Add_Wave-1 WARNING "No top level signals found. Simulator will start without a wave window. If you want to open a wave window go to 'File->New Waveform Configuration' or type 'create_wave_config' in the TCL console."
#   }
# }
# run 1000ns
INFO: [USF-XSim-96] XSim completed. Design snapshot 'Test_UAL_behav' loaded.
INFO: [USF-XSim-97] XSim simulation ran for 1000ns
close_sim
INFO: [Simtcl 6-16] Simulation closed
launch_simulation
INFO: [Vivado 12-5682] Launching behavioral simulation in '/home/rhachemi/GitHub/ProjetSystemeInfo/Microcontroleur/microcontroleur.sim/sim_1/behav/xsim'
INFO: [SIM-utils-51] Simulation object is 'sim_1'
INFO: [SIM-utils-54] Inspecting design source files for 'Test_UAL' in fileset 'sim_1'...
INFO: [USF-XSim-97] Finding global include files...
INFO: [USF-XSim-98] Fetching design files from 'sim_1'...
INFO: [USF-XSim-2] XSim::Compile design
INFO: [USF-XSim-61] Executing 'COMPILE and ANALYZE' step in '/home/rhachemi/GitHub/ProjetSystemeInfo/Microcontroleur/microcontroleur.sim/sim_1/behav/xsim'
xvhdl --incr --relax -prj Test_UAL_vhdl.prj
INFO: [VRFC 10-163] Analyzing VHDL file "/home/rhachemi/GitHub/ProjetSystemeInfo/Microcontroleur/microcontroleur.srcs/sources_1/new/Test_UAL.vhd" into library xil_defaultlib
INFO: [VRFC 10-307] analyzing entity Test_UAL
INFO: [USF-XSim-69] 'compile' step finished in '1' seconds
INFO: [USF-XSim-3] XSim::Elaborate design
INFO: [USF-XSim-61] Executing 'ELABORATE' step in '/home/rhachemi/GitHub/ProjetSystemeInfo/Microcontroleur/microcontroleur.sim/sim_1/behav/xsim'
Vivado Simulator 2018.2
Copyright 1986-1999, 2001-2018 Xilinx, Inc. All Rights Reserved.
Running: /usr/local/insa/Xilinx.VIVADO/Vivado/2018.2/bin/unwrapped/lnx64.o/xelab -wto 82d0cde0ff5c46bda809e1035289a6fa --incr --debug typical --relax --mt 8 -L xil_defaultlib -L secureip --snapshot Test_UAL_behav xil_defaultlib.Test_UAL -log elaborate.log 
Using 8 slave threads.
Starting static elaboration
Completed static elaboration
Starting simulation data flow analysis
Completed simulation data flow analysis
Time Resolution for simulation is 1ps
Compiling package std.standard
Compiling package std.textio
Compiling package ieee.std_logic_1164
Compiling package ieee.std_logic_arith
Compiling package ieee.std_logic_unsigned
Compiling package ieee.numeric_std
Compiling package ieee.math_real
Compiling architecture behavioral of entity xil_defaultlib.UAL [ual_default]
Compiling architecture behavioral of entity xil_defaultlib.test_ual
Built simulation snapshot Test_UAL_behav
INFO: [USF-XSim-69] 'elaborate' step finished in '1' seconds
INFO: [USF-XSim-4] XSim::Simulate design
INFO: [USF-XSim-61] Executing 'SIMULATE' step in '/home/rhachemi/GitHub/ProjetSystemeInfo/Microcontroleur/microcontroleur.sim/sim_1/behav/xsim'
INFO: [USF-XSim-98] *** Running xsim
   with args "Test_UAL_behav -key {Behavioral:sim_1:Functional:Test_UAL} -tclbatch {Test_UAL.tcl} -log {simulate.log}"
INFO: [USF-XSim-8] Loading simulator feature
Vivado Simulator 2018.2
Time resolution is 1 ps
source Test_UAL.tcl
# set curr_wave [current_wave_config]
# if { [string length $curr_wave] == 0 } {
#   if { [llength [get_objects]] > 0} {
#     add_wave /
#     set_property needs_save false [current_wave_config]
#   } else {
#      send_msg_id Add_Wave-1 WARNING "No top level signals found. Simulator will start without a wave window. If you want to open a wave window go to 'File->New Waveform Configuration' or type 'create_wave_config' in the TCL console."
#   }
# }
# run 1000ns
INFO: [USF-XSim-96] XSim completed. Design snapshot 'Test_UAL_behav' loaded.
INFO: [USF-XSim-97] XSim simulation ran for 1000ns
close_sim
INFO: [Simtcl 6-16] Simulation closed
launch_simulation
INFO: [Vivado 12-5682] Launching behavioral simulation in '/home/rhachemi/GitHub/ProjetSystemeInfo/Microcontroleur/microcontroleur.sim/sim_1/behav/xsim'
INFO: [SIM-utils-51] Simulation object is 'sim_1'
INFO: [SIM-utils-54] Inspecting design source files for 'Test_UAL' in fileset 'sim_1'...
INFO: [USF-XSim-97] Finding global include files...
INFO: [USF-XSim-98] Fetching design files from 'sim_1'...
INFO: [USF-XSim-2] XSim::Compile design
INFO: [USF-XSim-61] Executing 'COMPILE and ANALYZE' step in '/home/rhachemi/GitHub/ProjetSystemeInfo/Microcontroleur/microcontroleur.sim/sim_1/behav/xsim'
xvhdl --incr --relax -prj Test_UAL_vhdl.prj
INFO: [VRFC 10-163] Analyzing VHDL file "/home/rhachemi/GitHub/ProjetSystemeInfo/Microcontroleur/microcontroleur.srcs/sources_1/new/Test_UAL.vhd" into library xil_defaultlib
INFO: [VRFC 10-307] analyzing entity Test_UAL
INFO: [USF-XSim-69] 'compile' step finished in '1' seconds
INFO: [USF-XSim-3] XSim::Elaborate design
INFO: [USF-XSim-61] Executing 'ELABORATE' step in '/home/rhachemi/GitHub/ProjetSystemeInfo/Microcontroleur/microcontroleur.sim/sim_1/behav/xsim'
Vivado Simulator 2018.2
Copyright 1986-1999, 2001-2018 Xilinx, Inc. All Rights Reserved.
Running: /usr/local/insa/Xilinx.VIVADO/Vivado/2018.2/bin/unwrapped/lnx64.o/xelab -wto 82d0cde0ff5c46bda809e1035289a6fa --incr --debug typical --relax --mt 8 -L xil_defaultlib -L secureip --snapshot Test_UAL_behav xil_defaultlib.Test_UAL -log elaborate.log 
Using 8 slave threads.
Starting static elaboration
Completed static elaboration
Starting simulation data flow analysis
Completed simulation data flow analysis
Time Resolution for simulation is 1ps
Compiling package std.standard
Compiling package std.textio
Compiling package ieee.std_logic_1164
Compiling package ieee.std_logic_arith
Compiling package ieee.std_logic_unsigned
Compiling package ieee.numeric_std
Compiling package ieee.math_real
Compiling architecture behavioral of entity xil_defaultlib.UAL [ual_default]
Compiling architecture behavioral of entity xil_defaultlib.test_ual
Built simulation snapshot Test_UAL_behav
INFO: [USF-XSim-69] 'elaborate' step finished in '2' seconds
INFO: [USF-XSim-4] XSim::Simulate design
INFO: [USF-XSim-61] Executing 'SIMULATE' step in '/home/rhachemi/GitHub/ProjetSystemeInfo/Microcontroleur/microcontroleur.sim/sim_1/behav/xsim'
INFO: [USF-XSim-98] *** Running xsim
   with args "Test_UAL_behav -key {Behavioral:sim_1:Functional:Test_UAL} -tclbatch {Test_UAL.tcl} -log {simulate.log}"
INFO: [USF-XSim-8] Loading simulator feature
Vivado Simulator 2018.2
Time resolution is 1 ps
source Test_UAL.tcl
# set curr_wave [current_wave_config]
# if { [string length $curr_wave] == 0 } {
#   if { [llength [get_objects]] > 0} {
#     add_wave /
#     set_property needs_save false [current_wave_config]
#   } else {
#      send_msg_id Add_Wave-1 WARNING "No top level signals found. Simulator will start without a wave window. If you want to open a wave window go to 'File->New Waveform Configuration' or type 'create_wave_config' in the TCL console."
#   }
# }
# run 1000ns
INFO: [USF-XSim-96] XSim completed. Design snapshot 'Test_UAL_behav' loaded.
INFO: [USF-XSim-97] XSim simulation ran for 1000ns
launch_simulation: Time (s): cpu = 00:00:05 ; elapsed = 00:00:06 . Memory (MB): peak = 6504.094 ; gain = 16.000 ; free physical = 8954 ; free virtual = 21087
close_sim
INFO: [Simtcl 6-16] Simulation closed
launch_simulation
INFO: [Vivado 12-5682] Launching behavioral simulation in '/home/rhachemi/GitHub/ProjetSystemeInfo/Microcontroleur/microcontroleur.sim/sim_1/behav/xsim'
INFO: [SIM-utils-51] Simulation object is 'sim_1'
INFO: [SIM-utils-54] Inspecting design source files for 'Test_UAL' in fileset 'sim_1'...
INFO: [USF-XSim-97] Finding global include files...
INFO: [USF-XSim-98] Fetching design files from 'sim_1'...
INFO: [USF-XSim-2] XSim::Compile design
INFO: [USF-XSim-61] Executing 'COMPILE and ANALYZE' step in '/home/rhachemi/GitHub/ProjetSystemeInfo/Microcontroleur/microcontroleur.sim/sim_1/behav/xsim'
xvhdl --incr --relax -prj Test_UAL_vhdl.prj
INFO: [VRFC 10-163] Analyzing VHDL file "/home/rhachemi/GitHub/ProjetSystemeInfo/Microcontroleur/microcontroleur.srcs/sources_1/new/Test_UAL.vhd" into library xil_defaultlib
INFO: [VRFC 10-307] analyzing entity Test_UAL
INFO: [USF-XSim-69] 'compile' step finished in '1' seconds
INFO: [USF-XSim-3] XSim::Elaborate design
INFO: [USF-XSim-61] Executing 'ELABORATE' step in '/home/rhachemi/GitHub/ProjetSystemeInfo/Microcontroleur/microcontroleur.sim/sim_1/behav/xsim'
Vivado Simulator 2018.2
Copyright 1986-1999, 2001-2018 Xilinx, Inc. All Rights Reserved.
Running: /usr/local/insa/Xilinx.VIVADO/Vivado/2018.2/bin/unwrapped/lnx64.o/xelab -wto 82d0cde0ff5c46bda809e1035289a6fa --incr --debug typical --relax --mt 8 -L xil_defaultlib -L secureip --snapshot Test_UAL_behav xil_defaultlib.Test_UAL -log elaborate.log 
Using 8 slave threads.
Starting static elaboration
Completed static elaboration
Starting simulation data flow analysis
Completed simulation data flow analysis
Time Resolution for simulation is 1ps
Compiling package std.standard
Compiling package std.textio
Compiling package ieee.std_logic_1164
Compiling package ieee.std_logic_arith
Compiling package ieee.std_logic_unsigned
Compiling package ieee.numeric_std
Compiling package ieee.math_real
Compiling architecture behavioral of entity xil_defaultlib.UAL [ual_default]
Compiling architecture behavioral of entity xil_defaultlib.test_ual
Built simulation snapshot Test_UAL_behav
INFO: [USF-XSim-69] 'elaborate' step finished in '1' seconds
INFO: [USF-XSim-4] XSim::Simulate design
INFO: [USF-XSim-61] Executing 'SIMULATE' step in '/home/rhachemi/GitHub/ProjetSystemeInfo/Microcontroleur/microcontroleur.sim/sim_1/behav/xsim'
INFO: [USF-XSim-98] *** Running xsim
   with args "Test_UAL_behav -key {Behavioral:sim_1:Functional:Test_UAL} -tclbatch {Test_UAL.tcl} -log {simulate.log}"
INFO: [USF-XSim-8] Loading simulator feature
Vivado Simulator 2018.2
Time resolution is 1 ps
source Test_UAL.tcl
# set curr_wave [current_wave_config]
# if { [string length $curr_wave] == 0 } {
#   if { [llength [get_objects]] > 0} {
#     add_wave /
#     set_property needs_save false [current_wave_config]
#   } else {
#      send_msg_id Add_Wave-1 WARNING "No top level signals found. Simulator will start without a wave window. If you want to open a wave window go to 'File->New Waveform Configuration' or type 'create_wave_config' in the TCL console."
#   }
# }
# run 1000ns
INFO: [USF-XSim-96] XSim completed. Design snapshot 'Test_UAL_behav' loaded.
INFO: [USF-XSim-97] XSim simulation ran for 1000ns
close [ open /home/rhachemi/GitHub/ProjetSystemeInfo/Microcontroleur/microcontroleur.srcs/sources_1/new/BR.vhd w ]
add_files /home/rhachemi/GitHub/ProjetSystemeInfo/Microcontroleur/microcontroleur.srcs/sources_1/new/BR.vhd
update_compile_order -fileset sources_1
set_property is_enabled false [get_files  /home/rhachemi/GitHub/ProjetSystemeInfo/Microcontroleur/microcontroleur.srcs/sources_1/new/BR.vhd]
set_property is_enabled true [get_files  /home/rhachemi/GitHub/ProjetSystemeInfo/Microcontroleur/microcontroleur.srcs/sources_1/new/BR.vhd]
update_compile_order -fileset sources_1
close_sim
INFO: [Simtcl 6-16] Simulation closed
exit
INFO: [Common 17-206] Exiting Vivado at Thu Apr 21 12:17:16 2022...
