#-----------------------------------------------------------
# Vivado v2018.2 (64-bit)
# SW Build 2258646 on Thu Jun 14 20:02:38 MDT 2018
# IP Build 2256618 on Thu Jun 14 22:10:49 MDT 2018
# Start of session at: Thu May 19 10:42:10 2022
# Process ID: 72058
# Current directory: /home/rhachemi/GitHub/ProjetSystemeInfo/Microcontroleur
# Command line: vivado
# Log file: /home/rhachemi/GitHub/ProjetSystemeInfo/Microcontroleur/vivado.log
# Journal file: /home/rhachemi/GitHub/ProjetSystemeInfo/Microcontroleur/vivado.jou
#-----------------------------------------------------------
start_gui
open_project /home/rhachemi/GitHub/ProjetSystemeInfo/Microcontroleur/microcontroleur.xpr
Scanning sources...
Finished scanning sources
INFO: [IP_Flow 19-234] Refreshing IP repositories
INFO: [IP_Flow 19-1704] No user IP repositories specified
INFO: [IP_Flow 19-2313] Loaded Vivado IP repository '/usr/local/insa/Xilinx.VIVADO/Vivado/2018.2/data/ip'.
open_project: Time (s): cpu = 00:00:23 ; elapsed = 00:00:10 . Memory (MB): peak = 6338.230 ; gain = 135.484 ; free physical = 115506 ; free virtual = 131464
update_compile_order -fileset sources_1
reset_run synth_1
launch_runs synth_1 -jobs 12
CRITICAL WARNING: [HDL 9-806] Syntax error near ".". [/home/rhachemi/GitHub/ProjetSystemeInfo/Microcontroleur/microcontroleur.srcs/sources_1/new/BMI.vhd:48]
CRITICAL WARNING: [HDL 9-806] Syntax error near ")". [/home/rhachemi/GitHub/ProjetSystemeInfo/Microcontroleur/microcontroleur.srcs/sources_1/new/CheminDeDonnees.vhd:46]
CRITICAL WARNING: [HDL 9-806] Syntax error near "port". [/home/rhachemi/GitHub/ProjetSystemeInfo/Microcontroleur/microcontroleur.srcs/sources_1/new/CheminDeDonnees.vhd:48]
CRITICAL WARNING: [HDL 9-806] Syntax error near ";". [/home/rhachemi/GitHub/ProjetSystemeInfo/Microcontroleur/microcontroleur.srcs/sources_1/new/CheminDeDonnees.vhd:52]
[Thu May 19 10:44:14 2022] Launched synth_1...
Run output will be captured here: /home/rhachemi/GitHub/ProjetSystemeInfo/Microcontroleur/microcontroleur.runs/synth_1/runme.log
update_compile_order -fileset sources_1
reset_run synth_1
launch_runs synth_1 -jobs 12
CRITICAL WARNING: [HDL 9-806] Syntax error near ".". [/home/rhachemi/GitHub/ProjetSystemeInfo/Microcontroleur/microcontroleur.srcs/sources_1/new/BMI.vhd:48]
[Thu May 19 10:44:50 2022] Launched synth_1...
Run output will be captured here: /home/rhachemi/GitHub/ProjetSystemeInfo/Microcontroleur/microcontroleur.runs/synth_1/runme.log
file mkdir /home/rhachemi/GitHub/ProjetSystemeInfo/Microcontroleur/microcontroleur.srcs/sim_1/new
set_property SOURCE_SET sources_1 [get_filesets sim_1]
close [ open /home/rhachemi/GitHub/ProjetSystemeInfo/Microcontroleur/microcontroleur.srcs/sim_1/new/Test_BR.vhd w ]
add_files -fileset sim_1 /home/rhachemi/GitHub/ProjetSystemeInfo/Microcontroleur/microcontroleur.srcs/sim_1/new/Test_BR.vhd
update_compile_order -fileset sim_1
update_compile_order -fileset sources_1
update_compile_order -fileset sources_1
reset_run synth_1
launch_runs synth_1 -jobs 12
CRITICAL WARNING: [HDL 9-806] Syntax error near ".". [/home/rhachemi/GitHub/ProjetSystemeInfo/Microcontroleur/microcontroleur.srcs/sources_1/new/BMI.vhd:48]
CRITICAL WARNING: [HDL 9-806] Syntax error near ";". [/home/rhachemi/GitHub/ProjetSystemeInfo/Microcontroleur/microcontroleur.srcs/sources_1/new/CheminDeDonnees.vhd:106]
CRITICAL WARNING: [HDL 9-806] Syntax error near "then". [/home/rhachemi/GitHub/ProjetSystemeInfo/Microcontroleur/microcontroleur.srcs/sources_1/new/CheminDeDonnees.vhd:111]
[Thu May 19 10:53:01 2022] Launched synth_1...
Run output will be captured here: /home/rhachemi/GitHub/ProjetSystemeInfo/Microcontroleur/microcontroleur.runs/synth_1/runme.log
reset_run synth_1
WARNING: [Vivado 12-1017] Problems encountered:
1. Failed to delete one or more files in run directory /home/rhachemi/GitHub/ProjetSystemeInfo/Microcontroleur/microcontroleur.runs/synth_1

update_compile_order -fileset sources_1
