#-----------------------------------------------------------
# Vivado v2018.2 (64-bit)
# SW Build 2258646 on Thu Jun 14 20:02:38 MDT 2018
# IP Build 2256618 on Thu Jun 14 22:10:49 MDT 2018
# Start of session at: Mon May  9 09:33:26 2022
# Process ID: 3821
# Current directory: /home/rhachemi/GitHub/ProjetSystemeInfo/Microcontroleur
# Command line: vivado
# Log file: /home/rhachemi/GitHub/ProjetSystemeInfo/Microcontroleur/vivado.log
# Journal file: /home/rhachemi/GitHub/ProjetSystemeInfo/Microcontroleur/vivado.jou
#-----------------------------------------------------------
start_gui
open_project /home/rhachemi/GitHub/ProjetSystemeInfo/Microcontroleur/microcontroleur.xpr
Scanning sources...
Finished scanning sources
INFO: [IP_Flow 19-234] Refreshing IP repositories
INFO: [IP_Flow 19-1704] No user IP repositories specified
INFO: [IP_Flow 19-2313] Loaded Vivado IP repository '/usr/local/insa/Xilinx.VIVADO/Vivado/2018.2/data/ip'.
open_project: Time (s): cpu = 00:00:09 ; elapsed = 00:00:06 . Memory (MB): peak = 6197.633 ; gain = 129.809 ; free physical = 11688 ; free virtual = 22787
update_compile_order -fileset sources_1
close [ open /home/rhachemi/GitHub/ProjetSystemeInfo/Microcontroleur/microcontroleur.srcs/sources_1/new/MUX.vhd w ]
add_files /home/rhachemi/GitHub/ProjetSystemeInfo/Microcontroleur/microcontroleur.srcs/sources_1/new/MUX.vhd
update_compile_order -fileset sources_1
close [ open /home/rhachemi/GitHub/ProjetSystemeInfo/Microcontroleur/microcontroleur.srcs/sources_1/new/LC.vhd w ]
add_files /home/rhachemi/GitHub/ProjetSystemeInfo/Microcontroleur/microcontroleur.srcs/sources_1/new/LC.vhd
update_compile_order -fileset sources_1
close [ open /home/rhachemi/GitHub/ProjetSystemeInfo/Microcontroleur/microcontroleur.srcs/sources_1/new/MB.vhd w ]
add_files /home/rhachemi/GitHub/ProjetSystemeInfo/Microcontroleur/microcontroleur.srcs/sources_1/new/MB.vhd
update_compile_order -fileset sources_1
close [ open /home/rhachemi/GitHub/ProjetSystemeInfo/Microcontroleur/microcontroleur.srcs/sources_1/new/CheminDeDonnees.vhd w ]
add_files /home/rhachemi/GitHub/ProjetSystemeInfo/Microcontroleur/microcontroleur.srcs/sources_1/new/CheminDeDonnees.vhd
update_compile_order -fileset sources_1
close [ open /home/rhachemi/GitHub/ProjetSystemeInfo/Microcontroleur/microcontroleur.srcs/sources_1/new/BMI.v w ]
add_files /home/rhachemi/GitHub/ProjetSystemeInfo/Microcontroleur/microcontroleur.srcs/sources_1/new/BMI.v
update_compile_order -fileset sources_1
export_ip_user_files -of_objects  [get_files /home/rhachemi/GitHub/ProjetSystemeInfo/Microcontroleur/microcontroleur.srcs/sources_1/new/MUX.vhd] -no_script -reset -force -quiet
remove_files  /home/rhachemi/GitHub/ProjetSystemeInfo/Microcontroleur/microcontroleur.srcs/sources_1/new/MUX.vhd
remove_files  /home/rhachemi/GitHub/ProjetSystemeInfo/Microcontroleur/microcontroleur.srcs/sources_1/new/MUX.vhd
WARNING: [Vivado 12-818] No files matched '/home/rhachemi/GitHub/ProjetSystemeInfo/Microcontroleur/microcontroleur.srcs/sources_1/new/MUX.vhd'
export_ip_user_files -of_objects  [get_files /home/rhachemi/GitHub/ProjetSystemeInfo/Microcontroleur/microcontroleur.srcs/sources_1/new/BMI.v] -no_script -reset -force -quiet
remove_files  /home/rhachemi/GitHub/ProjetSystemeInfo/Microcontroleur/microcontroleur.srcs/sources_1/new/BMI.v
remove_files  /home/rhachemi/GitHub/ProjetSystemeInfo/Microcontroleur/microcontroleur.srcs/sources_1/new/BMI.v
WARNING: [Vivado 12-818] No files matched '/home/rhachemi/GitHub/ProjetSystemeInfo/Microcontroleur/microcontroleur.srcs/sources_1/new/BMI.v'
close [ open /home/rhachemi/GitHub/ProjetSystemeInfo/Microcontroleur/microcontroleur.srcs/sources_1/new/BMI.vhd w ]
add_files /home/rhachemi/GitHub/ProjetSystemeInfo/Microcontroleur/microcontroleur.srcs/sources_1/new/BMI.vhd
update_compile_order -fileset sources_1
export_ip_user_files -of_objects  [get_files /home/rhachemi/GitHub/ProjetSystemeInfo/Microcontroleur/microcontroleur.srcs/sources_1/new/LC.vhd] -no_script -reset -force -quiet
remove_files  /home/rhachemi/GitHub/ProjetSystemeInfo/Microcontroleur/microcontroleur.srcs/sources_1/new/LC.vhd
remove_files  /home/rhachemi/GitHub/ProjetSystemeInfo/Microcontroleur/microcontroleur.srcs/sources_1/new/LC.vhd
WARNING: [Vivado 12-818] No files matched '/home/rhachemi/GitHub/ProjetSystemeInfo/Microcontroleur/microcontroleur.srcs/sources_1/new/LC.vhd'
file delete -force /home/rhachemi/GitHub/ProjetSystemeInfo/Microcontroleur/microcontroleur.srcs/sources_1/new/LC.vhd
exit
INFO: [Common 17-206] Exiting Vivado at Mon May  9 12:12:55 2022...
